[ 2016-07-18T22:05:48+08:00 ] ::1 /github/dhh/index.php/api/userextends/setReveres
ERR: 1064:You have an error in your SQL syntax; check the manual that corresponds to your MySQL server version for the right syntax to use near 'WHERE ( `user_id` = 1 )' at line 1
 [ SQL语句 ] : UPDATE `dhh_users` SET  WHERE ( `user_id` = 1 )

[ 2016-07-18T22:22:30+08:00 ] ::1 /github/dhh/index.php/api/adminextends/setPositive
ERR: 无法加载控制器:Adminextends

[ 2016-07-18T22:22:48+08:00 ] ::1 /github/dhh/index.php/api/adminextends/setPositive
ERR: 无法加载控制器:Adminextends

[ 2016-07-18T22:49:42+08:00 ] ::1 /github/dhh/admin.php?s=/Index/index
INFO: [ app_init ] --START--
INFO: Run Common\Behavior\InitHook [ RunTime:0.001081s ]
INFO: [ app_init ] --END-- [ RunTime:0.001149s ]
NOTIC: [8] Use of undefined constant ONETHINK_ADDON_PATH - assumed 'ONETHINK_ADDON_PATH' /Library/WebServer/Documents/github/dhh/Application/Common/Conf/config.php 第 16 行.
INFO: [ app_begin ] --START--
INFO: Run Behavior\ReadHtmlCache [ RunTime:0.000378s ]
INFO: [ app_begin ] --END-- [ RunTime:0.000437s ]
NOTIC: [2] Missing argument 2 for Admin\Service\CommonService::resultReturn(), called in /Library/WebServer/Documents/github/dhh/Application/Admin/Service/AdminService.class.php on line 166 and defined /Library/WebServer/Documents/github/dhh/Application/Admin/Service/CommonService.class.php 第 61 行.
NOTIC: [8] Undefined variable: data /Library/WebServer/Documents/github/dhh/Application/Admin/Service/CommonService.class.php 第 63 行.
NOTIC: [8] Undefined index: _ACCESS_LIST /Library/WebServer/Documents/github/dhh/Application/Admin/Controller/CommonController.class.php 第 194 行.
SQL: select node.id,node.name from dhh_role as role,dhh_role_admin as user,dhh_access as access ,dhh_node as node where user.user_id='1' and user.role_id=role.id and ( access.role_id=role.id  or (access.role_id=role.pid and role.pid!=0 ) ) and role.status=1 and access.node_id=node.id and node.level=1 and node.status=1 [ RunTime:0.000569s ]
NOTIC: [2048] Only variables should be passed by reference /Library/WebServer/Documents/github/dhh/Application/Admin/Controller/CommonController.class.php 第 266 行.
NOTIC: [2048] Only variables should be passed by reference /Library/WebServer/Documents/github/dhh/Application/Admin/Controller/CommonController.class.php 第 266 行.
NOTIC: [2048] Only variables should be passed by reference /Library/WebServer/Documents/github/dhh/Application/Admin/Controller/CommonController.class.php 第 266 行.
INFO: [ view_parse ] --START--
INFO: [ template_filter ] --START--
INFO: Run Behavior\ContentReplace [ RunTime:0.000126s ]
INFO: [ template_filter ] --END-- [ RunTime:0.000204s ]
INFO: Run Behavior\ParseTemplate [ RunTime:0.013169s ]
INFO: [ view_parse ] --END-- [ RunTime:0.013251s ]
INFO: [ view_filter ] --START--
INFO: Run Behavior\WriteHtmlCache [ RunTime:0.000438s ]
INFO: [ view_filter ] --END-- [ RunTime:0.000475s ]
INFO: [ app_end ] --START--
INFO: Run Behavior\ShowPageTrace [ RunTime:0.000650s ]
INFO: [ app_end ] --END-- [ RunTime:0.000723s ]

[ 2016-07-18T22:49:42+08:00 ] ::1 /github/dhh/admin.php?s=/Index/webcome
INFO: [ app_init ] --START--
INFO: Run Common\Behavior\InitHook [ RunTime:0.001922s ]
INFO: [ app_init ] --END-- [ RunTime:0.002000s ]
NOTIC: [8] Use of undefined constant ONETHINK_ADDON_PATH - assumed 'ONETHINK_ADDON_PATH' /Library/WebServer/Documents/github/dhh/Application/Common/Conf/config.php 第 16 行.
INFO: [ app_begin ] --START--
INFO: Run Behavior\ReadHtmlCache [ RunTime:0.000483s ]
INFO: [ app_begin ] --END-- [ RunTime:0.000575s ]
NOTIC: [2] Missing argument 2 for Admin\Service\CommonService::resultReturn(), called in /Library/WebServer/Documents/github/dhh/Application/Admin/Service/AdminService.class.php on line 166 and defined /Library/WebServer/Documents/github/dhh/Application/Admin/Service/CommonService.class.php 第 61 行.
NOTIC: [8] Undefined variable: data /Library/WebServer/Documents/github/dhh/Application/Admin/Service/CommonService.class.php 第 63 行.
INFO: [ view_parse ] --START--
NOTIC: [2] file_get_contents(./Application/Admin/View/Common/header.html): failed to open stream: No such file or directory /Library/WebServer/Documents/github/dhh/ThinkPHP/Library/Think/Template.class.php 第 696 行.
NOTIC: [2] file_get_contents(./Application/Admin/View/Common/left.html): failed to open stream: No such file or directory /Library/WebServer/Documents/github/dhh/ThinkPHP/Library/Think/Template.class.php 第 696 行.
NOTIC: [2] file_get_contents(./Application/Admin/View/Common/footer.html): failed to open stream: No such file or directory /Library/WebServer/Documents/github/dhh/ThinkPHP/Library/Think/Template.class.php 第 696 行.
INFO: [ template_filter ] --START--
INFO: Run Behavior\ContentReplace [ RunTime:0.000061s ]
INFO: [ template_filter ] --END-- [ RunTime:0.000132s ]
INFO: Run Behavior\ParseTemplate [ RunTime:0.023890s ]
INFO: [ view_parse ] --END-- [ RunTime:0.023965s ]
INFO: [ view_filter ] --START--
INFO: Run Behavior\WriteHtmlCache [ RunTime:0.000173s ]
INFO: [ view_filter ] --END-- [ RunTime:0.000218s ]
INFO: [ app_end ] --START--
INFO: Run Behavior\ShowPageTrace [ RunTime:0.000626s ]
INFO: [ app_end ] --END-- [ RunTime:0.000711s ]

[ 2016-07-18T22:49:42+08:00 ] ::1 /github/dhh/admin.php?s=/Index/webcome
INFO: [ app_init ] --START--
INFO: Run Common\Behavior\InitHook [ RunTime:0.001948s ]
INFO: [ app_init ] --END-- [ RunTime:0.002028s ]
NOTIC: [8] Use of undefined constant ONETHINK_ADDON_PATH - assumed 'ONETHINK_ADDON_PATH' /Library/WebServer/Documents/github/dhh/Application/Common/Conf/config.php 第 16 行.
INFO: [ app_begin ] --START--
INFO: Run Behavior\ReadHtmlCache [ RunTime:0.000251s ]
INFO: [ app_begin ] --END-- [ RunTime:0.000297s ]
NOTIC: [2] Missing argument 2 for Admin\Service\CommonService::resultReturn(), called in /Library/WebServer/Documents/github/dhh/Application/Admin/Service/AdminService.class.php on line 166 and defined /Library/WebServer/Documents/github/dhh/Application/Admin/Service/CommonService.class.php 第 61 行.
NOTIC: [8] Undefined variable: data /Library/WebServer/Documents/github/dhh/Application/Admin/Service/CommonService.class.php 第 63 行.
INFO: [ view_parse ] --START--
NOTIC: [2] file_get_contents(./Application/Admin/View/Common/header.html): failed to open stream: No such file or directory /Library/WebServer/Documents/github/dhh/ThinkPHP/Library/Think/Template.class.php 第 696 行.
NOTIC: [2] file_get_contents(./Application/Admin/View/Common/left.html): failed to open stream: No such file or directory /Library/WebServer/Documents/github/dhh/ThinkPHP/Library/Think/Template.class.php 第 696 行.
NOTIC: [2] file_get_contents(./Application/Admin/View/Common/footer.html): failed to open stream: No such file or directory /Library/WebServer/Documents/github/dhh/ThinkPHP/Library/Think/Template.class.php 第 696 行.
INFO: [ template_filter ] --START--
INFO: Run Behavior\ContentReplace [ RunTime:0.000042s ]
INFO: [ template_filter ] --END-- [ RunTime:0.000089s ]
INFO: Run Behavior\ParseTemplate [ RunTime:0.006136s ]
INFO: [ view_parse ] --END-- [ RunTime:0.006190s ]
INFO: [ view_filter ] --START--
INFO: Run Behavior\WriteHtmlCache [ RunTime:0.000081s ]
INFO: [ view_filter ] --END-- [ RunTime:0.000105s ]
INFO: [ app_end ] --START--
INFO: Run Behavior\ShowPageTrace [ RunTime:0.000239s ]
INFO: [ app_end ] --END-- [ RunTime:0.000265s ]

[ 2016-07-18T22:49:42+08:00 ] ::1 /github/dhh/admin.php?s=/Index/webcome
INFO: [ app_init ] --START--
INFO: Run Common\Behavior\InitHook [ RunTime:0.001219s ]
INFO: [ app_init ] --END-- [ RunTime:0.001295s ]
NOTIC: [8] Use of undefined constant ONETHINK_ADDON_PATH - assumed 'ONETHINK_ADDON_PATH' /Library/WebServer/Documents/github/dhh/Application/Common/Conf/config.php 第 16 行.
INFO: [ app_begin ] --START--
INFO: Run Behavior\ReadHtmlCache [ RunTime:0.000510s ]
INFO: [ app_begin ] --END-- [ RunTime:0.000593s ]
NOTIC: [2] Missing argument 2 for Admin\Service\CommonService::resultReturn(), called in /Library/WebServer/Documents/github/dhh/Application/Admin/Service/AdminService.class.php on line 166 and defined /Library/WebServer/Documents/github/dhh/Application/Admin/Service/CommonService.class.php 第 61 行.
NOTIC: [8] Undefined variable: data /Library/WebServer/Documents/github/dhh/Application/Admin/Service/CommonService.class.php 第 63 行.
INFO: [ view_parse ] --START--
NOTIC: [2] file_get_contents(./Application/Admin/View/Common/header.html): failed to open stream: No such file or directory /Library/WebServer/Documents/github/dhh/ThinkPHP/Library/Think/Template.class.php 第 696 行.
NOTIC: [2] file_get_contents(./Application/Admin/View/Common/left.html): failed to open stream: No such file or directory /Library/WebServer/Documents/github/dhh/ThinkPHP/Library/Think/Template.class.php 第 696 行.
NOTIC: [2] file_get_contents(./Application/Admin/View/Common/footer.html): failed to open stream: No such file or directory /Library/WebServer/Documents/github/dhh/ThinkPHP/Library/Think/Template.class.php 第 696 行.
INFO: [ template_filter ] --START--
INFO: Run Behavior\ContentReplace [ RunTime:0.000042s ]
INFO: [ template_filter ] --END-- [ RunTime:0.000093s ]
INFO: Run Behavior\ParseTemplate [ RunTime:0.007058s ]
INFO: [ view_parse ] --END-- [ RunTime:0.007121s ]
INFO: [ view_filter ] --START--
INFO: Run Behavior\WriteHtmlCache [ RunTime:0.000232s ]
INFO: [ view_filter ] --END-- [ RunTime:0.000274s ]
INFO: [ app_end ] --START--
INFO: Run Behavior\ShowPageTrace [ RunTime:0.000288s ]
INFO: [ app_end ] --END-- [ RunTime:0.000323s ]

[ 2016-07-18T22:49:42+08:00 ] ::1 /github/dhh/admin.php?s=/Index/ajaxMenu
INFO: [ app_init ] --START--
INFO: Run Common\Behavior\InitHook [ RunTime:0.001059s ]
INFO: [ app_init ] --END-- [ RunTime:0.001127s ]
NOTIC: [8] Use of undefined constant ONETHINK_ADDON_PATH - assumed 'ONETHINK_ADDON_PATH' /Library/WebServer/Documents/github/dhh/Application/Common/Conf/config.php 第 16 行.
INFO: [ app_begin ] --START--
INFO: Run Behavior\ReadHtmlCache [ RunTime:0.000262s ]
INFO: [ app_begin ] --END-- [ RunTime:0.000318s ]
NOTIC: [2] Missing argument 2 for Admin\Service\CommonService::resultReturn(), called in /Library/WebServer/Documents/github/dhh/Application/Admin/Service/AdminService.class.php on line 166 and defined /Library/WebServer/Documents/github/dhh/Application/Admin/Service/CommonService.class.php 第 61 行.
NOTIC: [8] Undefined variable: data /Library/WebServer/Documents/github/dhh/Application/Admin/Service/CommonService.class.php 第 63 行.
NOTIC: [8] Undefined index: _ACCESS_LIST /Library/WebServer/Documents/github/dhh/Application/Admin/Controller/IndexController.class.php 第 172 行.
SQL: select node.id,node.name from dhh_role as role,dhh_role_admin as user,dhh_access as access ,dhh_node as node where user.user_id='1' and user.role_id=role.id and ( access.role_id=role.id  or (access.role_id=role.pid and role.pid!=0 ) ) and role.status=1 and access.node_id=node.id and node.level=1 and node.status=1 [ RunTime:0.000624s ]
NOTIC: [2048] Only variables should be passed by reference /Library/WebServer/Documents/github/dhh/Application/Admin/Controller/IndexController.class.php 第 241 行.
NOTIC: [2048] Only variables should be passed by reference /Library/WebServer/Documents/github/dhh/Application/Admin/Controller/IndexController.class.php 第 241 行.
NOTIC: [2048] Only variables should be passed by reference /Library/WebServer/Documents/github/dhh/Application/Admin/Controller/IndexController.class.php 第 241 行.
NOTIC: [2048] Only variables should be passed by reference /Library/WebServer/Documents/github/dhh/Application/Admin/Controller/IndexController.class.php 第 241 行.
NOTIC: [2048] Only variables should be passed by reference /Library/WebServer/Documents/github/dhh/Application/Admin/Controller/IndexController.class.php 第 241 行.
NOTIC: [2048] Only variables should be passed by reference /Library/WebServer/Documents/github/dhh/Application/Admin/Controller/IndexController.class.php 第 241 行.
NOTIC: [2048] Only variables should be passed by reference /Library/WebServer/Documents/github/dhh/Application/Admin/Controller/IndexController.class.php 第 241 行.
NOTIC: [2048] Only variables should be passed by reference /Library/WebServer/Documents/github/dhh/Application/Admin/Controller/IndexController.class.php 第 241 行.
NOTIC: [2048] Only variables should be passed by reference /Library/WebServer/Documents/github/dhh/Application/Admin/Controller/IndexController.class.php 第 241 行.
NOTIC: [2048] Only variables should be passed by reference /Library/WebServer/Documents/github/dhh/Application/Admin/Controller/IndexController.class.php 第 241 行.
NOTIC: [2048] Only variables should be passed by reference /Library/WebServer/Documents/github/dhh/Application/Admin/Controller/IndexController.class.php 第 241 行.
NOTIC: [2048] Only variables should be passed by reference /Library/WebServer/Documents/github/dhh/Application/Admin/Controller/IndexController.class.php 第 241 行.
NOTIC: [2048] Only variables should be passed by reference /Library/WebServer/Documents/github/dhh/Application/Admin/Controller/IndexController.class.php 第 241 行.
NOTIC: [2048] Only variables should be passed by reference /Library/WebServer/Documents/github/dhh/Application/Admin/Controller/IndexController.class.php 第 241 行.
NOTIC: [2] Missing argument 3 for Admin\Controller\CommonController::resultReturn(), called in /Library/WebServer/Documents/github/dhh/Application/Admin/Controller/IndexController.class.php on line 159 and defined /Library/WebServer/Documents/github/dhh/Application/Admin/Controller/CommonController.class.php 第 342 行.

[ 2016-07-18T22:49:49+08:00 ] ::1 /github/dhh/admin.php?s=/Index/index
INFO: [ app_init ] --START--
INFO: Run Common\Behavior\InitHook [ RunTime:0.000972s ]
INFO: [ app_init ] --END-- [ RunTime:0.001013s ]
NOTIC: [8] Use of undefined constant ONETHINK_ADDON_PATH - assumed 'ONETHINK_ADDON_PATH' /Library/WebServer/Documents/github/dhh/Application/Common/Conf/config.php 第 16 行.
INFO: [ app_begin ] --START--
INFO: Run Behavior\ReadHtmlCache [ RunTime:0.000227s ]
INFO: [ app_begin ] --END-- [ RunTime:0.000260s ]
NOTIC: [2] Missing argument 2 for Admin\Service\CommonService::resultReturn(), called in /Library/WebServer/Documents/github/dhh/Application/Admin/Service/AdminService.class.php on line 166 and defined /Library/WebServer/Documents/github/dhh/Application/Admin/Service/CommonService.class.php 第 61 行.
NOTIC: [8] Undefined variable: data /Library/WebServer/Documents/github/dhh/Application/Admin/Service/CommonService.class.php 第 63 行.
NOTIC: [8] Undefined index: _ACCESS_LIST /Library/WebServer/Documents/github/dhh/Application/Admin/Controller/CommonController.class.php 第 194 行.
SQL: select node.id,node.name from dhh_role as role,dhh_role_admin as user,dhh_access as access ,dhh_node as node where user.user_id='1' and user.role_id=role.id and ( access.role_id=role.id  or (access.role_id=role.pid and role.pid!=0 ) ) and role.status=1 and access.node_id=node.id and node.level=1 and node.status=1 [ RunTime:0.000583s ]
NOTIC: [2048] Only variables should be passed by reference /Library/WebServer/Documents/github/dhh/Application/Admin/Controller/CommonController.class.php 第 266 行.
NOTIC: [2048] Only variables should be passed by reference /Library/WebServer/Documents/github/dhh/Application/Admin/Controller/CommonController.class.php 第 266 行.
NOTIC: [2048] Only variables should be passed by reference /Library/WebServer/Documents/github/dhh/Application/Admin/Controller/CommonController.class.php 第 266 行.
INFO: [ view_parse ] --START--
INFO: [ template_filter ] --START--
INFO: Run Behavior\ContentReplace [ RunTime:0.000091s ]
INFO: [ template_filter ] --END-- [ RunTime:0.000132s ]
INFO: Run Behavior\ParseTemplate [ RunTime:0.005641s ]
INFO: [ view_parse ] --END-- [ RunTime:0.005674s ]
INFO: [ view_filter ] --START--
INFO: Run Behavior\WriteHtmlCache [ RunTime:0.000088s ]
INFO: [ view_filter ] --END-- [ RunTime:0.000114s ]
INFO: [ app_end ] --START--
INFO: Run Behavior\ShowPageTrace [ RunTime:0.000350s ]
INFO: [ app_end ] --END-- [ RunTime:0.000393s ]

[ 2016-07-18T22:49:49+08:00 ] ::1 /github/dhh/admin.php?s=/Index/webcome
INFO: [ app_init ] --START--
INFO: Run Common\Behavior\InitHook [ RunTime:0.000697s ]
INFO: [ app_init ] --END-- [ RunTime:0.000763s ]
NOTIC: [8] Use of undefined constant ONETHINK_ADDON_PATH - assumed 'ONETHINK_ADDON_PATH' /Library/WebServer/Documents/github/dhh/Application/Common/Conf/config.php 第 16 行.
INFO: [ app_begin ] --START--
INFO: Run Behavior\ReadHtmlCache [ RunTime:0.000230s ]
INFO: [ app_begin ] --END-- [ RunTime:0.000269s ]
NOTIC: [2] Missing argument 2 for Admin\Service\CommonService::resultReturn(), called in /Library/WebServer/Documents/github/dhh/Application/Admin/Service/AdminService.class.php on line 166 and defined /Library/WebServer/Documents/github/dhh/Application/Admin/Service/CommonService.class.php 第 61 行.
NOTIC: [8] Undefined variable: data /Library/WebServer/Documents/github/dhh/Application/Admin/Service/CommonService.class.php 第 63 行.
INFO: [ view_parse ] --START--
NOTIC: [2] file_get_contents(./Application/Admin/View/Common/header.html): failed to open stream: No such file or directory /Library/WebServer/Documents/github/dhh/ThinkPHP/Library/Think/Template.class.php 第 696 行.
NOTIC: [2] file_get_contents(./Application/Admin/View/Common/left.html): failed to open stream: No such file or directory /Library/WebServer/Documents/github/dhh/ThinkPHP/Library/Think/Template.class.php 第 696 行.
NOTIC: [2] file_get_contents(./Application/Admin/View/Common/footer.html): failed to open stream: No such file or directory /Library/WebServer/Documents/github/dhh/ThinkPHP/Library/Think/Template.class.php 第 696 行.
INFO: [ template_filter ] --START--
INFO: Run Behavior\ContentReplace [ RunTime:0.000039s ]
INFO: [ template_filter ] --END-- [ RunTime:0.000079s ]
INFO: Run Behavior\ParseTemplate [ RunTime:0.010360s ]
INFO: [ view_parse ] --END-- [ RunTime:0.010409s ]
INFO: [ view_filter ] --START--
INFO: Run Behavior\WriteHtmlCache [ RunTime:0.000097s ]
INFO: [ view_filter ] --END-- [ RunTime:0.000123s ]
INFO: [ app_end ] --START--
INFO: Run Behavior\ShowPageTrace [ RunTime:0.000264s ]
INFO: [ app_end ] --END-- [ RunTime:0.000293s ]

[ 2016-07-18T22:49:49+08:00 ] ::1 /github/dhh/admin.php?s=/Index/webcome
INFO: [ app_init ] --START--
INFO: Run Common\Behavior\InitHook [ RunTime:0.000702s ]
INFO: [ app_init ] --END-- [ RunTime:0.000748s ]
NOTIC: [8] Use of undefined constant ONETHINK_ADDON_PATH - assumed 'ONETHINK_ADDON_PATH' /Library/WebServer/Documents/github/dhh/Application/Common/Conf/config.php 第 16 行.
INFO: [ app_begin ] --START--
INFO: Run Behavior\ReadHtmlCache [ RunTime:0.000242s ]
INFO: [ app_begin ] --END-- [ RunTime:0.000284s ]
NOTIC: [2] Missing argument 2 for Admin\Service\CommonService::resultReturn(), called in /Library/WebServer/Documents/github/dhh/Application/Admin/Service/AdminService.class.php on line 166 and defined /Library/WebServer/Documents/github/dhh/Application/Admin/Service/CommonService.class.php 第 61 行.
NOTIC: [8] Undefined variable: data /Library/WebServer/Documents/github/dhh/Application/Admin/Service/CommonService.class.php 第 63 行.
INFO: [ view_parse ] --START--
NOTIC: [2] file_get_contents(./Application/Admin/View/Common/header.html): failed to open stream: No such file or directory /Library/WebServer/Documents/github/dhh/ThinkPHP/Library/Think/Template.class.php 第 696 行.
NOTIC: [2] file_get_contents(./Application/Admin/View/Common/left.html): failed to open stream: No such file or directory /Library/WebServer/Documents/github/dhh/ThinkPHP/Library/Think/Template.class.php 第 696 行.
NOTIC: [2] file_get_contents(./Application/Admin/View/Common/footer.html): failed to open stream: No such file or directory /Library/WebServer/Documents/github/dhh/ThinkPHP/Library/Think/Template.class.php 第 696 行.
INFO: [ template_filter ] --START--
INFO: Run Behavior\ContentReplace [ RunTime:0.000042s ]
INFO: [ template_filter ] --END-- [ RunTime:0.000091s ]
INFO: Run Behavior\ParseTemplate [ RunTime:0.005181s ]
INFO: [ view_parse ] --END-- [ RunTime:0.005231s ]
INFO: [ view_filter ] --START--
INFO: Run Behavior\WriteHtmlCache [ RunTime:0.000128s ]
INFO: [ view_filter ] --END-- [ RunTime:0.000159s ]
INFO: [ app_end ] --START--
INFO: Run Behavior\ShowPageTrace [ RunTime:0.000311s ]
INFO: [ app_end ] --END-- [ RunTime:0.000349s ]

[ 2016-07-18T22:49:49+08:00 ] ::1 /github/dhh/admin.php?s=/Index/webcome
INFO: [ app_init ] --START--
INFO: Run Common\Behavior\InitHook [ RunTime:0.001067s ]
INFO: [ app_init ] --END-- [ RunTime:0.001118s ]
NOTIC: [8] Use of undefined constant ONETHINK_ADDON_PATH - assumed 'ONETHINK_ADDON_PATH' /Library/WebServer/Documents/github/dhh/Application/Common/Conf/config.php 第 16 行.
INFO: [ app_begin ] --START--
INFO: Run Behavior\ReadHtmlCache [ RunTime:0.000431s ]
INFO: [ app_begin ] --END-- [ RunTime:0.000505s ]
NOTIC: [2] Missing argument 2 for Admin\Service\CommonService::resultReturn(), called in /Library/WebServer/Documents/github/dhh/Application/Admin/Service/AdminService.class.php on line 166 and defined /Library/WebServer/Documents/github/dhh/Application/Admin/Service/CommonService.class.php 第 61 行.
NOTIC: [8] Undefined variable: data /Library/WebServer/Documents/github/dhh/Application/Admin/Service/CommonService.class.php 第 63 行.
INFO: [ view_parse ] --START--
NOTIC: [2] file_get_contents(./Application/Admin/View/Common/header.html): failed to open stream: No such file or directory /Library/WebServer/Documents/github/dhh/ThinkPHP/Library/Think/Template.class.php 第 696 行.
NOTIC: [2] file_get_contents(./Application/Admin/View/Common/left.html): failed to open stream: No such file or directory /Library/WebServer/Documents/github/dhh/ThinkPHP/Library/Think/Template.class.php 第 696 行.
NOTIC: [2] file_get_contents(./Application/Admin/View/Common/footer.html): failed to open stream: No such file or directory /Library/WebServer/Documents/github/dhh/ThinkPHP/Library/Think/Template.class.php 第 696 行.
INFO: [ template_filter ] --START--
INFO: Run Behavior\ContentReplace [ RunTime:0.000063s ]
INFO: [ template_filter ] --END-- [ RunTime:0.000142s ]
INFO: Run Behavior\ParseTemplate [ RunTime:0.008294s ]
INFO: [ view_parse ] --END-- [ RunTime:0.008356s ]
INFO: [ view_filter ] --START--
INFO: Run Behavior\WriteHtmlCache [ RunTime:0.000180s ]
INFO: [ view_filter ] --END-- [ RunTime:0.000229s ]
INFO: [ app_end ] --START--
INFO: Run Behavior\ShowPageTrace [ RunTime:0.000399s ]
INFO: [ app_end ] --END-- [ RunTime:0.000451s ]

[ 2016-07-18T22:49:49+08:00 ] ::1 /github/dhh/admin.php?s=/Index/ajaxMenu
INFO: [ app_init ] --START--
INFO: Run Common\Behavior\InitHook [ RunTime:0.001464s ]
INFO: [ app_init ] --END-- [ RunTime:0.001538s ]
NOTIC: [8] Use of undefined constant ONETHINK_ADDON_PATH - assumed 'ONETHINK_ADDON_PATH' /Library/WebServer/Documents/github/dhh/Application/Common/Conf/config.php 第 16 行.
INFO: [ app_begin ] --START--
INFO: Run Behavior\ReadHtmlCache [ RunTime:0.000242s ]
INFO: [ app_begin ] --END-- [ RunTime:0.000287s ]
NOTIC: [2] Missing argument 2 for Admin\Service\CommonService::resultReturn(), called in /Library/WebServer/Documents/github/dhh/Application/Admin/Service/AdminService.class.php on line 166 and defined /Library/WebServer/Documents/github/dhh/Application/Admin/Service/CommonService.class.php 第 61 行.
NOTIC: [8] Undefined variable: data /Library/WebServer/Documents/github/dhh/Application/Admin/Service/CommonService.class.php 第 63 行.
NOTIC: [8] Undefined index: _ACCESS_LIST /Library/WebServer/Documents/github/dhh/Application/Admin/Controller/IndexController.class.php 第 172 行.
SQL: select node.id,node.name from dhh_role as role,dhh_role_admin as user,dhh_access as access ,dhh_node as node where user.user_id='1' and user.role_id=role.id and ( access.role_id=role.id  or (access.role_id=role.pid and role.pid!=0 ) ) and role.status=1 and access.node_id=node.id and node.level=1 and node.status=1 [ RunTime:0.001149s ]
NOTIC: [2048] Only variables should be passed by reference /Library/WebServer/Documents/github/dhh/Application/Admin/Controller/IndexController.class.php 第 241 行.
NOTIC: [2048] Only variables should be passed by reference /Library/WebServer/Documents/github/dhh/Application/Admin/Controller/IndexController.class.php 第 241 行.
NOTIC: [2048] Only variables should be passed by reference /Library/WebServer/Documents/github/dhh/Application/Admin/Controller/IndexController.class.php 第 241 行.
NOTIC: [2048] Only variables should be passed by reference /Library/WebServer/Documents/github/dhh/Application/Admin/Controller/IndexController.class.php 第 241 行.
NOTIC: [2048] Only variables should be passed by reference /Library/WebServer/Documents/github/dhh/Application/Admin/Controller/IndexController.class.php 第 241 行.
NOTIC: [2048] Only variables should be passed by reference /Library/WebServer/Documents/github/dhh/Application/Admin/Controller/IndexController.class.php 第 241 行.
NOTIC: [2048] Only variables should be passed by reference /Library/WebServer/Documents/github/dhh/Application/Admin/Controller/IndexController.class.php 第 241 行.
NOTIC: [2048] Only variables should be passed by reference /Library/WebServer/Documents/github/dhh/Application/Admin/Controller/IndexController.class.php 第 241 行.
NOTIC: [2048] Only variables should be passed by reference /Library/WebServer/Documents/github/dhh/Application/Admin/Controller/IndexController.class.php 第 241 行.
NOTIC: [2048] Only variables should be passed by reference /Library/WebServer/Documents/github/dhh/Application/Admin/Controller/IndexController.class.php 第 241 行.
NOTIC: [2048] Only variables should be passed by reference /Library/WebServer/Documents/github/dhh/Application/Admin/Controller/IndexController.class.php 第 241 行.
NOTIC: [2048] Only variables should be passed by reference /Library/WebServer/Documents/github/dhh/Application/Admin/Controller/IndexController.class.php 第 241 行.
NOTIC: [2048] Only variables should be passed by reference /Library/WebServer/Documents/github/dhh/Application/Admin/Controller/IndexController.class.php 第 241 行.
NOTIC: [2048] Only variables should be passed by reference /Library/WebServer/Documents/github/dhh/Application/Admin/Controller/IndexController.class.php 第 241 行.
NOTIC: [2] Missing argument 3 for Admin\Controller\CommonController::resultReturn(), called in /Library/WebServer/Documents/github/dhh/Application/Admin/Controller/IndexController.class.php on line 159 and defined /Library/WebServer/Documents/github/dhh/Application/Admin/Controller/CommonController.class.php 第 342 行.

[ 2016-07-18T22:50:07+08:00 ] ::1 /github/dhh/admin.php?s=/Index/index
INFO: [ app_init ] --START--
INFO: Run Common\Behavior\InitHook [ RunTime:0.000801s ]
INFO: [ app_init ] --END-- [ RunTime:0.000856s ]
NOTIC: [8] Use of undefined constant ONETHINK_ADDON_PATH - assumed 'ONETHINK_ADDON_PATH' /Library/WebServer/Documents/github/dhh/Application/Common/Conf/config.php 第 16 行.
INFO: [ app_begin ] --START--
INFO: Run Behavior\ReadHtmlCache [ RunTime:0.000325s ]
INFO: [ app_begin ] --END-- [ RunTime:0.000374s ]
NOTIC: [2] Missing argument 2 for Admin\Service\CommonService::resultReturn(), called in /Library/WebServer/Documents/github/dhh/Application/Admin/Service/AdminService.class.php on line 166 and defined /Library/WebServer/Documents/github/dhh/Application/Admin/Service/CommonService.class.php 第 61 行.
NOTIC: [8] Undefined variable: data /Library/WebServer/Documents/github/dhh/Application/Admin/Service/CommonService.class.php 第 63 行.
NOTIC: [8] Undefined index: _ACCESS_LIST /Library/WebServer/Documents/github/dhh/Application/Admin/Controller/CommonController.class.php 第 194 行.
SQL: select node.id,node.name from dhh_role as role,dhh_role_admin as user,dhh_access as access ,dhh_node as node where user.user_id='1' and user.role_id=role.id and ( access.role_id=role.id  or (access.role_id=role.pid and role.pid!=0 ) ) and role.status=1 and access.node_id=node.id and node.level=1 and node.status=1 [ RunTime:0.000865s ]
NOTIC: [2048] Only variables should be passed by reference /Library/WebServer/Documents/github/dhh/Application/Admin/Controller/CommonController.class.php 第 266 行.
NOTIC: [2048] Only variables should be passed by reference /Library/WebServer/Documents/github/dhh/Application/Admin/Controller/CommonController.class.php 第 266 行.
NOTIC: [2048] Only variables should be passed by reference /Library/WebServer/Documents/github/dhh/Application/Admin/Controller/CommonController.class.php 第 266 行.
INFO: [ view_parse ] --START--
INFO: [ template_filter ] --START--
INFO: Run Behavior\ContentReplace [ RunTime:0.000097s ]
INFO: [ template_filter ] --END-- [ RunTime:0.000142s ]
INFO: Run Behavior\ParseTemplate [ RunTime:0.006316s ]
INFO: [ view_parse ] --END-- [ RunTime:0.006422s ]
INFO: [ view_filter ] --START--
INFO: Run Behavior\WriteHtmlCache [ RunTime:0.000326s ]
INFO: [ view_filter ] --END-- [ RunTime:0.000385s ]
INFO: [ app_end ] --START--
INFO: Run Behavior\ShowPageTrace [ RunTime:0.000873s ]
INFO: [ app_end ] --END-- [ RunTime:0.001085s ]

[ 2016-07-18T22:50:07+08:00 ] ::1 /github/dhh/admin.php?s=/Index/webcome
INFO: [ app_init ] --START--
INFO: Run Common\Behavior\InitHook [ RunTime:0.001353s ]
INFO: [ app_init ] --END-- [ RunTime:0.001435s ]
NOTIC: [8] Use of undefined constant ONETHINK_ADDON_PATH - assumed 'ONETHINK_ADDON_PATH' /Library/WebServer/Documents/github/dhh/Application/Common/Conf/config.php 第 16 行.
INFO: [ app_begin ] --START--
INFO: Run Behavior\ReadHtmlCache [ RunTime:0.000400s ]
INFO: [ app_begin ] --END-- [ RunTime:0.000468s ]
NOTIC: [2] Missing argument 2 for Admin\Service\CommonService::resultReturn(), called in /Library/WebServer/Documents/github/dhh/Application/Admin/Service/AdminService.class.php on line 166 and defined /Library/WebServer/Documents/github/dhh/Application/Admin/Service/CommonService.class.php 第 61 行.
NOTIC: [8] Undefined variable: data /Library/WebServer/Documents/github/dhh/Application/Admin/Service/CommonService.class.php 第 63 行.
INFO: [ view_parse ] --START--
NOTIC: [2] file_get_contents(./Application/Admin/View/Common/header.html): failed to open stream: No such file or directory /Library/WebServer/Documents/github/dhh/ThinkPHP/Library/Think/Template.class.php 第 696 行.
NOTIC: [2] file_get_contents(./Application/Admin/View/Common/left.html): failed to open stream: No such file or directory /Library/WebServer/Documents/github/dhh/ThinkPHP/Library/Think/Template.class.php 第 696 行.
NOTIC: [2] file_get_contents(./Application/Admin/View/Common/footer.html): failed to open stream: No such file or directory /Library/WebServer/Documents/github/dhh/ThinkPHP/Library/Think/Template.class.php 第 696 行.
INFO: [ template_filter ] --START--
INFO: Run Behavior\ContentReplace [ RunTime:0.000062s ]
INFO: [ template_filter ] --END-- [ RunTime:0.000134s ]
INFO: Run Behavior\ParseTemplate [ RunTime:0.013679s ]
INFO: [ view_parse ] --END-- [ RunTime:0.013752s ]
INFO: [ view_filter ] --START--
INFO: Run Behavior\WriteHtmlCache [ RunTime:0.000168s ]
INFO: [ view_filter ] --END-- [ RunTime:0.000209s ]
INFO: [ app_end ] --START--
INFO: Run Behavior\ShowPageTrace [ RunTime:0.000496s ]
INFO: [ app_end ] --END-- [ RunTime:0.000556s ]

[ 2016-07-18T22:50:07+08:00 ] ::1 /github/dhh/admin.php?s=/Index/webcome
INFO: [ app_init ] --START--
INFO: Run Common\Behavior\InitHook [ RunTime:0.001304s ]
INFO: [ app_init ] --END-- [ RunTime:0.001388s ]
NOTIC: [8] Use of undefined constant ONETHINK_ADDON_PATH - assumed 'ONETHINK_ADDON_PATH' /Library/WebServer/Documents/github/dhh/Application/Common/Conf/config.php 第 16 行.
INFO: [ app_begin ] --START--
INFO: Run Behavior\ReadHtmlCache [ RunTime:0.000387s ]
INFO: [ app_begin ] --END-- [ RunTime:0.000454s ]
NOTIC: [2] Missing argument 2 for Admin\Service\CommonService::resultReturn(), called in /Library/WebServer/Documents/github/dhh/Application/Admin/Service/AdminService.class.php on line 166 and defined /Library/WebServer/Documents/github/dhh/Application/Admin/Service/CommonService.class.php 第 61 行.
NOTIC: [8] Undefined variable: data /Library/WebServer/Documents/github/dhh/Application/Admin/Service/CommonService.class.php 第 63 行.
INFO: [ view_parse ] --START--
NOTIC: [2] file_get_contents(./Application/Admin/View/Common/header.html): failed to open stream: No such file or directory /Library/WebServer/Documents/github/dhh/ThinkPHP/Library/Think/Template.class.php 第 696 行.
NOTIC: [2] file_get_contents(./Application/Admin/View/Common/left.html): failed to open stream: No such file or directory /Library/WebServer/Documents/github/dhh/ThinkPHP/Library/Think/Template.class.php 第 696 行.
NOTIC: [2] file_get_contents(./Application/Admin/View/Common/footer.html): failed to open stream: No such file or directory /Library/WebServer/Documents/github/dhh/ThinkPHP/Library/Think/Template.class.php 第 696 行.
INFO: [ template_filter ] --START--
INFO: Run Behavior\ContentReplace [ RunTime:0.000063s ]
INFO: [ template_filter ] --END-- [ RunTime:0.000139s ]
INFO: Run Behavior\ParseTemplate [ RunTime:0.008855s ]
INFO: [ view_parse ] --END-- [ RunTime:0.008937s ]
INFO: [ view_filter ] --START--
INFO: Run Behavior\WriteHtmlCache [ RunTime:0.000169s ]
INFO: [ view_filter ] --END-- [ RunTime:0.000220s ]
INFO: [ app_end ] --START--
INFO: Run Behavior\ShowPageTrace [ RunTime:0.000650s ]
INFO: [ app_end ] --END-- [ RunTime:0.000723s ]

[ 2016-07-18T22:50:07+08:00 ] ::1 /github/dhh/admin.php?s=/Index/webcome
INFO: [ app_init ] --START--
INFO: Run Common\Behavior\InitHook [ RunTime:0.001296s ]
INFO: [ app_init ] --END-- [ RunTime:0.001460s ]
NOTIC: [8] Use of undefined constant ONETHINK_ADDON_PATH - assumed 'ONETHINK_ADDON_PATH' /Library/WebServer/Documents/github/dhh/Application/Common/Conf/config.php 第 16 行.
INFO: [ app_begin ] --START--
INFO: Run Behavior\ReadHtmlCache [ RunTime:0.000486s ]
INFO: [ app_begin ] --END-- [ RunTime:0.000608s ]
NOTIC: [2] Missing argument 2 for Admin\Service\CommonService::resultReturn(), called in /Library/WebServer/Documents/github/dhh/Application/Admin/Service/AdminService.class.php on line 166 and defined /Library/WebServer/Documents/github/dhh/Application/Admin/Service/CommonService.class.php 第 61 行.
NOTIC: [8] Undefined variable: data /Library/WebServer/Documents/github/dhh/Application/Admin/Service/CommonService.class.php 第 63 行.
INFO: [ view_parse ] --START--
NOTIC: [2] file_get_contents(./Application/Admin/View/Common/header.html): failed to open stream: No such file or directory /Library/WebServer/Documents/github/dhh/ThinkPHP/Library/Think/Template.class.php 第 696 行.
NOTIC: [2] file_get_contents(./Application/Admin/View/Common/left.html): failed to open stream: No such file or directory /Library/WebServer/Documents/github/dhh/ThinkPHP/Library/Think/Template.class.php 第 696 行.
NOTIC: [2] file_get_contents(./Application/Admin/View/Common/footer.html): failed to open stream: No such file or directory /Library/WebServer/Documents/github/dhh/ThinkPHP/Library/Think/Template.class.php 第 696 行.
INFO: [ template_filter ] --START--
INFO: Run Behavior\ContentReplace [ RunTime:0.000056s ]
INFO: [ template_filter ] --END-- [ RunTime:0.000124s ]
INFO: Run Behavior\ParseTemplate [ RunTime:0.007987s ]
INFO: [ view_parse ] --END-- [ RunTime:0.008131s ]
INFO: [ view_filter ] --START--
INFO: Run Behavior\WriteHtmlCache [ RunTime:0.000124s ]
INFO: [ view_filter ] --END-- [ RunTime:0.000165s ]
INFO: [ app_end ] --START--
INFO: Run Behavior\ShowPageTrace [ RunTime:0.000541s ]
INFO: [ app_end ] --END-- [ RunTime:0.000602s ]

[ 2016-07-18T22:50:07+08:00 ] ::1 /github/dhh/admin.php?s=/Index/ajaxMenu
INFO: [ app_init ] --START--
INFO: Run Common\Behavior\InitHook [ RunTime:0.001133s ]
INFO: [ app_init ] --END-- [ RunTime:0.001205s ]
NOTIC: [8] Use of undefined constant ONETHINK_ADDON_PATH - assumed 'ONETHINK_ADDON_PATH' /Library/WebServer/Documents/github/dhh/Application/Common/Conf/config.php 第 16 行.
INFO: [ app_begin ] --START--
INFO: Run Behavior\ReadHtmlCache [ RunTime:0.000229s ]
INFO: [ app_begin ] --END-- [ RunTime:0.000270s ]
NOTIC: [2] Missing argument 2 for Admin\Service\CommonService::resultReturn(), called in /Library/WebServer/Documents/github/dhh/Application/Admin/Service/AdminService.class.php on line 166 and defined /Library/WebServer/Documents/github/dhh/Application/Admin/Service/CommonService.class.php 第 61 行.
NOTIC: [8] Undefined variable: data /Library/WebServer/Documents/github/dhh/Application/Admin/Service/CommonService.class.php 第 63 行.
NOTIC: [8] Undefined index: _ACCESS_LIST /Library/WebServer/Documents/github/dhh/Application/Admin/Controller/IndexController.class.php 第 172 行.
SQL: select node.id,node.name from dhh_role as role,dhh_role_admin as user,dhh_access as access ,dhh_node as node where user.user_id='1' and user.role_id=role.id and ( access.role_id=role.id  or (access.role_id=role.pid and role.pid!=0 ) ) and role.status=1 and access.node_id=node.id and node.level=1 and node.status=1 [ RunTime:0.000605s ]
NOTIC: [2048] Only variables should be passed by reference /Library/WebServer/Documents/github/dhh/Application/Admin/Controller/IndexController.class.php 第 241 行.
NOTIC: [2048] Only variables should be passed by reference /Library/WebServer/Documents/github/dhh/Application/Admin/Controller/IndexController.class.php 第 241 行.
NOTIC: [2048] Only variables should be passed by reference /Library/WebServer/Documents/github/dhh/Application/Admin/Controller/IndexController.class.php 第 241 行.
NOTIC: [2048] Only variables should be passed by reference /Library/WebServer/Documents/github/dhh/Application/Admin/Controller/IndexController.class.php 第 241 行.
NOTIC: [2048] Only variables should be passed by reference /Library/WebServer/Documents/github/dhh/Application/Admin/Controller/IndexController.class.php 第 241 行.
NOTIC: [2048] Only variables should be passed by reference /Library/WebServer/Documents/github/dhh/Application/Admin/Controller/IndexController.class.php 第 241 行.
NOTIC: [2048] Only variables should be passed by reference /Library/WebServer/Documents/github/dhh/Application/Admin/Controller/IndexController.class.php 第 241 行.
NOTIC: [2048] Only variables should be passed by reference /Library/WebServer/Documents/github/dhh/Application/Admin/Controller/IndexController.class.php 第 241 行.
NOTIC: [2048] Only variables should be passed by reference /Library/WebServer/Documents/github/dhh/Application/Admin/Controller/IndexController.class.php 第 241 行.
NOTIC: [2048] Only variables should be passed by reference /Library/WebServer/Documents/github/dhh/Application/Admin/Controller/IndexController.class.php 第 241 行.
NOTIC: [2048] Only variables should be passed by reference /Library/WebServer/Documents/github/dhh/Application/Admin/Controller/IndexController.class.php 第 241 行.
NOTIC: [2048] Only variables should be passed by reference /Library/WebServer/Documents/github/dhh/Application/Admin/Controller/IndexController.class.php 第 241 行.
NOTIC: [2048] Only variables should be passed by reference /Library/WebServer/Documents/github/dhh/Application/Admin/Controller/IndexController.class.php 第 241 行.
NOTIC: [2048] Only variables should be passed by reference /Library/WebServer/Documents/github/dhh/Application/Admin/Controller/IndexController.class.php 第 241 行.
NOTIC: [2] Missing argument 3 for Admin\Controller\CommonController::resultReturn(), called in /Library/WebServer/Documents/github/dhh/Application/Admin/Controller/IndexController.class.php on line 159 and defined /Library/WebServer/Documents/github/dhh/Application/Admin/Controller/CommonController.class.php 第 342 行.

[ 2016-07-18T22:50:32+08:00 ] ::1 /github/dhh/admin.php?s=/users/index
INFO: [ app_init ] --START--
INFO: Run Common\Behavior\InitHook [ RunTime:0.001370s ]
INFO: [ app_init ] --END-- [ RunTime:0.001439s ]
NOTIC: [8] Use of undefined constant ONETHINK_ADDON_PATH - assumed 'ONETHINK_ADDON_PATH' /Library/WebServer/Documents/github/dhh/Application/Common/Conf/config.php 第 16 行.
INFO: [ app_begin ] --START--
INFO: Run Behavior\ReadHtmlCache [ RunTime:0.000453s ]
INFO: [ app_begin ] --END-- [ RunTime:0.000527s ]
NOTIC: [2] Missing argument 2 for Admin\Service\CommonService::resultReturn(), called in /Library/WebServer/Documents/github/dhh/Application/Admin/Service/AdminService.class.php on line 166 and defined /Library/WebServer/Documents/github/dhh/Application/Admin/Service/CommonService.class.php 第 61 行.
NOTIC: [8] Undefined variable: data /Library/WebServer/Documents/github/dhh/Application/Admin/Service/CommonService.class.php 第 63 行.
INFO: [ view_parse ] --START--
INFO: [ template_filter ] --START--
INFO: Run Behavior\ContentReplace [ RunTime:0.000168s ]
INFO: [ template_filter ] --END-- [ RunTime:0.000236s ]
INFO: Run Behavior\ParseTemplate [ RunTime:0.012358s ]
INFO: [ view_parse ] --END-- [ RunTime:0.012420s ]
INFO: [ view_filter ] --START--
INFO: Run Behavior\WriteHtmlCache [ RunTime:0.000123s ]
INFO: [ view_filter ] --END-- [ RunTime:0.000150s ]
INFO: [ app_end ] --START--
INFO: Run Behavior\ShowPageTrace [ RunTime:0.000317s ]
INFO: [ app_end ] --END-- [ RunTime:0.000353s ]

[ 2016-07-18T22:50:32+08:00 ] ::1 /github/dhh/admin.php?s=/Users/index
INFO: [ app_init ] --START--
INFO: Run Common\Behavior\InitHook [ RunTime:0.000924s ]
INFO: [ app_init ] --END-- [ RunTime:0.000982s ]
NOTIC: [8] Use of undefined constant ONETHINK_ADDON_PATH - assumed 'ONETHINK_ADDON_PATH' /Library/WebServer/Documents/github/dhh/Application/Common/Conf/config.php 第 16 行.
INFO: [ app_begin ] --START--
INFO: Run Behavior\ReadHtmlCache [ RunTime:0.000223s ]
INFO: [ app_begin ] --END-- [ RunTime:0.000258s ]
NOTIC: [2] Missing argument 2 for Admin\Service\CommonService::resultReturn(), called in /Library/WebServer/Documents/github/dhh/Application/Admin/Service/AdminService.class.php on line 166 and defined /Library/WebServer/Documents/github/dhh/Application/Admin/Service/CommonService.class.php 第 61 行.
NOTIC: [8] Undefined variable: data /Library/WebServer/Documents/github/dhh/Application/Admin/Service/CommonService.class.php 第 63 行.
NOTIC: [2] Missing argument 2 for Admin\Controller\CommonController::getAjaxList(), called in /Library/WebServer/Documents/github/dhh/Application/Admin/Controller/UsersController.class.php on line 23 and defined /Library/WebServer/Documents/github/dhh/Application/Admin/Controller/CommonController.class.php 第 109 行.
NOTIC: [2] Missing argument 3 for Admin\Controller\CommonController::getAjaxList(), called in /Library/WebServer/Documents/github/dhh/Application/Admin/Controller/UsersController.class.php on line 23 and defined /Library/WebServer/Documents/github/dhh/Application/Admin/Controller/CommonController.class.php 第 109 行.
NOTIC: [2] Missing argument 4 for Admin\Controller\CommonController::getAjaxList(), called in /Library/WebServer/Documents/github/dhh/Application/Admin/Controller/UsersController.class.php on line 23 and defined /Library/WebServer/Documents/github/dhh/Application/Admin/Controller/CommonController.class.php 第 109 行.
NOTIC: [8] Undefined index: filter /Library/WebServer/Documents/github/dhh/Application/Admin/Controller/CommonController.class.php 第 400 行.
NOTIC: [8] Undefined variable: where /Library/WebServer/Documents/github/dhh/Application/Admin/Controller/CommonController.class.php 第 111 行.
SQL: SHOW COLUMNS FROM `dhh_users` [ RunTime:0.002384s ]
SQL: SELECT COUNT(*) AS tp_count FROM `dhh_users` LIMIT 1   [ RunTime:0.004284s ]
NOTIC: [8] Undefined variable: fields /Library/WebServer/Documents/github/dhh/Application/Admin/Controller/CommonController.class.php 第 119 行.
NOTIC: [8] Undefined variable: order /Library/WebServer/Documents/github/dhh/Application/Admin/Controller/CommonController.class.php 第 120 行.
SQL: SELECT * FROM `dhh_users` LIMIT 0,30   [ RunTime:0.001825s ]

[ 2016-07-18T22:50:44+08:00 ] ::1 /github/dhh/admin.php?s=/Index/index
INFO: [ app_init ] --START--
INFO: Run Common\Behavior\InitHook [ RunTime:0.000732s ]
INFO: [ app_init ] --END-- [ RunTime:0.000778s ]
NOTIC: [8] Use of undefined constant ONETHINK_ADDON_PATH - assumed 'ONETHINK_ADDON_PATH' /Library/WebServer/Documents/github/dhh/Application/Common/Conf/config.php 第 16 行.
INFO: [ app_begin ] --START--
INFO: Run Behavior\ReadHtmlCache [ RunTime:0.000225s ]
INFO: [ app_begin ] --END-- [ RunTime:0.000260s ]
NOTIC: [2] Missing argument 2 for Admin\Service\CommonService::resultReturn(), called in /Library/WebServer/Documents/github/dhh/Application/Admin/Service/AdminService.class.php on line 166 and defined /Library/WebServer/Documents/github/dhh/Application/Admin/Service/CommonService.class.php 第 61 行.
NOTIC: [8] Undefined variable: data /Library/WebServer/Documents/github/dhh/Application/Admin/Service/CommonService.class.php 第 63 行.
NOTIC: [8] Undefined index: _ACCESS_LIST /Library/WebServer/Documents/github/dhh/Application/Admin/Controller/CommonController.class.php 第 194 行.
SQL: select node.id,node.name from dhh_role as role,dhh_role_admin as user,dhh_access as access ,dhh_node as node where user.user_id='1' and user.role_id=role.id and ( access.role_id=role.id  or (access.role_id=role.pid and role.pid!=0 ) ) and role.status=1 and access.node_id=node.id and node.level=1 and node.status=1 [ RunTime:0.000770s ]
NOTIC: [2048] Only variables should be passed by reference /Library/WebServer/Documents/github/dhh/Application/Admin/Controller/CommonController.class.php 第 266 行.
NOTIC: [2048] Only variables should be passed by reference /Library/WebServer/Documents/github/dhh/Application/Admin/Controller/CommonController.class.php 第 266 行.
NOTIC: [2048] Only variables should be passed by reference /Library/WebServer/Documents/github/dhh/Application/Admin/Controller/CommonController.class.php 第 266 行.
INFO: [ view_parse ] --START--
INFO: [ template_filter ] --START--
INFO: Run Behavior\ContentReplace [ RunTime:0.000141s ]
INFO: [ template_filter ] --END-- [ RunTime:0.000285s ]
INFO: Run Behavior\ParseTemplate [ RunTime:0.007918s ]
INFO: [ view_parse ] --END-- [ RunTime:0.007970s ]
INFO: [ view_filter ] --START--
INFO: Run Behavior\WriteHtmlCache [ RunTime:0.000095s ]
INFO: [ view_filter ] --END-- [ RunTime:0.000120s ]
INFO: [ app_end ] --START--
INFO: Run Behavior\ShowPageTrace [ RunTime:0.000366s ]
INFO: [ app_end ] --END-- [ RunTime:0.000408s ]

[ 2016-07-18T22:50:44+08:00 ] ::1 /github/dhh/admin.php?s=/Index/webcome
INFO: [ app_init ] --START--
INFO: Run Common\Behavior\InitHook [ RunTime:0.001377s ]
INFO: [ app_init ] --END-- [ RunTime:0.001454s ]
NOTIC: [8] Use of undefined constant ONETHINK_ADDON_PATH - assumed 'ONETHINK_ADDON_PATH' /Library/WebServer/Documents/github/dhh/Application/Common/Conf/config.php 第 16 行.
INFO: [ app_begin ] --START--
INFO: Run Behavior\ReadHtmlCache [ RunTime:0.000416s ]
INFO: [ app_begin ] --END-- [ RunTime:0.000488s ]
NOTIC: [2] Missing argument 2 for Admin\Service\CommonService::resultReturn(), called in /Library/WebServer/Documents/github/dhh/Application/Admin/Service/AdminService.class.php on line 166 and defined /Library/WebServer/Documents/github/dhh/Application/Admin/Service/CommonService.class.php 第 61 行.
NOTIC: [8] Undefined variable: data /Library/WebServer/Documents/github/dhh/Application/Admin/Service/CommonService.class.php 第 63 行.
INFO: [ view_parse ] --START--
NOTIC: [2] file_get_contents(./Application/Admin/View/Common/header.html): failed to open stream: No such file or directory /Library/WebServer/Documents/github/dhh/ThinkPHP/Library/Think/Template.class.php 第 696 行.
NOTIC: [2] file_get_contents(./Application/Admin/View/Common/left.html): failed to open stream: No such file or directory /Library/WebServer/Documents/github/dhh/ThinkPHP/Library/Think/Template.class.php 第 696 行.
NOTIC: [2] file_get_contents(./Application/Admin/View/Common/footer.html): failed to open stream: No such file or directory /Library/WebServer/Documents/github/dhh/ThinkPHP/Library/Think/Template.class.php 第 696 行.
INFO: [ template_filter ] --START--
INFO: Run Behavior\ContentReplace [ RunTime:0.000042s ]
INFO: [ template_filter ] --END-- [ RunTime:0.000088s ]
INFO: Run Behavior\ParseTemplate [ RunTime:0.008081s ]
INFO: [ view_parse ] --END-- [ RunTime:0.008146s ]
INFO: [ view_filter ] --START--
INFO: Run Behavior\WriteHtmlCache [ RunTime:0.000131s ]
INFO: [ view_filter ] --END-- [ RunTime:0.000173s ]
INFO: [ app_end ] --START--
INFO: Run Behavior\ShowPageTrace [ RunTime:0.000487s ]
INFO: [ app_end ] --END-- [ RunTime:0.000544s ]

[ 2016-07-18T22:50:44+08:00 ] ::1 /github/dhh/admin.php?s=/Index/webcome
INFO: [ app_init ] --START--
INFO: Run Common\Behavior\InitHook [ RunTime:0.002070s ]
INFO: [ app_init ] --END-- [ RunTime:0.002275s ]
NOTIC: [8] Use of undefined constant ONETHINK_ADDON_PATH - assumed 'ONETHINK_ADDON_PATH' /Library/WebServer/Documents/github/dhh/Application/Common/Conf/config.php 第 16 行.
INFO: [ app_begin ] --START--
INFO: Run Behavior\ReadHtmlCache [ RunTime:0.000249s ]
INFO: [ app_begin ] --END-- [ RunTime:0.000292s ]
NOTIC: [2] Missing argument 2 for Admin\Service\CommonService::resultReturn(), called in /Library/WebServer/Documents/github/dhh/Application/Admin/Service/AdminService.class.php on line 166 and defined /Library/WebServer/Documents/github/dhh/Application/Admin/Service/CommonService.class.php 第 61 行.
NOTIC: [8] Undefined variable: data /Library/WebServer/Documents/github/dhh/Application/Admin/Service/CommonService.class.php 第 63 行.
INFO: [ view_parse ] --START--
NOTIC: [2] file_get_contents(./Application/Admin/View/Common/header.html): failed to open stream: No such file or directory /Library/WebServer/Documents/github/dhh/ThinkPHP/Library/Think/Template.class.php 第 696 行.
NOTIC: [2] file_get_contents(./Application/Admin/View/Common/left.html): failed to open stream: No such file or directory /Library/WebServer/Documents/github/dhh/ThinkPHP/Library/Think/Template.class.php 第 696 行.
NOTIC: [2] file_get_contents(./Application/Admin/View/Common/footer.html): failed to open stream: No such file or directory /Library/WebServer/Documents/github/dhh/ThinkPHP/Library/Think/Template.class.php 第 696 行.
INFO: [ template_filter ] --START--
INFO: Run Behavior\ContentReplace [ RunTime:0.000040s ]
INFO: [ template_filter ] --END-- [ RunTime:0.000084s ]
INFO: Run Behavior\ParseTemplate [ RunTime:0.004869s ]
INFO: [ view_parse ] --END-- [ RunTime:0.004913s ]
INFO: [ view_filter ] --START--
INFO: Run Behavior\WriteHtmlCache [ RunTime:0.000094s ]
INFO: [ view_filter ] --END-- [ RunTime:0.000119s ]
INFO: [ app_end ] --START--
INFO: Run Behavior\ShowPageTrace [ RunTime:0.000254s ]
INFO: [ app_end ] --END-- [ RunTime:0.000284s ]

[ 2016-07-18T22:50:44+08:00 ] ::1 /github/dhh/admin.php?s=/Index/webcome
INFO: [ app_init ] --START--
INFO: Run Common\Behavior\InitHook [ RunTime:0.001262s ]
INFO: [ app_init ] --END-- [ RunTime:0.001339s ]
NOTIC: [8] Use of undefined constant ONETHINK_ADDON_PATH - assumed 'ONETHINK_ADDON_PATH' /Library/WebServer/Documents/github/dhh/Application/Common/Conf/config.php 第 16 行.
INFO: [ app_begin ] --START--
INFO: Run Behavior\ReadHtmlCache [ RunTime:0.000449s ]
INFO: [ app_begin ] --END-- [ RunTime:0.000530s ]
NOTIC: [2] Missing argument 2 for Admin\Service\CommonService::resultReturn(), called in /Library/WebServer/Documents/github/dhh/Application/Admin/Service/AdminService.class.php on line 166 and defined /Library/WebServer/Documents/github/dhh/Application/Admin/Service/CommonService.class.php 第 61 行.
NOTIC: [8] Undefined variable: data /Library/WebServer/Documents/github/dhh/Application/Admin/Service/CommonService.class.php 第 63 行.
INFO: [ view_parse ] --START--
NOTIC: [2] file_get_contents(./Application/Admin/View/Common/header.html): failed to open stream: No such file or directory /Library/WebServer/Documents/github/dhh/ThinkPHP/Library/Think/Template.class.php 第 696 行.
NOTIC: [2] file_get_contents(./Application/Admin/View/Common/left.html): failed to open stream: No such file or directory /Library/WebServer/Documents/github/dhh/ThinkPHP/Library/Think/Template.class.php 第 696 行.
NOTIC: [2] file_get_contents(./Application/Admin/View/Common/footer.html): failed to open stream: No such file or directory /Library/WebServer/Documents/github/dhh/ThinkPHP/Library/Think/Template.class.php 第 696 行.
INFO: [ template_filter ] --START--
INFO: Run Behavior\ContentReplace [ RunTime:0.000040s ]
INFO: [ template_filter ] --END-- [ RunTime:0.000088s ]
INFO: Run Behavior\ParseTemplate [ RunTime:0.006569s ]
INFO: [ view_parse ] --END-- [ RunTime:0.006641s ]
INFO: [ view_filter ] --START--
INFO: Run Behavior\WriteHtmlCache [ RunTime:0.000191s ]
INFO: [ view_filter ] --END-- [ RunTime:0.000304s ]
INFO: [ app_end ] --START--
INFO: Run Behavior\ShowPageTrace [ RunTime:0.000514s ]
INFO: [ app_end ] --END-- [ RunTime:0.000581s ]

[ 2016-07-18T22:50:44+08:00 ] ::1 /github/dhh/admin.php?s=/Index/ajaxMenu
INFO: [ app_init ] --START--
INFO: Run Common\Behavior\InitHook [ RunTime:0.001449s ]
INFO: [ app_init ] --END-- [ RunTime:0.001526s ]
NOTIC: [8] Use of undefined constant ONETHINK_ADDON_PATH - assumed 'ONETHINK_ADDON_PATH' /Library/WebServer/Documents/github/dhh/Application/Common/Conf/config.php 第 16 行.
INFO: [ app_begin ] --START--
INFO: Run Behavior\ReadHtmlCache [ RunTime:0.000273s ]
INFO: [ app_begin ] --END-- [ RunTime:0.000327s ]
NOTIC: [2] Missing argument 2 for Admin\Service\CommonService::resultReturn(), called in /Library/WebServer/Documents/github/dhh/Application/Admin/Service/AdminService.class.php on line 166 and defined /Library/WebServer/Documents/github/dhh/Application/Admin/Service/CommonService.class.php 第 61 行.
NOTIC: [8] Undefined variable: data /Library/WebServer/Documents/github/dhh/Application/Admin/Service/CommonService.class.php 第 63 行.
NOTIC: [8] Undefined index: _ACCESS_LIST /Library/WebServer/Documents/github/dhh/Application/Admin/Controller/IndexController.class.php 第 172 行.
SQL: select node.id,node.name from dhh_role as role,dhh_role_admin as user,dhh_access as access ,dhh_node as node where user.user_id='1' and user.role_id=role.id and ( access.role_id=role.id  or (access.role_id=role.pid and role.pid!=0 ) ) and role.status=1 and access.node_id=node.id and node.level=1 and node.status=1 [ RunTime:0.000859s ]
NOTIC: [2048] Only variables should be passed by reference /Library/WebServer/Documents/github/dhh/Application/Admin/Controller/IndexController.class.php 第 241 行.
NOTIC: [2048] Only variables should be passed by reference /Library/WebServer/Documents/github/dhh/Application/Admin/Controller/IndexController.class.php 第 241 行.
NOTIC: [2048] Only variables should be passed by reference /Library/WebServer/Documents/github/dhh/Application/Admin/Controller/IndexController.class.php 第 241 行.
NOTIC: [2048] Only variables should be passed by reference /Library/WebServer/Documents/github/dhh/Application/Admin/Controller/IndexController.class.php 第 241 行.
NOTIC: [2048] Only variables should be passed by reference /Library/WebServer/Documents/github/dhh/Application/Admin/Controller/IndexController.class.php 第 241 行.
NOTIC: [2048] Only variables should be passed by reference /Library/WebServer/Documents/github/dhh/Application/Admin/Controller/IndexController.class.php 第 241 行.
NOTIC: [2048] Only variables should be passed by reference /Library/WebServer/Documents/github/dhh/Application/Admin/Controller/IndexController.class.php 第 241 行.
NOTIC: [2048] Only variables should be passed by reference /Library/WebServer/Documents/github/dhh/Application/Admin/Controller/IndexController.class.php 第 241 行.
NOTIC: [2048] Only variables should be passed by reference /Library/WebServer/Documents/github/dhh/Application/Admin/Controller/IndexController.class.php 第 241 行.
NOTIC: [2048] Only variables should be passed by reference /Library/WebServer/Documents/github/dhh/Application/Admin/Controller/IndexController.class.php 第 241 行.
NOTIC: [2048] Only variables should be passed by reference /Library/WebServer/Documents/github/dhh/Application/Admin/Controller/IndexController.class.php 第 241 行.
NOTIC: [2048] Only variables should be passed by reference /Library/WebServer/Documents/github/dhh/Application/Admin/Controller/IndexController.class.php 第 241 行.
NOTIC: [2048] Only variables should be passed by reference /Library/WebServer/Documents/github/dhh/Application/Admin/Controller/IndexController.class.php 第 241 行.
NOTIC: [2048] Only variables should be passed by reference /Library/WebServer/Documents/github/dhh/Application/Admin/Controller/IndexController.class.php 第 241 行.
NOTIC: [2] Missing argument 3 for Admin\Controller\CommonController::resultReturn(), called in /Library/WebServer/Documents/github/dhh/Application/Admin/Controller/IndexController.class.php on line 159 and defined /Library/WebServer/Documents/github/dhh/Application/Admin/Controller/CommonController.class.php 第 342 行.

[ 2016-07-18T22:50:44+08:00 ] ::1 /github/dhh/admin.php?s=/users/index
INFO: [ app_init ] --START--
INFO: Run Common\Behavior\InitHook [ RunTime:0.001269s ]
INFO: [ app_init ] --END-- [ RunTime:0.001341s ]
NOTIC: [8] Use of undefined constant ONETHINK_ADDON_PATH - assumed 'ONETHINK_ADDON_PATH' /Library/WebServer/Documents/github/dhh/Application/Common/Conf/config.php 第 16 行.
INFO: [ app_begin ] --START--
INFO: Run Behavior\ReadHtmlCache [ RunTime:0.000390s ]
INFO: [ app_begin ] --END-- [ RunTime:0.000463s ]
NOTIC: [2] Missing argument 2 for Admin\Service\CommonService::resultReturn(), called in /Library/WebServer/Documents/github/dhh/Application/Admin/Service/AdminService.class.php on line 166 and defined /Library/WebServer/Documents/github/dhh/Application/Admin/Service/CommonService.class.php 第 61 行.
NOTIC: [8] Undefined variable: data /Library/WebServer/Documents/github/dhh/Application/Admin/Service/CommonService.class.php 第 63 行.
INFO: [ view_parse ] --START--
INFO: [ template_filter ] --START--
INFO: Run Behavior\ContentReplace [ RunTime:0.000128s ]
INFO: [ template_filter ] --END-- [ RunTime:0.000192s ]
INFO: Run Behavior\ParseTemplate [ RunTime:0.010070s ]
INFO: [ view_parse ] --END-- [ RunTime:0.010165s ]
INFO: [ view_filter ] --START--
INFO: Run Behavior\WriteHtmlCache [ RunTime:0.000276s ]
INFO: [ view_filter ] --END-- [ RunTime:0.000345s ]
INFO: [ app_end ] --START--
INFO: Run Behavior\ShowPageTrace [ RunTime:0.000637s ]
INFO: [ app_end ] --END-- [ RunTime:0.000742s ]

[ 2016-07-18T22:50:45+08:00 ] ::1 /github/dhh/admin.php?s=/Users/index
INFO: [ app_init ] --START--
INFO: Run Common\Behavior\InitHook [ RunTime:0.001377s ]
INFO: [ app_init ] --END-- [ RunTime:0.001471s ]
NOTIC: [8] Use of undefined constant ONETHINK_ADDON_PATH - assumed 'ONETHINK_ADDON_PATH' /Library/WebServer/Documents/github/dhh/Application/Common/Conf/config.php 第 16 行.
INFO: [ app_begin ] --START--
INFO: Run Behavior\ReadHtmlCache [ RunTime:0.000448s ]
INFO: [ app_begin ] --END-- [ RunTime:0.000531s ]
NOTIC: [2] Missing argument 2 for Admin\Service\CommonService::resultReturn(), called in /Library/WebServer/Documents/github/dhh/Application/Admin/Service/AdminService.class.php on line 166 and defined /Library/WebServer/Documents/github/dhh/Application/Admin/Service/CommonService.class.php 第 61 行.
NOTIC: [8] Undefined variable: data /Library/WebServer/Documents/github/dhh/Application/Admin/Service/CommonService.class.php 第 63 行.
NOTIC: [2] Missing argument 2 for Admin\Controller\CommonController::getAjaxList(), called in /Library/WebServer/Documents/github/dhh/Application/Admin/Controller/UsersController.class.php on line 23 and defined /Library/WebServer/Documents/github/dhh/Application/Admin/Controller/CommonController.class.php 第 109 行.
NOTIC: [2] Missing argument 3 for Admin\Controller\CommonController::getAjaxList(), called in /Library/WebServer/Documents/github/dhh/Application/Admin/Controller/UsersController.class.php on line 23 and defined /Library/WebServer/Documents/github/dhh/Application/Admin/Controller/CommonController.class.php 第 109 行.
NOTIC: [2] Missing argument 4 for Admin\Controller\CommonController::getAjaxList(), called in /Library/WebServer/Documents/github/dhh/Application/Admin/Controller/UsersController.class.php on line 23 and defined /Library/WebServer/Documents/github/dhh/Application/Admin/Controller/CommonController.class.php 第 109 行.
NOTIC: [8] Undefined index: filter /Library/WebServer/Documents/github/dhh/Application/Admin/Controller/CommonController.class.php 第 400 行.
NOTIC: [8] Undefined variable: where /Library/WebServer/Documents/github/dhh/Application/Admin/Controller/CommonController.class.php 第 111 行.
SQL: SHOW COLUMNS FROM `dhh_users` [ RunTime:0.000939s ]
SQL: SELECT COUNT(*) AS tp_count FROM `dhh_users` LIMIT 1   [ RunTime:0.000435s ]
NOTIC: [8] Undefined variable: fields /Library/WebServer/Documents/github/dhh/Application/Admin/Controller/CommonController.class.php 第 119 行.
NOTIC: [8] Undefined variable: order /Library/WebServer/Documents/github/dhh/Application/Admin/Controller/CommonController.class.php 第 120 行.
SQL: SELECT * FROM `dhh_users` LIMIT 0,30   [ RunTime:0.000565s ]

[ 2016-07-18T22:51:09+08:00 ] ::1 /github/dhh/admin.php?s=/Index/index
INFO: [ app_init ] --START--
INFO: Run Common\Behavior\InitHook [ RunTime:0.001355s ]
INFO: [ app_init ] --END-- [ RunTime:0.001436s ]
NOTIC: [8] Use of undefined constant ONETHINK_ADDON_PATH - assumed 'ONETHINK_ADDON_PATH' /Library/WebServer/Documents/github/dhh/Application/Common/Conf/config.php 第 16 行.
INFO: [ app_begin ] --START--
INFO: Run Behavior\ReadHtmlCache [ RunTime:0.000429s ]
INFO: [ app_begin ] --END-- [ RunTime:0.000515s ]
NOTIC: [2] Missing argument 2 for Admin\Service\CommonService::resultReturn(), called in /Library/WebServer/Documents/github/dhh/Application/Admin/Service/AdminService.class.php on line 166 and defined /Library/WebServer/Documents/github/dhh/Application/Admin/Service/CommonService.class.php 第 61 行.
NOTIC: [8] Undefined variable: data /Library/WebServer/Documents/github/dhh/Application/Admin/Service/CommonService.class.php 第 63 行.
NOTIC: [8] Undefined index: _ACCESS_LIST /Library/WebServer/Documents/github/dhh/Application/Admin/Controller/CommonController.class.php 第 194 行.
SQL: select node.id,node.name from dhh_role as role,dhh_role_admin as user,dhh_access as access ,dhh_node as node where user.user_id='1' and user.role_id=role.id and ( access.role_id=role.id  or (access.role_id=role.pid and role.pid!=0 ) ) and role.status=1 and access.node_id=node.id and node.level=1 and node.status=1 [ RunTime:0.001476s ]
NOTIC: [2048] Only variables should be passed by reference /Library/WebServer/Documents/github/dhh/Application/Admin/Controller/CommonController.class.php 第 266 行.
NOTIC: [2048] Only variables should be passed by reference /Library/WebServer/Documents/github/dhh/Application/Admin/Controller/CommonController.class.php 第 266 行.
NOTIC: [2048] Only variables should be passed by reference /Library/WebServer/Documents/github/dhh/Application/Admin/Controller/CommonController.class.php 第 266 行.
INFO: [ view_parse ] --START--
INFO: [ template_filter ] --START--
INFO: Run Behavior\ContentReplace [ RunTime:0.000120s ]
INFO: [ template_filter ] --END-- [ RunTime:0.000193s ]
INFO: Run Behavior\ParseTemplate [ RunTime:0.010655s ]
INFO: [ view_parse ] --END-- [ RunTime:0.010718s ]
INFO: [ view_filter ] --START--
INFO: Run Behavior\WriteHtmlCache [ RunTime:0.000160s ]
INFO: [ view_filter ] --END-- [ RunTime:0.000208s ]
INFO: [ app_end ] --START--
INFO: Run Behavior\ShowPageTrace [ RunTime:0.000457s ]
INFO: [ app_end ] --END-- [ RunTime:0.000515s ]

[ 2016-07-18T22:51:09+08:00 ] ::1 /github/dhh/admin.php?s=/Index/webcome
INFO: [ app_init ] --START--
INFO: Run Common\Behavior\InitHook [ RunTime:0.000840s ]
INFO: [ app_init ] --END-- [ RunTime:0.000894s ]
NOTIC: [8] Use of undefined constant ONETHINK_ADDON_PATH - assumed 'ONETHINK_ADDON_PATH' /Library/WebServer/Documents/github/dhh/Application/Common/Conf/config.php 第 16 行.
INFO: [ app_begin ] --START--
INFO: Run Behavior\ReadHtmlCache [ RunTime:0.000248s ]
INFO: [ app_begin ] --END-- [ RunTime:0.000295s ]
NOTIC: [2] Missing argument 2 for Admin\Service\CommonService::resultReturn(), called in /Library/WebServer/Documents/github/dhh/Application/Admin/Service/AdminService.class.php on line 166 and defined /Library/WebServer/Documents/github/dhh/Application/Admin/Service/CommonService.class.php 第 61 行.
NOTIC: [8] Undefined variable: data /Library/WebServer/Documents/github/dhh/Application/Admin/Service/CommonService.class.php 第 63 行.
INFO: [ view_parse ] --START--
NOTIC: [2] file_get_contents(./Application/Admin/View/Common/header.html): failed to open stream: No such file or directory /Library/WebServer/Documents/github/dhh/ThinkPHP/Library/Think/Template.class.php 第 696 行.
NOTIC: [2] file_get_contents(./Application/Admin/View/Common/left.html): failed to open stream: No such file or directory /Library/WebServer/Documents/github/dhh/ThinkPHP/Library/Think/Template.class.php 第 696 行.
NOTIC: [2] file_get_contents(./Application/Admin/View/Common/footer.html): failed to open stream: No such file or directory /Library/WebServer/Documents/github/dhh/ThinkPHP/Library/Think/Template.class.php 第 696 行.
INFO: [ template_filter ] --START--
INFO: Run Behavior\ContentReplace [ RunTime:0.000052s ]
INFO: [ template_filter ] --END-- [ RunTime:0.000118s ]
INFO: Run Behavior\ParseTemplate [ RunTime:0.004977s ]
INFO: [ view_parse ] --END-- [ RunTime:0.005024s ]
INFO: [ view_filter ] --START--
INFO: Run Behavior\WriteHtmlCache [ RunTime:0.000098s ]
INFO: [ view_filter ] --END-- [ RunTime:0.000126s ]
INFO: [ app_end ] --START--
INFO: Run Behavior\ShowPageTrace [ RunTime:0.000284s ]
INFO: [ app_end ] --END-- [ RunTime:0.000314s ]

[ 2016-07-18T22:51:09+08:00 ] ::1 /github/dhh/admin.php?s=/Index/webcome
INFO: [ app_init ] --START--
INFO: Run Common\Behavior\InitHook [ RunTime:0.000756s ]
INFO: [ app_init ] --END-- [ RunTime:0.000807s ]
NOTIC: [8] Use of undefined constant ONETHINK_ADDON_PATH - assumed 'ONETHINK_ADDON_PATH' /Library/WebServer/Documents/github/dhh/Application/Common/Conf/config.php 第 16 行.
INFO: [ app_begin ] --START--
INFO: Run Behavior\ReadHtmlCache [ RunTime:0.000319s ]
INFO: [ app_begin ] --END-- [ RunTime:0.000380s ]
NOTIC: [2] Missing argument 2 for Admin\Service\CommonService::resultReturn(), called in /Library/WebServer/Documents/github/dhh/Application/Admin/Service/AdminService.class.php on line 166 and defined /Library/WebServer/Documents/github/dhh/Application/Admin/Service/CommonService.class.php 第 61 行.
NOTIC: [8] Undefined variable: data /Library/WebServer/Documents/github/dhh/Application/Admin/Service/CommonService.class.php 第 63 行.
INFO: [ view_parse ] --START--
NOTIC: [2] file_get_contents(./Application/Admin/View/Common/header.html): failed to open stream: No such file or directory /Library/WebServer/Documents/github/dhh/ThinkPHP/Library/Think/Template.class.php 第 696 行.
NOTIC: [2] file_get_contents(./Application/Admin/View/Common/left.html): failed to open stream: No such file or directory /Library/WebServer/Documents/github/dhh/ThinkPHP/Library/Think/Template.class.php 第 696 行.
NOTIC: [2] file_get_contents(./Application/Admin/View/Common/footer.html): failed to open stream: No such file or directory /Library/WebServer/Documents/github/dhh/ThinkPHP/Library/Think/Template.class.php 第 696 行.
INFO: [ template_filter ] --START--
INFO: Run Behavior\ContentReplace [ RunTime:0.000064s ]
INFO: [ template_filter ] --END-- [ RunTime:0.000147s ]
INFO: Run Behavior\ParseTemplate [ RunTime:0.005947s ]
INFO: [ view_parse ] --END-- [ RunTime:0.006012s ]
INFO: [ view_filter ] --START--
INFO: Run Behavior\WriteHtmlCache [ RunTime:0.000303s ]
INFO: [ view_filter ] --END-- [ RunTime:0.000369s ]
INFO: [ app_end ] --START--
INFO: Run Behavior\ShowPageTrace [ RunTime:0.000551s ]
INFO: [ app_end ] --END-- [ RunTime:0.000635s ]

[ 2016-07-18T22:51:09+08:00 ] ::1 /github/dhh/admin.php?s=/Index/webcome
INFO: [ app_init ] --START--
INFO: Run Common\Behavior\InitHook [ RunTime:0.000959s ]
INFO: [ app_init ] --END-- [ RunTime:0.001040s ]
NOTIC: [8] Use of undefined constant ONETHINK_ADDON_PATH - assumed 'ONETHINK_ADDON_PATH' /Library/WebServer/Documents/github/dhh/Application/Common/Conf/config.php 第 16 行.
INFO: [ app_begin ] --START--
INFO: Run Behavior\ReadHtmlCache [ RunTime:0.000393s ]
INFO: [ app_begin ] --END-- [ RunTime:0.000467s ]
NOTIC: [2] Missing argument 2 for Admin\Service\CommonService::resultReturn(), called in /Library/WebServer/Documents/github/dhh/Application/Admin/Service/AdminService.class.php on line 166 and defined /Library/WebServer/Documents/github/dhh/Application/Admin/Service/CommonService.class.php 第 61 行.
NOTIC: [8] Undefined variable: data /Library/WebServer/Documents/github/dhh/Application/Admin/Service/CommonService.class.php 第 63 行.
INFO: [ view_parse ] --START--
NOTIC: [2] file_get_contents(./Application/Admin/View/Common/header.html): failed to open stream: No such file or directory /Library/WebServer/Documents/github/dhh/ThinkPHP/Library/Think/Template.class.php 第 696 行.
NOTIC: [2] file_get_contents(./Application/Admin/View/Common/left.html): failed to open stream: No such file or directory /Library/WebServer/Documents/github/dhh/ThinkPHP/Library/Think/Template.class.php 第 696 行.
NOTIC: [2] file_get_contents(./Application/Admin/View/Common/footer.html): failed to open stream: No such file or directory /Library/WebServer/Documents/github/dhh/ThinkPHP/Library/Think/Template.class.php 第 696 行.
INFO: [ template_filter ] --START--
INFO: Run Behavior\ContentReplace [ RunTime:0.000057s ]
INFO: [ template_filter ] --END-- [ RunTime:0.000156s ]
INFO: Run Behavior\ParseTemplate [ RunTime:0.006097s ]
INFO: [ view_parse ] --END-- [ RunTime:0.006156s ]
INFO: [ view_filter ] --START--
INFO: Run Behavior\WriteHtmlCache [ RunTime:0.000122s ]
INFO: [ view_filter ] --END-- [ RunTime:0.000163s ]
INFO: [ app_end ] --START--
INFO: Run Behavior\ShowPageTrace [ RunTime:0.000346s ]
INFO: [ app_end ] --END-- [ RunTime:0.000402s ]

[ 2016-07-18T22:51:09+08:00 ] ::1 /github/dhh/admin.php?s=/Index/ajaxMenu
INFO: [ app_init ] --START--
INFO: Run Common\Behavior\InitHook [ RunTime:0.001022s ]
INFO: [ app_init ] --END-- [ RunTime:0.001089s ]
NOTIC: [8] Use of undefined constant ONETHINK_ADDON_PATH - assumed 'ONETHINK_ADDON_PATH' /Library/WebServer/Documents/github/dhh/Application/Common/Conf/config.php 第 16 行.
INFO: [ app_begin ] --START--
INFO: Run Behavior\ReadHtmlCache [ RunTime:0.000408s ]
INFO: [ app_begin ] --END-- [ RunTime:0.000480s ]
NOTIC: [2] Missing argument 2 for Admin\Service\CommonService::resultReturn(), called in /Library/WebServer/Documents/github/dhh/Application/Admin/Service/AdminService.class.php on line 166 and defined /Library/WebServer/Documents/github/dhh/Application/Admin/Service/CommonService.class.php 第 61 行.
NOTIC: [8] Undefined variable: data /Library/WebServer/Documents/github/dhh/Application/Admin/Service/CommonService.class.php 第 63 行.
NOTIC: [8] Undefined index: _ACCESS_LIST /Library/WebServer/Documents/github/dhh/Application/Admin/Controller/IndexController.class.php 第 172 行.
SQL: select node.id,node.name from dhh_role as role,dhh_role_admin as user,dhh_access as access ,dhh_node as node where user.user_id='1' and user.role_id=role.id and ( access.role_id=role.id  or (access.role_id=role.pid and role.pid!=0 ) ) and role.status=1 and access.node_id=node.id and node.level=1 and node.status=1 [ RunTime:0.001307s ]
NOTIC: [2048] Only variables should be passed by reference /Library/WebServer/Documents/github/dhh/Application/Admin/Controller/IndexController.class.php 第 241 行.
NOTIC: [2048] Only variables should be passed by reference /Library/WebServer/Documents/github/dhh/Application/Admin/Controller/IndexController.class.php 第 241 行.
NOTIC: [2048] Only variables should be passed by reference /Library/WebServer/Documents/github/dhh/Application/Admin/Controller/IndexController.class.php 第 241 行.
NOTIC: [2048] Only variables should be passed by reference /Library/WebServer/Documents/github/dhh/Application/Admin/Controller/IndexController.class.php 第 241 行.
NOTIC: [2048] Only variables should be passed by reference /Library/WebServer/Documents/github/dhh/Application/Admin/Controller/IndexController.class.php 第 241 行.
NOTIC: [2048] Only variables should be passed by reference /Library/WebServer/Documents/github/dhh/Application/Admin/Controller/IndexController.class.php 第 241 行.
NOTIC: [2048] Only variables should be passed by reference /Library/WebServer/Documents/github/dhh/Application/Admin/Controller/IndexController.class.php 第 241 行.
NOTIC: [2048] Only variables should be passed by reference /Library/WebServer/Documents/github/dhh/Application/Admin/Controller/IndexController.class.php 第 241 行.
NOTIC: [2048] Only variables should be passed by reference /Library/WebServer/Documents/github/dhh/Application/Admin/Controller/IndexController.class.php 第 241 行.
NOTIC: [2048] Only variables should be passed by reference /Library/WebServer/Documents/github/dhh/Application/Admin/Controller/IndexController.class.php 第 241 行.
NOTIC: [2048] Only variables should be passed by reference /Library/WebServer/Documents/github/dhh/Application/Admin/Controller/IndexController.class.php 第 241 行.
NOTIC: [2048] Only variables should be passed by reference /Library/WebServer/Documents/github/dhh/Application/Admin/Controller/IndexController.class.php 第 241 行.
NOTIC: [2048] Only variables should be passed by reference /Library/WebServer/Documents/github/dhh/Application/Admin/Controller/IndexController.class.php 第 241 行.
NOTIC: [2048] Only variables should be passed by reference /Library/WebServer/Documents/github/dhh/Application/Admin/Controller/IndexController.class.php 第 241 行.
NOTIC: [2] Missing argument 3 for Admin\Controller\CommonController::resultReturn(), called in /Library/WebServer/Documents/github/dhh/Application/Admin/Controller/IndexController.class.php on line 159 and defined /Library/WebServer/Documents/github/dhh/Application/Admin/Controller/CommonController.class.php 第 342 行.

[ 2016-07-18T22:51:09+08:00 ] ::1 /github/dhh/admin.php?s=/users/index
INFO: [ app_init ] --START--
INFO: Run Common\Behavior\InitHook [ RunTime:0.001063s ]
INFO: [ app_init ] --END-- [ RunTime:0.001127s ]
NOTIC: [8] Use of undefined constant ONETHINK_ADDON_PATH - assumed 'ONETHINK_ADDON_PATH' /Library/WebServer/Documents/github/dhh/Application/Common/Conf/config.php 第 16 行.
INFO: [ app_begin ] --START--
INFO: Run Behavior\ReadHtmlCache [ RunTime:0.000435s ]
INFO: [ app_begin ] --END-- [ RunTime:0.000517s ]
NOTIC: [2] Missing argument 2 for Admin\Service\CommonService::resultReturn(), called in /Library/WebServer/Documents/github/dhh/Application/Admin/Service/AdminService.class.php on line 166 and defined /Library/WebServer/Documents/github/dhh/Application/Admin/Service/CommonService.class.php 第 61 行.
NOTIC: [8] Undefined variable: data /Library/WebServer/Documents/github/dhh/Application/Admin/Service/CommonService.class.php 第 63 行.
INFO: [ view_parse ] --START--
INFO: [ template_filter ] --START--
INFO: Run Behavior\ContentReplace [ RunTime:0.000146s ]
INFO: [ template_filter ] --END-- [ RunTime:0.000219s ]
INFO: Run Behavior\ParseTemplate [ RunTime:0.011906s ]
INFO: [ view_parse ] --END-- [ RunTime:0.011978s ]
INFO: [ view_filter ] --START--
INFO: Run Behavior\WriteHtmlCache [ RunTime:0.000177s ]
INFO: [ view_filter ] --END-- [ RunTime:0.000225s ]
INFO: [ app_end ] --START--
INFO: Run Behavior\ShowPageTrace [ RunTime:0.000483s ]
INFO: [ app_end ] --END-- [ RunTime:0.000557s ]

[ 2016-07-18T22:51:09+08:00 ] ::1 /github/dhh/admin.php?s=/Users/index
INFO: [ app_init ] --START--
INFO: Run Common\Behavior\InitHook [ RunTime:0.000678s ]
INFO: [ app_init ] --END-- [ RunTime:0.000719s ]
NOTIC: [8] Use of undefined constant ONETHINK_ADDON_PATH - assumed 'ONETHINK_ADDON_PATH' /Library/WebServer/Documents/github/dhh/Application/Common/Conf/config.php 第 16 行.
INFO: [ app_begin ] --START--
INFO: Run Behavior\ReadHtmlCache [ RunTime:0.000239s ]
INFO: [ app_begin ] --END-- [ RunTime:0.000278s ]
NOTIC: [2] Missing argument 2 for Admin\Service\CommonService::resultReturn(), called in /Library/WebServer/Documents/github/dhh/Application/Admin/Service/AdminService.class.php on line 166 and defined /Library/WebServer/Documents/github/dhh/Application/Admin/Service/CommonService.class.php 第 61 行.
NOTIC: [8] Undefined variable: data /Library/WebServer/Documents/github/dhh/Application/Admin/Service/CommonService.class.php 第 63 行.
NOTIC: [2] Missing argument 2 for Admin\Controller\CommonController::getAjaxList(), called in /Library/WebServer/Documents/github/dhh/Application/Admin/Controller/UsersController.class.php on line 23 and defined /Library/WebServer/Documents/github/dhh/Application/Admin/Controller/CommonController.class.php 第 109 行.
NOTIC: [2] Missing argument 3 for Admin\Controller\CommonController::getAjaxList(), called in /Library/WebServer/Documents/github/dhh/Application/Admin/Controller/UsersController.class.php on line 23 and defined /Library/WebServer/Documents/github/dhh/Application/Admin/Controller/CommonController.class.php 第 109 行.
NOTIC: [2] Missing argument 4 for Admin\Controller\CommonController::getAjaxList(), called in /Library/WebServer/Documents/github/dhh/Application/Admin/Controller/UsersController.class.php on line 23 and defined /Library/WebServer/Documents/github/dhh/Application/Admin/Controller/CommonController.class.php 第 109 行.
NOTIC: [8] Undefined index: filter /Library/WebServer/Documents/github/dhh/Application/Admin/Controller/CommonController.class.php 第 400 行.
NOTIC: [8] Undefined variable: where /Library/WebServer/Documents/github/dhh/Application/Admin/Controller/CommonController.class.php 第 111 行.
SQL: SHOW COLUMNS FROM `dhh_users` [ RunTime:0.000487s ]
SQL: SELECT COUNT(*) AS tp_count FROM `dhh_users` LIMIT 1   [ RunTime:0.000224s ]
NOTIC: [8] Undefined variable: fields /Library/WebServer/Documents/github/dhh/Application/Admin/Controller/CommonController.class.php 第 119 行.
NOTIC: [8] Undefined variable: order /Library/WebServer/Documents/github/dhh/Application/Admin/Controller/CommonController.class.php 第 120 行.
SQL: SELECT * FROM `dhh_users` LIMIT 0,30   [ RunTime:0.000467s ]

