[ 2016-05-19T16:45:51+08:00 ] ::1 /myworks/dhh/www/admin.php?s=/Push/index
INFO: [ app_init ] --START--
INFO: Run Common\Behavior\InitHook [ RunTime:0.001324s ]
INFO: [ app_init ] --END-- [ RunTime:0.001376s ]
NOTIC: [8] Use of undefined constant ONETHINK_ADDON_PATH - assumed 'ONETHINK_ADDON_PATH' D:\WWW\myworks\dhh\www\Application\Common\Conf\config.php 第 16 行.
INFO: [ app_begin ] --START--
INFO: Run Behavior\ReadHtmlCache [ RunTime:0.000372s ]
INFO: [ app_begin ] --END-- [ RunTime:0.000419s ]
NOTIC: [2] Missing argument 2 for Admin\Service\CommonService::resultReturn(), called in D:\WWW\myworks\dhh\www\Application\Admin\Service\AdminService.class.php on line 166 and defined D:\WWW\myworks\dhh\www\Application\Admin\Service\CommonService.class.php 第 59 行.
NOTIC: [8] Undefined variable: data D:\WWW\myworks\dhh\www\Application\Admin\Service\CommonService.class.php 第 61 行.
INFO: [ view_parse ] --START--
INFO: [ template_filter ] --START--
INFO: Run Behavior\ContentReplace [ RunTime:0.000190s ]
INFO: [ template_filter ] --END-- [ RunTime:0.000246s ]
INFO: Run Behavior\ParseTemplate [ RunTime:0.014263s ]
INFO: [ view_parse ] --END-- [ RunTime:0.014319s ]
INFO: [ view_filter ] --START--
INFO: Run Behavior\WriteHtmlCache [ RunTime:0.000234s ]
INFO: [ view_filter ] --END-- [ RunTime:0.000271s ]
INFO: [ app_end ] --START--
INFO: Run Behavior\ShowPageTrace [ RunTime:0.000438s ]
INFO: [ app_end ] --END-- [ RunTime:0.000483s ]

[ 2016-05-19T16:45:51+08:00 ] ::1 /myworks/dhh/www/admin.php?s=/Push/add
INFO: [ app_init ] --START--
INFO: Run Common\Behavior\InitHook [ RunTime:0.001691s ]
INFO: [ app_init ] --END-- [ RunTime:0.001781s ]
NOTIC: [8] Use of undefined constant ONETHINK_ADDON_PATH - assumed 'ONETHINK_ADDON_PATH' D:\WWW\myworks\dhh\www\Application\Common\Conf\config.php 第 16 行.
INFO: [ app_begin ] --START--
INFO: Run Behavior\ReadHtmlCache [ RunTime:0.000632s ]
INFO: [ app_begin ] --END-- [ RunTime:0.000736s ]
NOTIC: [2] Missing argument 2 for Admin\Service\CommonService::resultReturn(), called in D:\WWW\myworks\dhh\www\Application\Admin\Service\AdminService.class.php on line 166 and defined D:\WWW\myworks\dhh\www\Application\Admin\Service\CommonService.class.php 第 59 行.
NOTIC: [8] Undefined variable: data D:\WWW\myworks\dhh\www\Application\Admin\Service\CommonService.class.php 第 61 行.
INFO: [ view_parse ] --START--
INFO: [ template_filter ] --START--
INFO: Run Behavior\ContentReplace [ RunTime:0.000119s ]
INFO: [ template_filter ] --END-- [ RunTime:0.000167s ]
NOTIC: [8] Undefined variable: xzh D:\WWW\myworks\dhh\www\Application\Runtime\Cache\Admin\21bdfe5e5e1cb0abf647b85484367371.php 第 31 行.
NOTIC: [8] Undefined variable: row D:\WWW\myworks\dhh\www\Application\Runtime\Cache\Admin\21bdfe5e5e1cb0abf647b85484367371.php 第 351 行.
INFO: Run Behavior\ParseTemplate [ RunTime:0.013405s ]
INFO: [ view_parse ] --END-- [ RunTime:0.013442s ]
INFO: [ view_filter ] --START--
INFO: Run Behavior\WriteHtmlCache [ RunTime:0.000218s ]
INFO: [ view_filter ] --END-- [ RunTime:0.000252s ]
INFO: [ app_end ] --START--
INFO: Run Behavior\ShowPageTrace [ RunTime:0.000501s ]
INFO: [ app_end ] --END-- [ RunTime:0.000537s ]

[ 2016-05-19T16:45:51+08:00 ] ::1 /myworks/dhh/www/admin.php?s=/Push/index
INFO: [ app_init ] --START--
INFO: Run Common\Behavior\InitHook [ RunTime:0.001219s ]
INFO: [ app_init ] --END-- [ RunTime:0.001304s ]
NOTIC: [8] Use of undefined constant ONETHINK_ADDON_PATH - assumed 'ONETHINK_ADDON_PATH' D:\WWW\myworks\dhh\www\Application\Common\Conf\config.php 第 16 行.
INFO: [ app_begin ] --START--
INFO: Run Behavior\ReadHtmlCache [ RunTime:0.000441s ]
INFO: [ app_begin ] --END-- [ RunTime:0.000533s ]
NOTIC: [2] Missing argument 2 for Admin\Service\CommonService::resultReturn(), called in D:\WWW\myworks\dhh\www\Application\Admin\Service\AdminService.class.php on line 166 and defined D:\WWW\myworks\dhh\www\Application\Admin\Service\CommonService.class.php 第 59 行.
NOTIC: [8] Undefined variable: data D:\WWW\myworks\dhh\www\Application\Admin\Service\CommonService.class.php 第 61 行.
NOTIC: [2] Missing argument 2 for Admin\Controller\CommonController::getAjaxList(), called in D:\WWW\myworks\dhh\www\Application\Admin\Controller\PushController.class.php on line 23 and defined D:\WWW\myworks\dhh\www\Application\Admin\Controller\CommonController.class.php 第 109 行.
NOTIC: [2] Missing argument 3 for Admin\Controller\CommonController::getAjaxList(), called in D:\WWW\myworks\dhh\www\Application\Admin\Controller\PushController.class.php on line 23 and defined D:\WWW\myworks\dhh\www\Application\Admin\Controller\CommonController.class.php 第 109 行.
NOTIC: [2] Missing argument 4 for Admin\Controller\CommonController::getAjaxList(), called in D:\WWW\myworks\dhh\www\Application\Admin\Controller\PushController.class.php on line 23 and defined D:\WWW\myworks\dhh\www\Application\Admin\Controller\CommonController.class.php 第 109 行.
NOTIC: [8] Undefined index: filter D:\WWW\myworks\dhh\www\Application\Admin\Controller\CommonController.class.php 第 400 行.
NOTIC: [8] Undefined variable: where D:\WWW\myworks\dhh\www\Application\Admin\Controller\CommonController.class.php 第 111 行.
SQL: SHOW COLUMNS FROM `dhh_push` [ RunTime:0.010261s ]
SQL: SELECT COUNT(*) AS tp_count FROM `dhh_push` LIMIT 1   [ RunTime:0.007108s ]
NOTIC: [8] Undefined variable: fields D:\WWW\myworks\dhh\www\Application\Admin\Controller\CommonController.class.php 第 119 行.
NOTIC: [8] Undefined variable: order D:\WWW\myworks\dhh\www\Application\Admin\Controller\CommonController.class.php 第 120 行.
SQL: SELECT * FROM `dhh_push` LIMIT 0,30   [ RunTime:0.007308s ]

[ 2016-05-19T16:48:02+08:00 ] ::1 /myworks/dhh/www/admin.php?s=/Push/index
INFO: [ app_init ] --START--
INFO: Run Common\Behavior\InitHook [ RunTime:0.001739s ]
INFO: [ app_init ] --END-- [ RunTime:0.001794s ]
NOTIC: [8] Use of undefined constant ONETHINK_ADDON_PATH - assumed 'ONETHINK_ADDON_PATH' D:\WWW\myworks\dhh\www\Application\Common\Conf\config.php 第 16 行.
INFO: [ app_begin ] --START--
INFO: Run Behavior\ReadHtmlCache [ RunTime:0.000441s ]
INFO: [ app_begin ] --END-- [ RunTime:0.000493s ]
NOTIC: [2] Missing argument 2 for Admin\Service\CommonService::resultReturn(), called in D:\WWW\myworks\dhh\www\Application\Admin\Service\AdminService.class.php on line 166 and defined D:\WWW\myworks\dhh\www\Application\Admin\Service\CommonService.class.php 第 59 行.
NOTIC: [8] Undefined variable: data D:\WWW\myworks\dhh\www\Application\Admin\Service\CommonService.class.php 第 61 行.
INFO: [ view_parse ] --START--
INFO: [ template_filter ] --START--
INFO: Run Behavior\ContentReplace [ RunTime:0.000166s ]
INFO: [ template_filter ] --END-- [ RunTime:0.000211s ]
INFO: Run Behavior\ParseTemplate [ RunTime:0.006723s ]
INFO: [ view_parse ] --END-- [ RunTime:0.006772s ]
INFO: [ view_filter ] --START--
INFO: Run Behavior\WriteHtmlCache [ RunTime:0.000247s ]
INFO: [ view_filter ] --END-- [ RunTime:0.000280s ]
INFO: [ app_end ] --START--
INFO: Run Behavior\ShowPageTrace [ RunTime:0.000447s ]
INFO: [ app_end ] --END-- [ RunTime:0.000492s ]

[ 2016-05-19T16:48:03+08:00 ] ::1 /myworks/dhh/www/admin.php?s=/Push/add
INFO: [ app_init ] --START--
INFO: Run Common\Behavior\InitHook [ RunTime:0.001351s ]
INFO: [ app_init ] --END-- [ RunTime:0.001405s ]
NOTIC: [8] Use of undefined constant ONETHINK_ADDON_PATH - assumed 'ONETHINK_ADDON_PATH' D:\WWW\myworks\dhh\www\Application\Common\Conf\config.php 第 16 行.
INFO: [ app_begin ] --START--
INFO: Run Behavior\ReadHtmlCache [ RunTime:0.000393s ]
INFO: [ app_begin ] --END-- [ RunTime:0.000442s ]
NOTIC: [2] Missing argument 2 for Admin\Service\CommonService::resultReturn(), called in D:\WWW\myworks\dhh\www\Application\Admin\Service\AdminService.class.php on line 166 and defined D:\WWW\myworks\dhh\www\Application\Admin\Service\CommonService.class.php 第 59 行.
NOTIC: [8] Undefined variable: data D:\WWW\myworks\dhh\www\Application\Admin\Service\CommonService.class.php 第 61 行.
INFO: [ view_parse ] --START--
INFO: [ template_filter ] --START--
INFO: Run Behavior\ContentReplace [ RunTime:0.000134s ]
INFO: [ template_filter ] --END-- [ RunTime:0.000190s ]
NOTIC: [8] Undefined variable: xzh D:\WWW\myworks\dhh\www\Application\Runtime\Cache\Admin\21bdfe5e5e1cb0abf647b85484367371.php 第 31 行.
NOTIC: [8] Undefined variable: row D:\WWW\myworks\dhh\www\Application\Runtime\Cache\Admin\21bdfe5e5e1cb0abf647b85484367371.php 第 351 行.
INFO: Run Behavior\ParseTemplate [ RunTime:0.006516s ]
INFO: [ view_parse ] --END-- [ RunTime:0.006559s ]
INFO: [ view_filter ] --START--
INFO: Run Behavior\WriteHtmlCache [ RunTime:0.000243s ]
INFO: [ view_filter ] --END-- [ RunTime:0.000275s ]
INFO: [ app_end ] --START--
INFO: Run Behavior\ShowPageTrace [ RunTime:0.000758s ]
INFO: [ app_end ] --END-- [ RunTime:0.000813s ]

[ 2016-05-19T16:48:06+08:00 ] ::1 /myworks/dhh/www/admin.php?s=/Push/index
INFO: [ app_init ] --START--
INFO: Run Common\Behavior\InitHook [ RunTime:0.001403s ]
INFO: [ app_init ] --END-- [ RunTime:0.001453s ]
NOTIC: [8] Use of undefined constant ONETHINK_ADDON_PATH - assumed 'ONETHINK_ADDON_PATH' D:\WWW\myworks\dhh\www\Application\Common\Conf\config.php 第 16 行.
INFO: [ app_begin ] --START--
INFO: Run Behavior\ReadHtmlCache [ RunTime:0.000408s ]
INFO: [ app_begin ] --END-- [ RunTime:0.000452s ]
NOTIC: [2] Missing argument 2 for Admin\Service\CommonService::resultReturn(), called in D:\WWW\myworks\dhh\www\Application\Admin\Service\AdminService.class.php on line 166 and defined D:\WWW\myworks\dhh\www\Application\Admin\Service\CommonService.class.php 第 59 行.
NOTIC: [8] Undefined variable: data D:\WWW\myworks\dhh\www\Application\Admin\Service\CommonService.class.php 第 61 行.
NOTIC: [2] Missing argument 2 for Admin\Controller\CommonController::getAjaxList(), called in D:\WWW\myworks\dhh\www\Application\Admin\Controller\PushController.class.php on line 23 and defined D:\WWW\myworks\dhh\www\Application\Admin\Controller\CommonController.class.php 第 109 行.
NOTIC: [2] Missing argument 3 for Admin\Controller\CommonController::getAjaxList(), called in D:\WWW\myworks\dhh\www\Application\Admin\Controller\PushController.class.php on line 23 and defined D:\WWW\myworks\dhh\www\Application\Admin\Controller\CommonController.class.php 第 109 行.
NOTIC: [2] Missing argument 4 for Admin\Controller\CommonController::getAjaxList(), called in D:\WWW\myworks\dhh\www\Application\Admin\Controller\PushController.class.php on line 23 and defined D:\WWW\myworks\dhh\www\Application\Admin\Controller\CommonController.class.php 第 109 行.
NOTIC: [8] Undefined index: filter D:\WWW\myworks\dhh\www\Application\Admin\Controller\CommonController.class.php 第 400 行.
NOTIC: [8] Undefined variable: where D:\WWW\myworks\dhh\www\Application\Admin\Controller\CommonController.class.php 第 111 行.
SQL: SHOW COLUMNS FROM `dhh_push` [ RunTime:0.009068s ]
SQL: SELECT COUNT(*) AS tp_count FROM `dhh_push` LIMIT 1   [ RunTime:0.008073s ]
NOTIC: [8] Undefined variable: fields D:\WWW\myworks\dhh\www\Application\Admin\Controller\CommonController.class.php 第 119 行.
NOTIC: [8] Undefined variable: order D:\WWW\myworks\dhh\www\Application\Admin\Controller\CommonController.class.php 第 120 行.
SQL: SELECT * FROM `dhh_push` LIMIT 0,30   [ RunTime:0.007797s ]

[ 2016-05-19T21:44:05+08:00 ] ::1 /myworks/dhh/www/admin.php?s=/Push/index
INFO: [ app_init ] --START--
INFO: Run Common\Behavior\InitHook [ RunTime:0.001428s ]
INFO: [ app_init ] --END-- [ RunTime:0.001483s ]
NOTIC: [8] Use of undefined constant ONETHINK_ADDON_PATH - assumed 'ONETHINK_ADDON_PATH' D:\WWW\myworks\dhh\www\Application\Common\Conf\config.php 第 16 行.
INFO: [ app_begin ] --START--
INFO: Run Behavior\ReadHtmlCache [ RunTime:0.000402s ]
INFO: [ app_begin ] --END-- [ RunTime:0.000448s ]
NOTIC: [2] Missing argument 2 for Admin\Service\CommonService::resultReturn(), called in D:\WWW\myworks\dhh\www\Application\Admin\Service\AdminService.class.php on line 166 and defined D:\WWW\myworks\dhh\www\Application\Admin\Service\CommonService.class.php 第 59 行.
NOTIC: [8] Undefined variable: data D:\WWW\myworks\dhh\www\Application\Admin\Service\CommonService.class.php 第 61 行.
INFO: [ view_parse ] --START--
INFO: [ template_filter ] --START--
INFO: Run Behavior\ContentReplace [ RunTime:0.000173s ]
INFO: [ template_filter ] --END-- [ RunTime:0.000224s ]
INFO: Run Behavior\ParseTemplate [ RunTime:0.016524s ]
INFO: [ view_parse ] --END-- [ RunTime:0.016579s ]
INFO: [ view_filter ] --START--
INFO: Run Behavior\WriteHtmlCache [ RunTime:0.000214s ]
INFO: [ view_filter ] --END-- [ RunTime:0.000244s ]
INFO: [ app_end ] --START--
INFO: Run Behavior\ShowPageTrace [ RunTime:0.000438s ]
INFO: [ app_end ] --END-- [ RunTime:0.000480s ]

[ 2016-05-19T21:44:05+08:00 ] ::1 /myworks/dhh/www/admin.php?s=/Push/add
INFO: [ app_init ] --START--
INFO: Run Common\Behavior\InitHook [ RunTime:0.001279s ]
INFO: [ app_init ] --END-- [ RunTime:0.001328s ]
NOTIC: [8] Use of undefined constant ONETHINK_ADDON_PATH - assumed 'ONETHINK_ADDON_PATH' D:\WWW\myworks\dhh\www\Application\Common\Conf\config.php 第 16 行.
INFO: [ app_begin ] --START--
INFO: Run Behavior\ReadHtmlCache [ RunTime:0.000345s ]
INFO: [ app_begin ] --END-- [ RunTime:0.000388s ]
NOTIC: [2] Missing argument 2 for Admin\Service\CommonService::resultReturn(), called in D:\WWW\myworks\dhh\www\Application\Admin\Service\AdminService.class.php on line 166 and defined D:\WWW\myworks\dhh\www\Application\Admin\Service\CommonService.class.php 第 59 行.
NOTIC: [8] Undefined variable: data D:\WWW\myworks\dhh\www\Application\Admin\Service\CommonService.class.php 第 61 行.
INFO: [ view_parse ] --START--
INFO: [ template_filter ] --START--
INFO: Run Behavior\ContentReplace [ RunTime:0.000134s ]
INFO: [ template_filter ] --END-- [ RunTime:0.000189s ]
NOTIC: [8] Undefined variable: xzh D:\WWW\myworks\dhh\www\Application\Runtime\Cache\Admin\21bdfe5e5e1cb0abf647b85484367371.php 第 31 行.
NOTIC: [8] Undefined variable: row D:\WWW\myworks\dhh\www\Application\Runtime\Cache\Admin\21bdfe5e5e1cb0abf647b85484367371.php 第 351 行.
INFO: Run Behavior\ParseTemplate [ RunTime:0.012902s ]
INFO: [ view_parse ] --END-- [ RunTime:0.012944s ]
INFO: [ view_filter ] --START--
INFO: Run Behavior\WriteHtmlCache [ RunTime:0.000211s ]
INFO: [ view_filter ] --END-- [ RunTime:0.000241s ]
INFO: [ app_end ] --START--
INFO: Run Behavior\ShowPageTrace [ RunTime:0.000439s ]
INFO: [ app_end ] --END-- [ RunTime:0.000484s ]

[ 2016-05-19T21:44:07+08:00 ] ::1 /myworks/dhh/www/admin.php?s=/Push/index
INFO: [ app_init ] --START--
INFO: Run Common\Behavior\InitHook [ RunTime:0.000953s ]
INFO: [ app_init ] --END-- [ RunTime:0.000996s ]
NOTIC: [8] Use of undefined constant ONETHINK_ADDON_PATH - assumed 'ONETHINK_ADDON_PATH' D:\WWW\myworks\dhh\www\Application\Common\Conf\config.php 第 16 行.
INFO: [ app_begin ] --START--
INFO: Run Behavior\ReadHtmlCache [ RunTime:0.000399s ]
INFO: [ app_begin ] --END-- [ RunTime:0.000438s ]
NOTIC: [2] Missing argument 2 for Admin\Service\CommonService::resultReturn(), called in D:\WWW\myworks\dhh\www\Application\Admin\Service\AdminService.class.php on line 166 and defined D:\WWW\myworks\dhh\www\Application\Admin\Service\CommonService.class.php 第 59 行.
NOTIC: [8] Undefined variable: data D:\WWW\myworks\dhh\www\Application\Admin\Service\CommonService.class.php 第 61 行.
NOTIC: [2] Missing argument 2 for Admin\Controller\CommonController::getAjaxList(), called in D:\WWW\myworks\dhh\www\Application\Admin\Controller\PushController.class.php on line 23 and defined D:\WWW\myworks\dhh\www\Application\Admin\Controller\CommonController.class.php 第 109 行.
NOTIC: [2] Missing argument 3 for Admin\Controller\CommonController::getAjaxList(), called in D:\WWW\myworks\dhh\www\Application\Admin\Controller\PushController.class.php on line 23 and defined D:\WWW\myworks\dhh\www\Application\Admin\Controller\CommonController.class.php 第 109 行.
NOTIC: [2] Missing argument 4 for Admin\Controller\CommonController::getAjaxList(), called in D:\WWW\myworks\dhh\www\Application\Admin\Controller\PushController.class.php on line 23 and defined D:\WWW\myworks\dhh\www\Application\Admin\Controller\CommonController.class.php 第 109 行.
NOTIC: [8] Undefined index: filter D:\WWW\myworks\dhh\www\Application\Admin\Controller\CommonController.class.php 第 400 行.
NOTIC: [8] Undefined variable: where D:\WWW\myworks\dhh\www\Application\Admin\Controller\CommonController.class.php 第 111 行.
SQL: SHOW COLUMNS FROM `dhh_push` [ RunTime:0.006334s ]
SQL: SELECT COUNT(*) AS tp_count FROM `dhh_push` LIMIT 1   [ RunTime:0.007022s ]
NOTIC: [8] Undefined variable: fields D:\WWW\myworks\dhh\www\Application\Admin\Controller\CommonController.class.php 第 119 行.
NOTIC: [8] Undefined variable: order D:\WWW\myworks\dhh\www\Application\Admin\Controller\CommonController.class.php 第 120 行.
SQL: SELECT * FROM `dhh_push` LIMIT 0,30   [ RunTime:0.008449s ]

