[ 2016-04-26T10:17:57+08:00 ] ::1 /myworks/dhh/www/admin.php/Index/index
INFO: [ app_init ] --START--
INFO: Run Common\Behavior\InitHook [ RunTime:0.001320s ]
INFO: [ app_init ] --END-- [ RunTime:0.001365s ]
NOTIC: [8] Use of undefined constant ONETHINK_ADDON_PATH - assumed 'ONETHINK_ADDON_PATH' D:\WWW\myworks\dhh\www\Application\Common\Conf\config.php 第 16 行.
INFO: [ app_begin ] --START--
INFO: Run Behavior\ReadHtmlCache [ RunTime:0.000337s ]
INFO: [ app_begin ] --END-- [ RunTime:0.000384s ]
INFO: [ view_parse ] --START--
INFO: [ template_filter ] --START--
INFO: Run Behavior\ContentReplace [ RunTime:0.000047s ]
INFO: [ template_filter ] --END-- [ RunTime:0.000105s ]
INFO: Run Behavior\ParseTemplate [ RunTime:0.010666s ]
INFO: [ view_parse ] --END-- [ RunTime:0.010705s ]
INFO: [ view_filter ] --START--
INFO: Run Behavior\WriteHtmlCache [ RunTime:0.000218s ]
INFO: [ view_filter ] --END-- [ RunTime:0.000244s ]

[ 2016-04-26T10:17:59+08:00 ] ::1 /myworks/dhh/www/admin.php/Index/index
INFO: [ app_init ] --START--
INFO: Run Common\Behavior\InitHook [ RunTime:0.001706s ]
INFO: [ app_init ] --END-- [ RunTime:0.001777s ]
NOTIC: [8] Use of undefined constant ONETHINK_ADDON_PATH - assumed 'ONETHINK_ADDON_PATH' D:\WWW\myworks\dhh\www\Application\Common\Conf\config.php 第 16 行.
INFO: [ app_begin ] --START--
INFO: Run Behavior\ReadHtmlCache [ RunTime:0.000624s ]
INFO: [ app_begin ] --END-- [ RunTime:0.000725s ]
INFO: [ view_parse ] --START--
INFO: [ template_filter ] --START--
INFO: Run Behavior\ContentReplace [ RunTime:0.000057s ]
INFO: [ template_filter ] --END-- [ RunTime:0.000126s ]
INFO: Run Behavior\ParseTemplate [ RunTime:0.006255s ]
INFO: [ view_parse ] --END-- [ RunTime:0.006330s ]
INFO: [ view_filter ] --START--
INFO: Run Behavior\WriteHtmlCache [ RunTime:0.000228s ]
INFO: [ view_filter ] --END-- [ RunTime:0.000294s ]

[ 2016-04-26T10:18:02+08:00 ] ::1 /myworks/dhh/www/admin.php?s=/Public/index
INFO: [ app_init ] --START--
INFO: Run Common\Behavior\InitHook [ RunTime:0.002462s ]
INFO: [ app_init ] --END-- [ RunTime:0.002572s ]
NOTIC: [8] Use of undefined constant ONETHINK_ADDON_PATH - assumed 'ONETHINK_ADDON_PATH' D:\WWW\myworks\dhh\www\Application\Common\Conf\config.php 第 16 行.
INFO: [ app_begin ] --START--
INFO: Run Behavior\ReadHtmlCache [ RunTime:0.000797s ]
INFO: [ app_begin ] --END-- [ RunTime:0.000908s ]
INFO: [ view_parse ] --START--
INFO: [ template_filter ] --START--
INFO: Run Behavior\ContentReplace [ RunTime:0.000143s ]
INFO: [ template_filter ] --END-- [ RunTime:0.000285s ]
INFO: Run Behavior\ParseTemplate [ RunTime:0.010397s ]
INFO: [ view_parse ] --END-- [ RunTime:0.010463s ]
INFO: [ view_filter ] --START--
INFO: Run Behavior\WriteHtmlCache [ RunTime:0.000157s ]
INFO: [ view_filter ] --END-- [ RunTime:0.000190s ]
INFO: [ app_end ] --START--
INFO: Run Behavior\ShowPageTrace [ RunTime:0.000430s ]
INFO: [ app_end ] --END-- [ RunTime:0.000463s ]

[ 2016-04-26T10:18:02+08:00 ] ::1 /myworks/dhh/www/admin.php?s=/Public/verify
INFO: [ app_init ] --START--
INFO: Run Common\Behavior\InitHook [ RunTime:0.001126s ]
INFO: [ app_init ] --END-- [ RunTime:0.001175s ]
NOTIC: [8] Use of undefined constant ONETHINK_ADDON_PATH - assumed 'ONETHINK_ADDON_PATH' D:\WWW\myworks\dhh\www\Application\Common\Conf\config.php 第 16 行.
INFO: [ app_begin ] --START--
INFO: Run Behavior\ReadHtmlCache [ RunTime:0.000376s ]
INFO: [ app_begin ] --END-- [ RunTime:0.000433s ]
INFO: [ app_end ] --START--
INFO: Run Behavior\ShowPageTrace [ RunTime:0.000434s ]
INFO: [ app_end ] --END-- [ RunTime:0.000491s ]

