[ 2016-04-25T14:30:53+08:00 ] ::1 /myworks/dhh/www/admin.php/Index/index
INFO: [ app_init ] --START--
INFO: Run Common\Behavior\InitHook [ RunTime:0.001351s ]
INFO: [ app_init ] --END-- [ RunTime:0.001404s ]
NOTIC: [8] Use of undefined constant ONETHINK_ADDON_PATH - assumed 'ONETHINK_ADDON_PATH' D:\WWW\myworks\dhh\www\Application\Common\Conf\config.php 第 16 行.
INFO: [ app_begin ] --START--
INFO: Run Behavior\ReadHtmlCache [ RunTime:0.000410s ]
INFO: [ app_begin ] --END-- [ RunTime:0.000477s ]
INFO: [ view_parse ] --START--
INFO: [ template_filter ] --START--
INFO: Run Behavior\ContentReplace [ RunTime:0.000037s ]
INFO: [ template_filter ] --END-- [ RunTime:0.000085s ]
INFO: Run Behavior\ParseTemplate [ RunTime:0.038061s ]
INFO: [ view_parse ] --END-- [ RunTime:0.038118s ]
INFO: [ view_filter ] --START--
INFO: Run Behavior\WriteHtmlCache [ RunTime:0.000353s ]
INFO: [ view_filter ] --END-- [ RunTime:0.000384s ]

[ 2016-04-25T14:30:56+08:00 ] ::1 /myworks/dhh/www/admin.php?s=/Public/index
INFO: [ app_init ] --START--
INFO: Run Common\Behavior\InitHook [ RunTime:0.000990s ]
INFO: [ app_init ] --END-- [ RunTime:0.001034s ]
NOTIC: [8] Use of undefined constant ONETHINK_ADDON_PATH - assumed 'ONETHINK_ADDON_PATH' D:\WWW\myworks\dhh\www\Application\Common\Conf\config.php 第 16 行.
INFO: [ app_begin ] --START--
INFO: Run Behavior\ReadHtmlCache [ RunTime:0.000326s ]
INFO: [ app_begin ] --END-- [ RunTime:0.000372s ]
INFO: [ view_parse ] --START--
INFO: [ template_filter ] --START--
INFO: Run Behavior\ContentReplace [ RunTime:0.000052s ]
INFO: [ template_filter ] --END-- [ RunTime:0.000088s ]
INFO: Run Behavior\ParseTemplate [ RunTime:0.004411s ]
INFO: [ view_parse ] --END-- [ RunTime:0.004447s ]
INFO: [ view_filter ] --START--
INFO: Run Behavior\WriteHtmlCache [ RunTime:0.000116s ]
INFO: [ view_filter ] --END-- [ RunTime:0.000141s ]
INFO: [ app_end ] --START--
INFO: Run Behavior\ShowPageTrace [ RunTime:0.000525s ]
INFO: [ app_end ] --END-- [ RunTime:0.000554s ]

[ 2016-04-25T14:30:56+08:00 ] ::1 /myworks/dhh/www/admin.php?s=/Public/verify
INFO: [ app_init ] --START--
INFO: Run Common\Behavior\InitHook [ RunTime:0.001061s ]
INFO: [ app_init ] --END-- [ RunTime:0.001138s ]
NOTIC: [8] Use of undefined constant ONETHINK_ADDON_PATH - assumed 'ONETHINK_ADDON_PATH' D:\WWW\myworks\dhh\www\Application\Common\Conf\config.php 第 16 行.
INFO: [ app_begin ] --START--
INFO: Run Behavior\ReadHtmlCache [ RunTime:0.000463s ]
INFO: [ app_begin ] --END-- [ RunTime:0.000522s ]
INFO: [ app_end ] --START--
INFO: Run Behavior\ShowPageTrace [ RunTime:0.000395s ]
INFO: [ app_end ] --END-- [ RunTime:0.000449s ]

[ 2016-04-25T14:31:07+08:00 ] ::1 /myworks/dhh/www/admin.php?s=/Public/login
INFO: [ app_init ] --START--
INFO: Run Common\Behavior\InitHook [ RunTime:0.000939s ]
INFO: [ app_init ] --END-- [ RunTime:0.000979s ]
NOTIC: [8] Use of undefined constant ONETHINK_ADDON_PATH - assumed 'ONETHINK_ADDON_PATH' D:\WWW\myworks\dhh\www\Application\Common\Conf\config.php 第 16 行.
INFO: [ app_begin ] --START--
INFO: Run Behavior\ReadHtmlCache [ RunTime:0.000324s ]
INFO: [ app_begin ] --END-- [ RunTime:0.000375s ]
SQL: SHOW COLUMNS FROM `dhh_admin` [ RunTime:0.008096s ]
SQL: SELECT COUNT(*) AS tp_count FROM `dhh_admin` WHERE ( name='admin' ) LIMIT 1   [ RunTime:0.007646s ]
SQL: SELECT * FROM `dhh_admin` WHERE ( `name` = 'admin' ) LIMIT 1   [ RunTime:0.008209s ]
SQL: SELECT COUNT(*) AS tp_count FROM `dhh_admin` WHERE ( `name` = 'admin' ) AND ( `is_active` = 1 ) LIMIT 1   [ RunTime:0.007264s ]
SQL: UPDATE `dhh_admin` SET `login_count`=login_count+1,`last_login_at`=1461565867,`last_login_ip`='0.0.0.0' WHERE ( id=1 ) [ RunTime:0.008249s ]
NOTIC: [2] Missing argument 2 for Admin\Service\CommonService::resultReturn(), called in D:\WWW\myworks\dhh\www\Application\Admin\Service\AdminService.class.php on line 118 and defined D:\WWW\myworks\dhh\www\Application\Admin\Service\CommonService.class.php 第 59 行.
NOTIC: [8] Undefined variable: data D:\WWW\myworks\dhh\www\Application\Admin\Service\CommonService.class.php 第 61 行.

[ 2016-04-25T14:31:07+08:00 ] ::1 /myworks/dhh/www/admin.php?s=/Public/index
INFO: [ app_init ] --START--
INFO: Run Common\Behavior\InitHook [ RunTime:0.001053s ]
INFO: [ app_init ] --END-- [ RunTime:0.001098s ]
NOTIC: [8] Use of undefined constant ONETHINK_ADDON_PATH - assumed 'ONETHINK_ADDON_PATH' D:\WWW\myworks\dhh\www\Application\Common\Conf\config.php 第 16 行.
INFO: [ app_begin ] --START--
INFO: Run Behavior\ReadHtmlCache [ RunTime:0.000344s ]
INFO: [ app_begin ] --END-- [ RunTime:0.000391s ]
NOTIC: [2] Missing argument 2 for Admin\Service\CommonService::resultReturn(), called in D:\WWW\myworks\dhh\www\Application\Admin\Service\AdminService.class.php on line 166 and defined D:\WWW\myworks\dhh\www\Application\Admin\Service\CommonService.class.php 第 59 行.
NOTIC: [8] Undefined variable: data D:\WWW\myworks\dhh\www\Application\Admin\Service\CommonService.class.php 第 61 行.

[ 2016-04-25T14:31:07+08:00 ] ::1 /myworks/dhh/www/admin.php?s=/Index/index
INFO: [ app_init ] --START--
INFO: Run Common\Behavior\InitHook [ RunTime:0.001032s ]
INFO: [ app_init ] --END-- [ RunTime:0.001076s ]
NOTIC: [8] Use of undefined constant ONETHINK_ADDON_PATH - assumed 'ONETHINK_ADDON_PATH' D:\WWW\myworks\dhh\www\Application\Common\Conf\config.php 第 16 行.
INFO: [ app_begin ] --START--
INFO: Run Behavior\ReadHtmlCache [ RunTime:0.000338s ]
INFO: [ app_begin ] --END-- [ RunTime:0.000385s ]
NOTIC: [2] Missing argument 2 for Admin\Service\CommonService::resultReturn(), called in D:\WWW\myworks\dhh\www\Application\Admin\Service\AdminService.class.php on line 166 and defined D:\WWW\myworks\dhh\www\Application\Admin\Service\CommonService.class.php 第 59 行.
NOTIC: [8] Undefined variable: data D:\WWW\myworks\dhh\www\Application\Admin\Service\CommonService.class.php 第 61 行.
NOTIC: [8] Undefined index: _ACCESS_LIST D:\WWW\myworks\dhh\www\Application\Admin\Controller\CommonController.class.php 第 189 行.
SQL: select node.id,node.name from dhh_role as role,dhh_role_admin as user,dhh_access as access ,dhh_node as node where user.user_id='1' and user.role_id=role.id and ( access.role_id=role.id  or (access.role_id=role.pid and role.pid!=0 ) ) and role.status=1 and access.node_id=node.id and node.level=1 and node.status=1 [ RunTime:0.008508s ]
NOTIC: [8] Undefined index: ADMIN D:\WWW\myworks\dhh\www\Application\Admin\Controller\CommonController.class.php 第 235 行.
NOTIC: [8] Undefined index: ADMIN D:\WWW\myworks\dhh\www\Application\Admin\Controller\CommonController.class.php 第 235 行.
NOTIC: [8] Undefined index: ADMIN D:\WWW\myworks\dhh\www\Application\Admin\Controller\CommonController.class.php 第 235 行.
NOTIC: [8] Undefined index: ADMIN D:\WWW\myworks\dhh\www\Application\Admin\Controller\CommonController.class.php 第 252 行.
NOTIC: [2048] Only variables should be passed by reference D:\WWW\myworks\dhh\www\Application\Admin\Controller\CommonController.class.php 第 260 行.
NOTIC: [2048] Only variables should be passed by reference D:\WWW\myworks\dhh\www\Application\Admin\Controller\CommonController.class.php 第 260 行.
NOTIC: [2048] Only variables should be passed by reference D:\WWW\myworks\dhh\www\Application\Admin\Controller\CommonController.class.php 第 260 行.
INFO: [ view_parse ] --START--
INFO: [ template_filter ] --START--
INFO: Run Behavior\ContentReplace [ RunTime:0.000112s ]
INFO: [ template_filter ] --END-- [ RunTime:0.000150s ]
INFO: Run Behavior\ParseTemplate [ RunTime:0.007773s ]
INFO: [ view_parse ] --END-- [ RunTime:0.007826s ]
INFO: [ view_filter ] --START--
INFO: Run Behavior\WriteHtmlCache [ RunTime:0.000124s ]
INFO: [ view_filter ] --END-- [ RunTime:0.000155s ]
INFO: [ app_end ] --START--
INFO: Run Behavior\ShowPageTrace [ RunTime:0.000445s ]
INFO: [ app_end ] --END-- [ RunTime:0.000474s ]

[ 2016-04-25T14:31:07+08:00 ] ::1 /myworks/dhh/www/admin.php?s=/Index/webcome
INFO: [ app_init ] --START--
INFO: Run Common\Behavior\InitHook [ RunTime:0.001336s ]
INFO: [ app_init ] --END-- [ RunTime:0.001388s ]
NOTIC: [8] Use of undefined constant ONETHINK_ADDON_PATH - assumed 'ONETHINK_ADDON_PATH' D:\WWW\myworks\dhh\www\Application\Common\Conf\config.php 第 16 行.
INFO: [ app_begin ] --START--
INFO: Run Behavior\ReadHtmlCache [ RunTime:0.000359s ]
INFO: [ app_begin ] --END-- [ RunTime:0.000422s ]
NOTIC: [2] Missing argument 2 for Admin\Service\CommonService::resultReturn(), called in D:\WWW\myworks\dhh\www\Application\Admin\Service\AdminService.class.php on line 166 and defined D:\WWW\myworks\dhh\www\Application\Admin\Service\CommonService.class.php 第 59 行.
NOTIC: [8] Undefined variable: data D:\WWW\myworks\dhh\www\Application\Admin\Service\CommonService.class.php 第 61 行.
INFO: [ view_parse ] --START--
NOTIC: [2] file_get_contents(./Application/Admin/View/Common/header.html): failed to open stream: No such file or directory D:\WWW\myworks\dhh\www\ThinkPHP\Library\Think\Template.class.php 第 696 行.
NOTIC: [2] file_get_contents(./Application/Admin/View/Common/left.html): failed to open stream: No such file or directory D:\WWW\myworks\dhh\www\ThinkPHP\Library\Think\Template.class.php 第 696 行.
NOTIC: [2] file_get_contents(./Application/Admin/View/Common/footer.html): failed to open stream: No such file or directory D:\WWW\myworks\dhh\www\ThinkPHP\Library\Think\Template.class.php 第 696 行.
INFO: [ template_filter ] --START--
INFO: Run Behavior\ContentReplace [ RunTime:0.000049s ]
INFO: [ template_filter ] --END-- [ RunTime:0.000085s ]
INFO: Run Behavior\ParseTemplate [ RunTime:0.005338s ]
INFO: [ view_parse ] --END-- [ RunTime:0.005387s ]
INFO: [ view_filter ] --START--
INFO: Run Behavior\WriteHtmlCache [ RunTime:0.000126s ]
INFO: [ view_filter ] --END-- [ RunTime:0.000152s ]
INFO: [ app_end ] --START--
INFO: Run Behavior\ShowPageTrace [ RunTime:0.000314s ]
INFO: [ app_end ] --END-- [ RunTime:0.000343s ]

[ 2016-04-25T14:31:08+08:00 ] ::1 /myworks/dhh/www/admin.php?s=/Index/webcome
INFO: [ app_init ] --START--
INFO: Run Common\Behavior\InitHook [ RunTime:0.000969s ]
INFO: [ app_init ] --END-- [ RunTime:0.001012s ]
NOTIC: [8] Use of undefined constant ONETHINK_ADDON_PATH - assumed 'ONETHINK_ADDON_PATH' D:\WWW\myworks\dhh\www\Application\Common\Conf\config.php 第 16 行.
INFO: [ app_begin ] --START--
INFO: Run Behavior\ReadHtmlCache [ RunTime:0.000300s ]
INFO: [ app_begin ] --END-- [ RunTime:0.000345s ]
NOTIC: [2] Missing argument 2 for Admin\Service\CommonService::resultReturn(), called in D:\WWW\myworks\dhh\www\Application\Admin\Service\AdminService.class.php on line 166 and defined D:\WWW\myworks\dhh\www\Application\Admin\Service\CommonService.class.php 第 59 行.
NOTIC: [8] Undefined variable: data D:\WWW\myworks\dhh\www\Application\Admin\Service\CommonService.class.php 第 61 行.
INFO: [ view_parse ] --START--
NOTIC: [2] file_get_contents(./Application/Admin/View/Common/header.html): failed to open stream: No such file or directory D:\WWW\myworks\dhh\www\ThinkPHP\Library\Think\Template.class.php 第 696 行.
NOTIC: [2] file_get_contents(./Application/Admin/View/Common/left.html): failed to open stream: No such file or directory D:\WWW\myworks\dhh\www\ThinkPHP\Library\Think\Template.class.php 第 696 行.
NOTIC: [2] file_get_contents(./Application/Admin/View/Common/footer.html): failed to open stream: No such file or directory D:\WWW\myworks\dhh\www\ThinkPHP\Library\Think\Template.class.php 第 696 行.
INFO: [ template_filter ] --START--
INFO: Run Behavior\ContentReplace [ RunTime:0.000051s ]
INFO: [ template_filter ] --END-- [ RunTime:0.000093s ]
INFO: Run Behavior\ParseTemplate [ RunTime:0.006234s ]
INFO: [ view_parse ] --END-- [ RunTime:0.006318s ]
INFO: [ view_filter ] --START--
INFO: Run Behavior\WriteHtmlCache [ RunTime:0.000210s ]
INFO: [ view_filter ] --END-- [ RunTime:0.000241s ]
INFO: [ app_end ] --START--
INFO: Run Behavior\ShowPageTrace [ RunTime:0.000607s ]
INFO: [ app_end ] --END-- [ RunTime:0.000646s ]

[ 2016-04-25T14:31:09+08:00 ] ::1 /myworks/dhh/www/admin.php?s=/Index/webcome
INFO: [ app_init ] --START--
INFO: Run Common\Behavior\InitHook [ RunTime:0.001208s ]
INFO: [ app_init ] --END-- [ RunTime:0.001262s ]
NOTIC: [8] Use of undefined constant ONETHINK_ADDON_PATH - assumed 'ONETHINK_ADDON_PATH' D:\WWW\myworks\dhh\www\Application\Common\Conf\config.php 第 16 行.
INFO: [ app_begin ] --START--
INFO: Run Behavior\ReadHtmlCache [ RunTime:0.000386s ]
INFO: [ app_begin ] --END-- [ RunTime:0.000440s ]
NOTIC: [2] Missing argument 2 for Admin\Service\CommonService::resultReturn(), called in D:\WWW\myworks\dhh\www\Application\Admin\Service\AdminService.class.php on line 166 and defined D:\WWW\myworks\dhh\www\Application\Admin\Service\CommonService.class.php 第 59 行.
NOTIC: [8] Undefined variable: data D:\WWW\myworks\dhh\www\Application\Admin\Service\CommonService.class.php 第 61 行.
INFO: [ view_parse ] --START--
NOTIC: [2] file_get_contents(./Application/Admin/View/Common/header.html): failed to open stream: No such file or directory D:\WWW\myworks\dhh\www\ThinkPHP\Library\Think\Template.class.php 第 696 行.
NOTIC: [2] file_get_contents(./Application/Admin/View/Common/left.html): failed to open stream: No such file or directory D:\WWW\myworks\dhh\www\ThinkPHP\Library\Think\Template.class.php 第 696 行.
NOTIC: [2] file_get_contents(./Application/Admin/View/Common/footer.html): failed to open stream: No such file or directory D:\WWW\myworks\dhh\www\ThinkPHP\Library\Think\Template.class.php 第 696 行.
INFO: [ template_filter ] --START--
INFO: Run Behavior\ContentReplace [ RunTime:0.000058s ]
INFO: [ template_filter ] --END-- [ RunTime:0.000099s ]
INFO: Run Behavior\ParseTemplate [ RunTime:0.006005s ]
INFO: [ view_parse ] --END-- [ RunTime:0.006052s ]
INFO: [ view_filter ] --START--
INFO: Run Behavior\WriteHtmlCache [ RunTime:0.000164s ]
INFO: [ view_filter ] --END-- [ RunTime:0.000198s ]
INFO: [ app_end ] --START--
INFO: Run Behavior\ShowPageTrace [ RunTime:0.000403s ]
INFO: [ app_end ] --END-- [ RunTime:0.000442s ]

[ 2016-04-25T14:31:12+08:00 ] ::1 /myworks/dhh/www/admin.php?s=/Index/ajaxMenu
INFO: [ app_init ] --START--
INFO: Run Common\Behavior\InitHook [ RunTime:0.000991s ]
INFO: [ app_init ] --END-- [ RunTime:0.001032s ]
NOTIC: [8] Use of undefined constant ONETHINK_ADDON_PATH - assumed 'ONETHINK_ADDON_PATH' D:\WWW\myworks\dhh\www\Application\Common\Conf\config.php 第 16 行.
INFO: [ app_begin ] --START--
INFO: Run Behavior\ReadHtmlCache [ RunTime:0.000326s ]
INFO: [ app_begin ] --END-- [ RunTime:0.000370s ]
NOTIC: [2] Missing argument 2 for Admin\Service\CommonService::resultReturn(), called in D:\WWW\myworks\dhh\www\Application\Admin\Service\AdminService.class.php on line 166 and defined D:\WWW\myworks\dhh\www\Application\Admin\Service\CommonService.class.php 第 59 行.
NOTIC: [8] Undefined variable: data D:\WWW\myworks\dhh\www\Application\Admin\Service\CommonService.class.php 第 61 行.
NOTIC: [8] Undefined index: _ACCESS_LIST D:\WWW\myworks\dhh\www\Application\Admin\Controller\CommonController.class.php 第 189 行.
SQL: select node.id,node.name from dhh_role as role,dhh_role_admin as user,dhh_access as access ,dhh_node as node where user.user_id='1' and user.role_id=role.id and ( access.role_id=role.id  or (access.role_id=role.pid and role.pid!=0 ) ) and role.status=1 and access.node_id=node.id and node.level=1 and node.status=1 [ RunTime:0.008735s ]
NOTIC: [8] Undefined index: ADMIN D:\WWW\myworks\dhh\www\Application\Admin\Controller\CommonController.class.php 第 235 行.
NOTIC: [8] Undefined index: ADMIN D:\WWW\myworks\dhh\www\Application\Admin\Controller\CommonController.class.php 第 235 行.
NOTIC: [8] Undefined index: ADMIN D:\WWW\myworks\dhh\www\Application\Admin\Controller\CommonController.class.php 第 235 行.
NOTIC: [8] Undefined index: ADMIN D:\WWW\myworks\dhh\www\Application\Admin\Controller\CommonController.class.php 第 252 行.
NOTIC: [2048] Only variables should be passed by reference D:\WWW\myworks\dhh\www\Application\Admin\Controller\CommonController.class.php 第 260 行.
NOTIC: [2048] Only variables should be passed by reference D:\WWW\myworks\dhh\www\Application\Admin\Controller\CommonController.class.php 第 260 行.
NOTIC: [2048] Only variables should be passed by reference D:\WWW\myworks\dhh\www\Application\Admin\Controller\CommonController.class.php 第 260 行.
NOTIC: [2] Missing argument 3 for Admin\Controller\CommonController::resultReturn(), called in D:\WWW\myworks\dhh\www\Application\Admin\Controller\IndexController.class.php on line 179 and defined D:\WWW\myworks\dhh\www\Application\Admin\Controller\CommonController.class.php 第 336 行.

[ 2016-04-25T14:31:13+08:00 ] ::1 /myworks/dhh/www/admin.php?s=/Index/ajaxMenu
INFO: [ app_init ] --START--
INFO: Run Common\Behavior\InitHook [ RunTime:0.000981s ]
INFO: [ app_init ] --END-- [ RunTime:0.001024s ]
NOTIC: [8] Use of undefined constant ONETHINK_ADDON_PATH - assumed 'ONETHINK_ADDON_PATH' D:\WWW\myworks\dhh\www\Application\Common\Conf\config.php 第 16 行.
INFO: [ app_begin ] --START--
INFO: Run Behavior\ReadHtmlCache [ RunTime:0.000319s ]
INFO: [ app_begin ] --END-- [ RunTime:0.000362s ]
NOTIC: [2] Missing argument 2 for Admin\Service\CommonService::resultReturn(), called in D:\WWW\myworks\dhh\www\Application\Admin\Service\AdminService.class.php on line 166 and defined D:\WWW\myworks\dhh\www\Application\Admin\Service\CommonService.class.php 第 59 行.
NOTIC: [8] Undefined variable: data D:\WWW\myworks\dhh\www\Application\Admin\Service\CommonService.class.php 第 61 行.
NOTIC: [2] Missing argument 3 for Admin\Controller\CommonController::resultReturn(), called in D:\WWW\myworks\dhh\www\Application\Admin\Controller\IndexController.class.php on line 179 and defined D:\WWW\myworks\dhh\www\Application\Admin\Controller\CommonController.class.php 第 336 行.

[ 2016-04-25T14:31:15+08:00 ] ::1 /myworks/dhh/www/admin.php?s=/users/index
INFO: [ app_init ] --START--
INFO: Run Common\Behavior\InitHook [ RunTime:0.001189s ]
INFO: [ app_init ] --END-- [ RunTime:0.001250s ]
NOTIC: [8] Use of undefined constant ONETHINK_ADDON_PATH - assumed 'ONETHINK_ADDON_PATH' D:\WWW\myworks\dhh\www\Application\Common\Conf\config.php 第 16 行.
INFO: [ app_begin ] --START--
INFO: Run Behavior\ReadHtmlCache [ RunTime:0.000381s ]
INFO: [ app_begin ] --END-- [ RunTime:0.000447s ]
NOTIC: [2] Missing argument 2 for Admin\Service\CommonService::resultReturn(), called in D:\WWW\myworks\dhh\www\Application\Admin\Service\AdminService.class.php on line 166 and defined D:\WWW\myworks\dhh\www\Application\Admin\Service\CommonService.class.php 第 59 行.
NOTIC: [8] Undefined variable: data D:\WWW\myworks\dhh\www\Application\Admin\Service\CommonService.class.php 第 61 行.
INFO: [ view_parse ] --START--
INFO: [ template_filter ] --START--
INFO: Run Behavior\ContentReplace [ RunTime:0.000176s ]
INFO: [ template_filter ] --END-- [ RunTime:0.000226s ]
INFO: Run Behavior\ParseTemplate [ RunTime:0.018677s ]
INFO: [ view_parse ] --END-- [ RunTime:0.018722s ]
INFO: [ view_filter ] --START--
INFO: Run Behavior\WriteHtmlCache [ RunTime:0.000142s ]
INFO: [ view_filter ] --END-- [ RunTime:0.000172s ]
INFO: [ app_end ] --START--
INFO: Run Behavior\ShowPageTrace [ RunTime:0.000358s ]
INFO: [ app_end ] --END-- [ RunTime:0.000391s ]

[ 2016-04-25T14:31:15+08:00 ] ::1 /myworks/dhh/www/admin.php?s=/Users/index
INFO: [ app_init ] --START--
INFO: Run Common\Behavior\InitHook [ RunTime:0.001096s ]
INFO: [ app_init ] --END-- [ RunTime:0.001155s ]
NOTIC: [8] Use of undefined constant ONETHINK_ADDON_PATH - assumed 'ONETHINK_ADDON_PATH' D:\WWW\myworks\dhh\www\Application\Common\Conf\config.php 第 16 行.
INFO: [ app_begin ] --START--
INFO: Run Behavior\ReadHtmlCache [ RunTime:0.000407s ]
INFO: [ app_begin ] --END-- [ RunTime:0.000498s ]
NOTIC: [2] Missing argument 2 for Admin\Service\CommonService::resultReturn(), called in D:\WWW\myworks\dhh\www\Application\Admin\Service\AdminService.class.php on line 166 and defined D:\WWW\myworks\dhh\www\Application\Admin\Service\CommonService.class.php 第 59 行.
NOTIC: [8] Undefined variable: data D:\WWW\myworks\dhh\www\Application\Admin\Service\CommonService.class.php 第 61 行.
NOTIC: [2] Missing argument 2 for Admin\Controller\CommonController::getAjaxList(), called in D:\WWW\myworks\dhh\www\Application\Admin\Controller\UsersController.class.php on line 23 and defined D:\WWW\myworks\dhh\www\Application\Admin\Controller\CommonController.class.php 第 104 行.
NOTIC: [2] Missing argument 3 for Admin\Controller\CommonController::getAjaxList(), called in D:\WWW\myworks\dhh\www\Application\Admin\Controller\UsersController.class.php on line 23 and defined D:\WWW\myworks\dhh\www\Application\Admin\Controller\CommonController.class.php 第 104 行.
NOTIC: [2] Missing argument 4 for Admin\Controller\CommonController::getAjaxList(), called in D:\WWW\myworks\dhh\www\Application\Admin\Controller\UsersController.class.php on line 23 and defined D:\WWW\myworks\dhh\www\Application\Admin\Controller\CommonController.class.php 第 104 行.
NOTIC: [8] Undefined index: filter D:\WWW\myworks\dhh\www\Application\Admin\Controller\CommonController.class.php 第 394 行.
NOTIC: [8] Undefined variable: where D:\WWW\myworks\dhh\www\Application\Admin\Controller\CommonController.class.php 第 106 行.
SQL: SHOW COLUMNS FROM `dhh_users` [ RunTime:0.007700s ]
SQL: SELECT COUNT(*) AS tp_count FROM `dhh_users` LIMIT 1   [ RunTime:0.007118s ]
NOTIC: [8] Undefined variable: fields D:\WWW\myworks\dhh\www\Application\Admin\Controller\CommonController.class.php 第 114 行.
NOTIC: [8] Undefined variable: order D:\WWW\myworks\dhh\www\Application\Admin\Controller\CommonController.class.php 第 115 行.
SQL: SELECT * FROM `dhh_users` LIMIT 0,30   [ RunTime:0.008001s ]

[ 2016-04-25T14:31:24+08:00 ] ::1 /myworks/dhh/www/admin.php?s=/Users/index
INFO: [ app_init ] --START--
INFO: Run Common\Behavior\InitHook [ RunTime:0.001035s ]
INFO: [ app_init ] --END-- [ RunTime:0.001083s ]
NOTIC: [8] Use of undefined constant ONETHINK_ADDON_PATH - assumed 'ONETHINK_ADDON_PATH' D:\WWW\myworks\dhh\www\Application\Common\Conf\config.php 第 16 行.
INFO: [ app_begin ] --START--
INFO: Run Behavior\ReadHtmlCache [ RunTime:0.000334s ]
INFO: [ app_begin ] --END-- [ RunTime:0.000375s ]
NOTIC: [2] Missing argument 2 for Admin\Service\CommonService::resultReturn(), called in D:\WWW\myworks\dhh\www\Application\Admin\Service\AdminService.class.php on line 166 and defined D:\WWW\myworks\dhh\www\Application\Admin\Service\CommonService.class.php 第 59 行.
NOTIC: [8] Undefined variable: data D:\WWW\myworks\dhh\www\Application\Admin\Service\CommonService.class.php 第 61 行.
NOTIC: [2] Missing argument 2 for Admin\Controller\CommonController::getAjaxList(), called in D:\WWW\myworks\dhh\www\Application\Admin\Controller\UsersController.class.php on line 23 and defined D:\WWW\myworks\dhh\www\Application\Admin\Controller\CommonController.class.php 第 104 行.
NOTIC: [2] Missing argument 3 for Admin\Controller\CommonController::getAjaxList(), called in D:\WWW\myworks\dhh\www\Application\Admin\Controller\UsersController.class.php on line 23 and defined D:\WWW\myworks\dhh\www\Application\Admin\Controller\CommonController.class.php 第 104 行.
NOTIC: [2] Missing argument 4 for Admin\Controller\CommonController::getAjaxList(), called in D:\WWW\myworks\dhh\www\Application\Admin\Controller\UsersController.class.php on line 23 and defined D:\WWW\myworks\dhh\www\Application\Admin\Controller\CommonController.class.php 第 104 行.
NOTIC: [8] Undefined index: filter D:\WWW\myworks\dhh\www\Application\Admin\Controller\CommonController.class.php 第 394 行.
NOTIC: [8] Undefined variable: where D:\WWW\myworks\dhh\www\Application\Admin\Controller\CommonController.class.php 第 106 行.
SQL: SHOW COLUMNS FROM `dhh_users` [ RunTime:0.010037s ]
SQL: SELECT COUNT(*) AS tp_count FROM `dhh_users` LIMIT 1   [ RunTime:0.009166s ]
NOTIC: [8] Undefined variable: fields D:\WWW\myworks\dhh\www\Application\Admin\Controller\CommonController.class.php 第 114 行.
NOTIC: [8] Undefined variable: order D:\WWW\myworks\dhh\www\Application\Admin\Controller\CommonController.class.php 第 115 行.
SQL: SELECT * FROM `dhh_users` LIMIT 0,30   [ RunTime:0.010703s ]

[ 2016-04-25T14:31:37+08:00 ] ::1 /myworks/dhh/www/admin.php?s=/Users/delete
INFO: [ app_init ] --START--
INFO: Run Common\Behavior\InitHook [ RunTime:0.001109s ]
INFO: [ app_init ] --END-- [ RunTime:0.001162s ]
NOTIC: [8] Use of undefined constant ONETHINK_ADDON_PATH - assumed 'ONETHINK_ADDON_PATH' D:\WWW\myworks\dhh\www\Application\Common\Conf\config.php 第 16 行.
INFO: [ app_begin ] --START--
INFO: Run Behavior\ReadHtmlCache [ RunTime:0.000389s ]
INFO: [ app_begin ] --END-- [ RunTime:0.000446s ]
NOTIC: [2] Missing argument 2 for Admin\Service\CommonService::resultReturn(), called in D:\WWW\myworks\dhh\www\Application\Admin\Service\AdminService.class.php on line 166 and defined D:\WWW\myworks\dhh\www\Application\Admin\Service\CommonService.class.php 第 59 行.
NOTIC: [8] Undefined variable: data D:\WWW\myworks\dhh\www\Application\Admin\Service\CommonService.class.php 第 61 行.
SQL: SHOW COLUMNS FROM `dhh_users` [ RunTime:0.009009s ]
SQL: SELECT * FROM `dhh_users` WHERE ( `user_id` = 37 ) LIMIT 1   [ RunTime:0.008813s ]
SQL: DELETE FROM `dhh_users` WHERE ( `user_id` = 37 ) [ RunTime:0.008158s ]
SQL: SHOW COLUMNS FROM `dhh_message` [ RunTime:0.007676s ]
SQL: DELETE FROM `dhh_message` WHERE ( `user_id` = 37 ) [ RunTime:0.008135s ]
SQL: SHOW COLUMNS FROM `dhh_orders` [ RunTime:0.009522s ]
SQL: UPDATE `dhh_orders` SET `order_is_delete`=1 WHERE ( `user_id` = 37 ) [ RunTime:0.008235s ]
NOTIC: [2] Missing argument 2 for Admin\Service\CommonService::resultReturn(), called in D:\WWW\myworks\dhh\www\Application\Admin\Service\UsersService.class.php on line 117 and defined D:\WWW\myworks\dhh\www\Application\Admin\Service\CommonService.class.php 第 59 行.
NOTIC: [8] Undefined variable: data D:\WWW\myworks\dhh\www\Application\Admin\Service\CommonService.class.php 第 61 行.
NOTIC: [2] Missing argument 2 for Admin\Controller\CommonController::successReturn(), called in D:\WWW\myworks\dhh\www\Application\Admin\Controller\UsersController.class.php on line 131 and defined D:\WWW\myworks\dhh\www\Application\Admin\Controller\CommonController.class.php 第 315 行.
NOTIC: [8] Undefined variable: url D:\WWW\myworks\dhh\www\Application\Admin\Controller\CommonController.class.php 第 316 行.

[ 2016-04-25T14:31:39+08:00 ] ::1 /myworks/dhh/www/admin.php?s=/Users/index
INFO: [ app_init ] --START--
INFO: Run Common\Behavior\InitHook [ RunTime:0.001000s ]
INFO: [ app_init ] --END-- [ RunTime:0.001047s ]
NOTIC: [8] Use of undefined constant ONETHINK_ADDON_PATH - assumed 'ONETHINK_ADDON_PATH' D:\WWW\myworks\dhh\www\Application\Common\Conf\config.php 第 16 行.
INFO: [ app_begin ] --START--
INFO: Run Behavior\ReadHtmlCache [ RunTime:0.000323s ]
INFO: [ app_begin ] --END-- [ RunTime:0.000388s ]
NOTIC: [2] Missing argument 2 for Admin\Service\CommonService::resultReturn(), called in D:\WWW\myworks\dhh\www\Application\Admin\Service\AdminService.class.php on line 166 and defined D:\WWW\myworks\dhh\www\Application\Admin\Service\CommonService.class.php 第 59 行.
NOTIC: [8] Undefined variable: data D:\WWW\myworks\dhh\www\Application\Admin\Service\CommonService.class.php 第 61 行.
NOTIC: [2] Missing argument 2 for Admin\Controller\CommonController::getAjaxList(), called in D:\WWW\myworks\dhh\www\Application\Admin\Controller\UsersController.class.php on line 23 and defined D:\WWW\myworks\dhh\www\Application\Admin\Controller\CommonController.class.php 第 104 行.
NOTIC: [2] Missing argument 3 for Admin\Controller\CommonController::getAjaxList(), called in D:\WWW\myworks\dhh\www\Application\Admin\Controller\UsersController.class.php on line 23 and defined D:\WWW\myworks\dhh\www\Application\Admin\Controller\CommonController.class.php 第 104 行.
NOTIC: [2] Missing argument 4 for Admin\Controller\CommonController::getAjaxList(), called in D:\WWW\myworks\dhh\www\Application\Admin\Controller\UsersController.class.php on line 23 and defined D:\WWW\myworks\dhh\www\Application\Admin\Controller\CommonController.class.php 第 104 行.
NOTIC: [8] Undefined index: filter D:\WWW\myworks\dhh\www\Application\Admin\Controller\CommonController.class.php 第 394 行.
NOTIC: [8] Undefined variable: where D:\WWW\myworks\dhh\www\Application\Admin\Controller\CommonController.class.php 第 106 行.
SQL: SHOW COLUMNS FROM `dhh_users` [ RunTime:0.009297s ]
SQL: SELECT COUNT(*) AS tp_count FROM `dhh_users` LIMIT 1   [ RunTime:0.008645s ]
NOTIC: [8] Undefined variable: fields D:\WWW\myworks\dhh\www\Application\Admin\Controller\CommonController.class.php 第 114 行.
NOTIC: [8] Undefined variable: order D:\WWW\myworks\dhh\www\Application\Admin\Controller\CommonController.class.php 第 115 行.
SQL: SELECT * FROM `dhh_users` LIMIT 0,30   [ RunTime:0.010000s ]

[ 2016-04-25T14:32:16+08:00 ] ::1 /myworks/dhh/www/admin.php?s=/Users/index
INFO: [ app_init ] --START--
INFO: Run Common\Behavior\InitHook [ RunTime:0.001007s ]
INFO: [ app_init ] --END-- [ RunTime:0.001052s ]
NOTIC: [8] Use of undefined constant ONETHINK_ADDON_PATH - assumed 'ONETHINK_ADDON_PATH' D:\WWW\myworks\dhh\www\Application\Common\Conf\config.php 第 16 行.
INFO: [ app_begin ] --START--
INFO: Run Behavior\ReadHtmlCache [ RunTime:0.000319s ]
INFO: [ app_begin ] --END-- [ RunTime:0.000355s ]
NOTIC: [2] Missing argument 2 for Admin\Service\CommonService::resultReturn(), called in D:\WWW\myworks\dhh\www\Application\Admin\Service\AdminService.class.php on line 166 and defined D:\WWW\myworks\dhh\www\Application\Admin\Service\CommonService.class.php 第 59 行.
NOTIC: [8] Undefined variable: data D:\WWW\myworks\dhh\www\Application\Admin\Service\CommonService.class.php 第 61 行.
NOTIC: [2] Missing argument 2 for Admin\Controller\CommonController::getAjaxList(), called in D:\WWW\myworks\dhh\www\Application\Admin\Controller\UsersController.class.php on line 23 and defined D:\WWW\myworks\dhh\www\Application\Admin\Controller\CommonController.class.php 第 104 行.
NOTIC: [2] Missing argument 3 for Admin\Controller\CommonController::getAjaxList(), called in D:\WWW\myworks\dhh\www\Application\Admin\Controller\UsersController.class.php on line 23 and defined D:\WWW\myworks\dhh\www\Application\Admin\Controller\CommonController.class.php 第 104 行.
NOTIC: [2] Missing argument 4 for Admin\Controller\CommonController::getAjaxList(), called in D:\WWW\myworks\dhh\www\Application\Admin\Controller\UsersController.class.php on line 23 and defined D:\WWW\myworks\dhh\www\Application\Admin\Controller\CommonController.class.php 第 104 行.
NOTIC: [8] Undefined index: filter D:\WWW\myworks\dhh\www\Application\Admin\Controller\CommonController.class.php 第 394 行.
NOTIC: [8] Undefined variable: where D:\WWW\myworks\dhh\www\Application\Admin\Controller\CommonController.class.php 第 106 行.
SQL: SHOW COLUMNS FROM `dhh_users` [ RunTime:0.008742s ]
SQL: SELECT COUNT(*) AS tp_count FROM `dhh_users` LIMIT 1   [ RunTime:0.008032s ]
NOTIC: [8] Undefined variable: fields D:\WWW\myworks\dhh\www\Application\Admin\Controller\CommonController.class.php 第 114 行.
NOTIC: [8] Undefined variable: order D:\WWW\myworks\dhh\www\Application\Admin\Controller\CommonController.class.php 第 115 行.
SQL: SELECT * FROM `dhh_users` LIMIT 0,30   [ RunTime:0.011640s ]

[ 2016-04-25T14:32:17+08:00 ] ::1 /myworks/dhh/www/admin.php?s=/Users/index
INFO: [ app_init ] --START--
INFO: Run Common\Behavior\InitHook [ RunTime:0.001010s ]
INFO: [ app_init ] --END-- [ RunTime:0.001054s ]
NOTIC: [8] Use of undefined constant ONETHINK_ADDON_PATH - assumed 'ONETHINK_ADDON_PATH' D:\WWW\myworks\dhh\www\Application\Common\Conf\config.php 第 16 行.
INFO: [ app_begin ] --START--
INFO: Run Behavior\ReadHtmlCache [ RunTime:0.000320s ]
INFO: [ app_begin ] --END-- [ RunTime:0.000357s ]
NOTIC: [2] Missing argument 2 for Admin\Service\CommonService::resultReturn(), called in D:\WWW\myworks\dhh\www\Application\Admin\Service\AdminService.class.php on line 166 and defined D:\WWW\myworks\dhh\www\Application\Admin\Service\CommonService.class.php 第 59 行.
NOTIC: [8] Undefined variable: data D:\WWW\myworks\dhh\www\Application\Admin\Service\CommonService.class.php 第 61 行.
NOTIC: [2] Missing argument 2 for Admin\Controller\CommonController::getAjaxList(), called in D:\WWW\myworks\dhh\www\Application\Admin\Controller\UsersController.class.php on line 23 and defined D:\WWW\myworks\dhh\www\Application\Admin\Controller\CommonController.class.php 第 104 行.
NOTIC: [2] Missing argument 3 for Admin\Controller\CommonController::getAjaxList(), called in D:\WWW\myworks\dhh\www\Application\Admin\Controller\UsersController.class.php on line 23 and defined D:\WWW\myworks\dhh\www\Application\Admin\Controller\CommonController.class.php 第 104 行.
NOTIC: [2] Missing argument 4 for Admin\Controller\CommonController::getAjaxList(), called in D:\WWW\myworks\dhh\www\Application\Admin\Controller\UsersController.class.php on line 23 and defined D:\WWW\myworks\dhh\www\Application\Admin\Controller\CommonController.class.php 第 104 行.
NOTIC: [8] Undefined index: filter D:\WWW\myworks\dhh\www\Application\Admin\Controller\CommonController.class.php 第 394 行.
NOTIC: [8] Undefined variable: where D:\WWW\myworks\dhh\www\Application\Admin\Controller\CommonController.class.php 第 106 行.
SQL: SHOW COLUMNS FROM `dhh_users` [ RunTime:0.009527s ]
SQL: SELECT COUNT(*) AS tp_count FROM `dhh_users` LIMIT 1   [ RunTime:0.008788s ]
NOTIC: [8] Undefined variable: fields D:\WWW\myworks\dhh\www\Application\Admin\Controller\CommonController.class.php 第 114 行.
NOTIC: [8] Undefined variable: order D:\WWW\myworks\dhh\www\Application\Admin\Controller\CommonController.class.php 第 115 行.
SQL: SELECT * FROM `dhh_users` LIMIT 0,30   [ RunTime:0.009494s ]

[ 2016-04-25T14:32:20+08:00 ] ::1 /myworks/dhh/www/admin.php?s=/Users/delete
INFO: [ app_init ] --START--
INFO: Run Common\Behavior\InitHook [ RunTime:0.001099s ]
INFO: [ app_init ] --END-- [ RunTime:0.001168s ]
NOTIC: [8] Use of undefined constant ONETHINK_ADDON_PATH - assumed 'ONETHINK_ADDON_PATH' D:\WWW\myworks\dhh\www\Application\Common\Conf\config.php 第 16 行.
INFO: [ app_begin ] --START--
INFO: Run Behavior\ReadHtmlCache [ RunTime:0.000363s ]
INFO: [ app_begin ] --END-- [ RunTime:0.000414s ]
NOTIC: [2] Missing argument 2 for Admin\Service\CommonService::resultReturn(), called in D:\WWW\myworks\dhh\www\Application\Admin\Service\AdminService.class.php on line 166 and defined D:\WWW\myworks\dhh\www\Application\Admin\Service\CommonService.class.php 第 59 行.
NOTIC: [8] Undefined variable: data D:\WWW\myworks\dhh\www\Application\Admin\Service\CommonService.class.php 第 61 行.
SQL: SHOW COLUMNS FROM `dhh_users` [ RunTime:0.009091s ]
SQL: SELECT * FROM `dhh_users` WHERE ( `user_id` = 37 ) LIMIT 1   [ RunTime:0.009093s ]
SQL: DELETE FROM `dhh_users` WHERE ( `user_id` = 37 ) [ RunTime:0.008701s ]
SQL: SHOW COLUMNS FROM `dhh_message` [ RunTime:0.008888s ]
SQL: DELETE FROM `dhh_message` WHERE ( `user_id` = 37 ) [ RunTime:0.008372s ]
SQL: SHOW COLUMNS FROM `dhh_orders` [ RunTime:0.009556s ]
SQL: UPDATE `dhh_orders` SET `order_is_delete`=1 WHERE ( `user_id` = 37 ) [ RunTime:0.007602s ]
NOTIC: [2] Missing argument 2 for Admin\Service\CommonService::resultReturn(), called in D:\WWW\myworks\dhh\www\Application\Admin\Service\UsersService.class.php on line 117 and defined D:\WWW\myworks\dhh\www\Application\Admin\Service\CommonService.class.php 第 59 行.
NOTIC: [8] Undefined variable: data D:\WWW\myworks\dhh\www\Application\Admin\Service\CommonService.class.php 第 61 行.
NOTIC: [2] Missing argument 2 for Admin\Controller\CommonController::successReturn(), called in D:\WWW\myworks\dhh\www\Application\Admin\Controller\UsersController.class.php on line 131 and defined D:\WWW\myworks\dhh\www\Application\Admin\Controller\CommonController.class.php 第 315 行.
NOTIC: [8] Undefined variable: url D:\WWW\myworks\dhh\www\Application\Admin\Controller\CommonController.class.php 第 316 行.

[ 2016-04-25T14:32:21+08:00 ] ::1 /myworks/dhh/www/admin.php?s=/Users/index
INFO: [ app_init ] --START--
INFO: Run Common\Behavior\InitHook [ RunTime:0.001004s ]
INFO: [ app_init ] --END-- [ RunTime:0.001048s ]
NOTIC: [8] Use of undefined constant ONETHINK_ADDON_PATH - assumed 'ONETHINK_ADDON_PATH' D:\WWW\myworks\dhh\www\Application\Common\Conf\config.php 第 16 行.
INFO: [ app_begin ] --START--
INFO: Run Behavior\ReadHtmlCache [ RunTime:0.000331s ]
INFO: [ app_begin ] --END-- [ RunTime:0.000369s ]
NOTIC: [2] Missing argument 2 for Admin\Service\CommonService::resultReturn(), called in D:\WWW\myworks\dhh\www\Application\Admin\Service\AdminService.class.php on line 166 and defined D:\WWW\myworks\dhh\www\Application\Admin\Service\CommonService.class.php 第 59 行.
NOTIC: [8] Undefined variable: data D:\WWW\myworks\dhh\www\Application\Admin\Service\CommonService.class.php 第 61 行.
NOTIC: [2] Missing argument 2 for Admin\Controller\CommonController::getAjaxList(), called in D:\WWW\myworks\dhh\www\Application\Admin\Controller\UsersController.class.php on line 23 and defined D:\WWW\myworks\dhh\www\Application\Admin\Controller\CommonController.class.php 第 104 行.
NOTIC: [2] Missing argument 3 for Admin\Controller\CommonController::getAjaxList(), called in D:\WWW\myworks\dhh\www\Application\Admin\Controller\UsersController.class.php on line 23 and defined D:\WWW\myworks\dhh\www\Application\Admin\Controller\CommonController.class.php 第 104 行.
NOTIC: [2] Missing argument 4 for Admin\Controller\CommonController::getAjaxList(), called in D:\WWW\myworks\dhh\www\Application\Admin\Controller\UsersController.class.php on line 23 and defined D:\WWW\myworks\dhh\www\Application\Admin\Controller\CommonController.class.php 第 104 行.
NOTIC: [8] Undefined index: filter D:\WWW\myworks\dhh\www\Application\Admin\Controller\CommonController.class.php 第 394 行.
NOTIC: [8] Undefined variable: where D:\WWW\myworks\dhh\www\Application\Admin\Controller\CommonController.class.php 第 106 行.
SQL: SHOW COLUMNS FROM `dhh_users` [ RunTime:0.008874s ]
SQL: SELECT COUNT(*) AS tp_count FROM `dhh_users` LIMIT 1   [ RunTime:0.008186s ]
NOTIC: [8] Undefined variable: fields D:\WWW\myworks\dhh\www\Application\Admin\Controller\CommonController.class.php 第 114 行.
NOTIC: [8] Undefined variable: order D:\WWW\myworks\dhh\www\Application\Admin\Controller\CommonController.class.php 第 115 行.
SQL: SELECT * FROM `dhh_users` LIMIT 0,30   [ RunTime:0.009782s ]

[ 2016-04-25T14:35:08+08:00 ] ::1 /myworks/dhh/www/admin.php?s=/Index/index
INFO: [ app_init ] --START--
INFO: Run Common\Behavior\InitHook [ RunTime:0.001317s ]
INFO: [ app_init ] --END-- [ RunTime:0.001367s ]
NOTIC: [8] Use of undefined constant ONETHINK_ADDON_PATH - assumed 'ONETHINK_ADDON_PATH' D:\WWW\myworks\dhh\www\Application\Common\Conf\config.php 第 16 行.
INFO: [ app_begin ] --START--
INFO: Run Behavior\ReadHtmlCache [ RunTime:0.000395s ]
INFO: [ app_begin ] --END-- [ RunTime:0.000477s ]
NOTIC: [2] Missing argument 2 for Admin\Service\CommonService::resultReturn(), called in D:\WWW\myworks\dhh\www\Application\Admin\Service\AdminService.class.php on line 166 and defined D:\WWW\myworks\dhh\www\Application\Admin\Service\CommonService.class.php 第 59 行.
NOTIC: [8] Undefined variable: data D:\WWW\myworks\dhh\www\Application\Admin\Service\CommonService.class.php 第 61 行.
NOTIC: [8] Undefined index: _ACCESS_LIST D:\WWW\myworks\dhh\www\Application\Admin\Controller\CommonController.class.php 第 189 行.
SQL: select node.id,node.name from dhh_role as role,dhh_role_admin as user,dhh_access as access ,dhh_node as node where user.user_id='1' and user.role_id=role.id and ( access.role_id=role.id  or (access.role_id=role.pid and role.pid!=0 ) ) and role.status=1 and access.node_id=node.id and node.level=1 and node.status=1 [ RunTime:0.009774s ]
NOTIC: [8] Undefined index: ADMIN D:\WWW\myworks\dhh\www\Application\Admin\Controller\CommonController.class.php 第 235 行.
NOTIC: [8] Undefined index: ADMIN D:\WWW\myworks\dhh\www\Application\Admin\Controller\CommonController.class.php 第 235 行.
NOTIC: [8] Undefined index: ADMIN D:\WWW\myworks\dhh\www\Application\Admin\Controller\CommonController.class.php 第 235 行.
NOTIC: [8] Undefined index: ADMIN D:\WWW\myworks\dhh\www\Application\Admin\Controller\CommonController.class.php 第 252 行.
NOTIC: [2048] Only variables should be passed by reference D:\WWW\myworks\dhh\www\Application\Admin\Controller\CommonController.class.php 第 260 行.
NOTIC: [2048] Only variables should be passed by reference D:\WWW\myworks\dhh\www\Application\Admin\Controller\CommonController.class.php 第 260 行.
NOTIC: [2048] Only variables should be passed by reference D:\WWW\myworks\dhh\www\Application\Admin\Controller\CommonController.class.php 第 260 行.
INFO: [ view_parse ] --START--
INFO: [ template_filter ] --START--
INFO: Run Behavior\ContentReplace [ RunTime:0.000161s ]
INFO: [ template_filter ] --END-- [ RunTime:0.000216s ]
INFO: Run Behavior\ParseTemplate [ RunTime:0.031712s ]
INFO: [ view_parse ] --END-- [ RunTime:0.031781s ]
INFO: [ view_filter ] --START--
INFO: Run Behavior\WriteHtmlCache [ RunTime:0.000242s ]
INFO: [ view_filter ] --END-- [ RunTime:0.000279s ]
INFO: [ app_end ] --START--
INFO: Run Behavior\ShowPageTrace [ RunTime:0.000500s ]
INFO: [ app_end ] --END-- [ RunTime:0.000544s ]

[ 2016-04-25T14:35:08+08:00 ] ::1 /myworks/dhh/www/admin.php?s=/Index/webcome
INFO: [ app_init ] --START--
INFO: Run Common\Behavior\InitHook [ RunTime:0.001255s ]
INFO: [ app_init ] --END-- [ RunTime:0.001304s ]
NOTIC: [8] Use of undefined constant ONETHINK_ADDON_PATH - assumed 'ONETHINK_ADDON_PATH' D:\WWW\myworks\dhh\www\Application\Common\Conf\config.php 第 16 行.
INFO: [ app_begin ] --START--
INFO: Run Behavior\ReadHtmlCache [ RunTime:0.000326s ]
INFO: [ app_begin ] --END-- [ RunTime:0.000372s ]
NOTIC: [2] Missing argument 2 for Admin\Service\CommonService::resultReturn(), called in D:\WWW\myworks\dhh\www\Application\Admin\Service\AdminService.class.php on line 166 and defined D:\WWW\myworks\dhh\www\Application\Admin\Service\CommonService.class.php 第 59 行.
NOTIC: [8] Undefined variable: data D:\WWW\myworks\dhh\www\Application\Admin\Service\CommonService.class.php 第 61 行.
INFO: [ view_parse ] --START--
NOTIC: [2] file_get_contents(./Application/Admin/View/Common/header.html): failed to open stream: No such file or directory D:\WWW\myworks\dhh\www\ThinkPHP\Library\Think\Template.class.php 第 696 行.
NOTIC: [2] file_get_contents(./Application/Admin/View/Common/left.html): failed to open stream: No such file or directory D:\WWW\myworks\dhh\www\ThinkPHP\Library\Think\Template.class.php 第 696 行.
NOTIC: [2] file_get_contents(./Application/Admin/View/Common/footer.html): failed to open stream: No such file or directory D:\WWW\myworks\dhh\www\ThinkPHP\Library\Think\Template.class.php 第 696 行.
INFO: [ template_filter ] --START--
INFO: Run Behavior\ContentReplace [ RunTime:0.000072s ]
INFO: [ template_filter ] --END-- [ RunTime:0.000121s ]
INFO: Run Behavior\ParseTemplate [ RunTime:0.005603s ]
INFO: [ view_parse ] --END-- [ RunTime:0.005644s ]
INFO: [ view_filter ] --START--
INFO: Run Behavior\WriteHtmlCache [ RunTime:0.000147s ]
INFO: [ view_filter ] --END-- [ RunTime:0.000177s ]
INFO: [ app_end ] --START--
INFO: Run Behavior\ShowPageTrace [ RunTime:0.000372s ]
INFO: [ app_end ] --END-- [ RunTime:0.000404s ]

[ 2016-04-25T14:35:08+08:00 ] ::1 /myworks/dhh/www/admin.php?s=/Index/webcome
INFO: [ app_init ] --START--
INFO: Run Common\Behavior\InitHook [ RunTime:0.001294s ]
INFO: [ app_init ] --END-- [ RunTime:0.001346s ]
NOTIC: [8] Use of undefined constant ONETHINK_ADDON_PATH - assumed 'ONETHINK_ADDON_PATH' D:\WWW\myworks\dhh\www\Application\Common\Conf\config.php 第 16 行.
INFO: [ app_begin ] --START--
INFO: Run Behavior\ReadHtmlCache [ RunTime:0.000354s ]
INFO: [ app_begin ] --END-- [ RunTime:0.000403s ]
NOTIC: [2] Missing argument 2 for Admin\Service\CommonService::resultReturn(), called in D:\WWW\myworks\dhh\www\Application\Admin\Service\AdminService.class.php on line 166 and defined D:\WWW\myworks\dhh\www\Application\Admin\Service\CommonService.class.php 第 59 行.
NOTIC: [8] Undefined variable: data D:\WWW\myworks\dhh\www\Application\Admin\Service\CommonService.class.php 第 61 行.
INFO: [ view_parse ] --START--
NOTIC: [2] file_get_contents(./Application/Admin/View/Common/header.html): failed to open stream: No such file or directory D:\WWW\myworks\dhh\www\ThinkPHP\Library\Think\Template.class.php 第 696 行.
NOTIC: [2] file_get_contents(./Application/Admin/View/Common/left.html): failed to open stream: No such file or directory D:\WWW\myworks\dhh\www\ThinkPHP\Library\Think\Template.class.php 第 696 行.
NOTIC: [2] file_get_contents(./Application/Admin/View/Common/footer.html): failed to open stream: No such file or directory D:\WWW\myworks\dhh\www\ThinkPHP\Library\Think\Template.class.php 第 696 行.
INFO: [ template_filter ] --START--
INFO: Run Behavior\ContentReplace [ RunTime:0.000054s ]
INFO: [ template_filter ] --END-- [ RunTime:0.000103s ]
INFO: Run Behavior\ParseTemplate [ RunTime:0.005659s ]
INFO: [ view_parse ] --END-- [ RunTime:0.005731s ]
INFO: [ view_filter ] --START--
INFO: Run Behavior\WriteHtmlCache [ RunTime:0.000173s ]
INFO: [ view_filter ] --END-- [ RunTime:0.000206s ]
INFO: [ app_end ] --START--
INFO: Run Behavior\ShowPageTrace [ RunTime:0.000370s ]
INFO: [ app_end ] --END-- [ RunTime:0.000404s ]

[ 2016-04-25T14:35:08+08:00 ] ::1 /myworks/dhh/www/admin.php?s=/Index/ajaxMenu
INFO: [ app_init ] --START--
INFO: Run Common\Behavior\InitHook [ RunTime:0.002244s ]
INFO: [ app_init ] --END-- [ RunTime:0.002347s ]
NOTIC: [8] Use of undefined constant ONETHINK_ADDON_PATH - assumed 'ONETHINK_ADDON_PATH' D:\WWW\myworks\dhh\www\Application\Common\Conf\config.php 第 16 行.
INFO: [ app_begin ] --START--
INFO: Run Behavior\ReadHtmlCache [ RunTime:0.000466s ]
INFO: [ app_begin ] --END-- [ RunTime:0.000526s ]
NOTIC: [2] Missing argument 2 for Admin\Service\CommonService::resultReturn(), called in D:\WWW\myworks\dhh\www\Application\Admin\Service\AdminService.class.php on line 166 and defined D:\WWW\myworks\dhh\www\Application\Admin\Service\CommonService.class.php 第 59 行.
NOTIC: [8] Undefined variable: data D:\WWW\myworks\dhh\www\Application\Admin\Service\CommonService.class.php 第 61 行.
NOTIC: [2] Missing argument 3 for Admin\Controller\CommonController::resultReturn(), called in D:\WWW\myworks\dhh\www\Application\Admin\Controller\IndexController.class.php on line 179 and defined D:\WWW\myworks\dhh\www\Application\Admin\Controller\CommonController.class.php 第 336 行.

[ 2016-04-25T14:35:09+08:00 ] ::1 /myworks/dhh/www/admin.php?s=/Index/webcome
INFO: [ app_init ] --START--
INFO: Run Common\Behavior\InitHook [ RunTime:0.000926s ]
INFO: [ app_init ] --END-- [ RunTime:0.000979s ]
NOTIC: [8] Use of undefined constant ONETHINK_ADDON_PATH - assumed 'ONETHINK_ADDON_PATH' D:\WWW\myworks\dhh\www\Application\Common\Conf\config.php 第 16 行.
INFO: [ app_begin ] --START--
INFO: Run Behavior\ReadHtmlCache [ RunTime:0.000356s ]
INFO: [ app_begin ] --END-- [ RunTime:0.000401s ]
NOTIC: [2] Missing argument 2 for Admin\Service\CommonService::resultReturn(), called in D:\WWW\myworks\dhh\www\Application\Admin\Service\AdminService.class.php on line 166 and defined D:\WWW\myworks\dhh\www\Application\Admin\Service\CommonService.class.php 第 59 行.
NOTIC: [8] Undefined variable: data D:\WWW\myworks\dhh\www\Application\Admin\Service\CommonService.class.php 第 61 行.
INFO: [ view_parse ] --START--
NOTIC: [2] file_get_contents(./Application/Admin/View/Common/header.html): failed to open stream: No such file or directory D:\WWW\myworks\dhh\www\ThinkPHP\Library\Think\Template.class.php 第 696 行.
NOTIC: [2] file_get_contents(./Application/Admin/View/Common/left.html): failed to open stream: No such file or directory D:\WWW\myworks\dhh\www\ThinkPHP\Library\Think\Template.class.php 第 696 行.
NOTIC: [2] file_get_contents(./Application/Admin/View/Common/footer.html): failed to open stream: No such file or directory D:\WWW\myworks\dhh\www\ThinkPHP\Library\Think\Template.class.php 第 696 行.
INFO: [ template_filter ] --START--
INFO: Run Behavior\ContentReplace [ RunTime:0.000084s ]
INFO: [ template_filter ] --END-- [ RunTime:0.000138s ]
INFO: Run Behavior\ParseTemplate [ RunTime:0.005397s ]
INFO: [ view_parse ] --END-- [ RunTime:0.005448s ]
INFO: [ view_filter ] --START--
INFO: Run Behavior\WriteHtmlCache [ RunTime:0.000193s ]
INFO: [ view_filter ] --END-- [ RunTime:0.000224s ]
INFO: [ app_end ] --START--
INFO: Run Behavior\ShowPageTrace [ RunTime:0.000432s ]
INFO: [ app_end ] --END-- [ RunTime:0.000467s ]

[ 2016-04-25T14:35:09+08:00 ] ::1 /myworks/dhh/www/admin.php?s=/users/index
INFO: [ app_init ] --START--
INFO: Run Common\Behavior\InitHook [ RunTime:0.001347s ]
INFO: [ app_init ] --END-- [ RunTime:0.001403s ]
NOTIC: [8] Use of undefined constant ONETHINK_ADDON_PATH - assumed 'ONETHINK_ADDON_PATH' D:\WWW\myworks\dhh\www\Application\Common\Conf\config.php 第 16 行.
INFO: [ app_begin ] --START--
INFO: Run Behavior\ReadHtmlCache [ RunTime:0.000358s ]
INFO: [ app_begin ] --END-- [ RunTime:0.000415s ]
NOTIC: [2] Missing argument 2 for Admin\Service\CommonService::resultReturn(), called in D:\WWW\myworks\dhh\www\Application\Admin\Service\AdminService.class.php on line 166 and defined D:\WWW\myworks\dhh\www\Application\Admin\Service\CommonService.class.php 第 59 行.
NOTIC: [8] Undefined variable: data D:\WWW\myworks\dhh\www\Application\Admin\Service\CommonService.class.php 第 61 行.
INFO: [ view_parse ] --START--
INFO: [ template_filter ] --START--
INFO: Run Behavior\ContentReplace [ RunTime:0.000494s ]
INFO: [ template_filter ] --END-- [ RunTime:0.000580s ]
INFO: Run Behavior\ParseTemplate [ RunTime:0.015865s ]
INFO: [ view_parse ] --END-- [ RunTime:0.015913s ]
INFO: [ view_filter ] --START--
INFO: Run Behavior\WriteHtmlCache [ RunTime:0.000212s ]
INFO: [ view_filter ] --END-- [ RunTime:0.000245s ]
INFO: [ app_end ] --START--
INFO: Run Behavior\ShowPageTrace [ RunTime:0.000463s ]
INFO: [ app_end ] --END-- [ RunTime:0.000500s ]

[ 2016-04-25T14:35:09+08:00 ] ::1 /myworks/dhh/www/admin.php?s=/Users/index
INFO: [ app_init ] --START--
INFO: Run Common\Behavior\InitHook [ RunTime:0.001145s ]
INFO: [ app_init ] --END-- [ RunTime:0.001211s ]
NOTIC: [8] Use of undefined constant ONETHINK_ADDON_PATH - assumed 'ONETHINK_ADDON_PATH' D:\WWW\myworks\dhh\www\Application\Common\Conf\config.php 第 16 行.
INFO: [ app_begin ] --START--
INFO: Run Behavior\ReadHtmlCache [ RunTime:0.000342s ]
INFO: [ app_begin ] --END-- [ RunTime:0.000388s ]
NOTIC: [2] Missing argument 2 for Admin\Service\CommonService::resultReturn(), called in D:\WWW\myworks\dhh\www\Application\Admin\Service\AdminService.class.php on line 166 and defined D:\WWW\myworks\dhh\www\Application\Admin\Service\CommonService.class.php 第 59 行.
NOTIC: [8] Undefined variable: data D:\WWW\myworks\dhh\www\Application\Admin\Service\CommonService.class.php 第 61 行.
NOTIC: [2] Missing argument 2 for Admin\Controller\CommonController::getAjaxList(), called in D:\WWW\myworks\dhh\www\Application\Admin\Controller\UsersController.class.php on line 23 and defined D:\WWW\myworks\dhh\www\Application\Admin\Controller\CommonController.class.php 第 104 行.
NOTIC: [2] Missing argument 3 for Admin\Controller\CommonController::getAjaxList(), called in D:\WWW\myworks\dhh\www\Application\Admin\Controller\UsersController.class.php on line 23 and defined D:\WWW\myworks\dhh\www\Application\Admin\Controller\CommonController.class.php 第 104 行.
NOTIC: [2] Missing argument 4 for Admin\Controller\CommonController::getAjaxList(), called in D:\WWW\myworks\dhh\www\Application\Admin\Controller\UsersController.class.php on line 23 and defined D:\WWW\myworks\dhh\www\Application\Admin\Controller\CommonController.class.php 第 104 行.
NOTIC: [8] Undefined index: filter D:\WWW\myworks\dhh\www\Application\Admin\Controller\CommonController.class.php 第 394 行.
NOTIC: [8] Undefined variable: where D:\WWW\myworks\dhh\www\Application\Admin\Controller\CommonController.class.php 第 106 行.
SQL: SHOW COLUMNS FROM `dhh_users` [ RunTime:0.008068s ]
SQL: SELECT COUNT(*) AS tp_count FROM `dhh_users` LIMIT 1   [ RunTime:0.007804s ]
NOTIC: [8] Undefined variable: fields D:\WWW\myworks\dhh\www\Application\Admin\Controller\CommonController.class.php 第 114 行.
NOTIC: [8] Undefined variable: order D:\WWW\myworks\dhh\www\Application\Admin\Controller\CommonController.class.php 第 115 行.
SQL: SELECT * FROM `dhh_users` LIMIT 0,30   [ RunTime:0.008642s ]

