[ 2016-07-29T09:50:08+08:00 ] ::1 /jarvix/dhh/dhh/admin.php?s=/logistics/index
INFO: [ app_init ] --START--
INFO: Run Common\Behavior\InitHook [ RunTime:0.001354s ]
INFO: [ app_init ] --END-- [ RunTime:0.001402s ]
NOTIC: [8] Use of undefined constant ONETHINK_ADDON_PATH - assumed 'ONETHINK_ADDON_PATH' D:\WWW\jarvix\dhh\dhh\Application\Common\Conf\config.php 第 16 行.
INFO: [ app_begin ] --START--
INFO: Run Behavior\ReadHtmlCache [ RunTime:0.000515s ]
INFO: [ app_begin ] --END-- [ RunTime:0.000557s ]
NOTIC: [2] Missing argument 2 for Admin\Service\CommonService::resultReturn(), called in D:\WWW\jarvix\dhh\dhh\Application\Admin\Service\AdminService.class.php on line 166 and defined D:\WWW\jarvix\dhh\dhh\Application\Admin\Service\CommonService.class.php 第 61 行.
NOTIC: [8] Undefined variable: data D:\WWW\jarvix\dhh\dhh\Application\Admin\Service\CommonService.class.php 第 63 行.
NOTIC: [8] Undefined index: filter D:\WWW\jarvix\dhh\dhh\Application\Admin\Controller\LogisticsController.class.php 第 16 行.
INFO: [ view_parse ] --START--
INFO: [ template_filter ] --START--
INFO: Run Behavior\ContentReplace [ RunTime:0.000201s ]
INFO: [ template_filter ] --END-- [ RunTime:0.000246s ]
INFO: Run Behavior\ParseTemplate [ RunTime:0.016985s ]
INFO: [ view_parse ] --END-- [ RunTime:0.017026s ]
INFO: [ view_filter ] --START--
INFO: Run Behavior\WriteHtmlCache [ RunTime:0.000203s ]
INFO: [ view_filter ] --END-- [ RunTime:0.000230s ]
INFO: [ app_end ] --START--
INFO: Run Behavior\ShowPageTrace [ RunTime:0.000458s ]
INFO: [ app_end ] --END-- [ RunTime:0.000490s ]

[ 2016-07-29T09:50:08+08:00 ] ::1 /jarvix/dhh/dhh/admin.php?s=/Logistics/index
INFO: [ app_init ] --START--
INFO: Run Common\Behavior\InitHook [ RunTime:0.001267s ]
INFO: [ app_init ] --END-- [ RunTime:0.001319s ]
NOTIC: [8] Use of undefined constant ONETHINK_ADDON_PATH - assumed 'ONETHINK_ADDON_PATH' D:\WWW\jarvix\dhh\dhh\Application\Common\Conf\config.php 第 16 行.
INFO: [ app_begin ] --START--
INFO: Run Behavior\ReadHtmlCache [ RunTime:0.000320s ]
INFO: [ app_begin ] --END-- [ RunTime:0.000358s ]
NOTIC: [2] Missing argument 2 for Admin\Service\CommonService::resultReturn(), called in D:\WWW\jarvix\dhh\dhh\Application\Admin\Service\AdminService.class.php on line 166 and defined D:\WWW\jarvix\dhh\dhh\Application\Admin\Service\CommonService.class.php 第 61 行.
NOTIC: [8] Undefined variable: data D:\WWW\jarvix\dhh\dhh\Application\Admin\Service\CommonService.class.php 第 63 行.
NOTIC: [8] Undefined index: filter D:\WWW\jarvix\dhh\dhh\Application\Admin\Controller\LogisticsController.class.php 第 16 行.
NOTIC: [2] Missing argument 4 for Admin\Controller\CommonController::getAjaxList(), called in D:\WWW\jarvix\dhh\dhh\Application\Admin\Controller\LogisticsController.class.php on line 28 and defined D:\WWW\jarvix\dhh\dhh\Application\Admin\Controller\CommonController.class.php 第 109 行.
NOTIC: [8] Undefined index: filter D:\WWW\jarvix\dhh\dhh\Application\Admin\Controller\CommonController.class.php 第 400 行.
SQL: SHOW COLUMNS FROM `dhh_logistics` [ RunTime:0.013261s ]
SQL: SELECT COUNT(*) AS tp_count FROM `dhh_logistics` LIMIT 1   [ RunTime:0.001373s ]
NOTIC: [8] Undefined variable: fields D:\WWW\jarvix\dhh\dhh\Application\Admin\Controller\CommonController.class.php 第 119 行.
SQL: SELECT * FROM `dhh_logistics` ORDER BY logistics_id desc LIMIT 0,30   [ RunTime:0.002416s ]

