[ 2016-01-13T14:23:22+08:00 ] ::1 /myworks/dhh/www/index.php?s=/api/clientindex/index
ERR: 无法加载控制器:Clientindex

[ 2016-01-13T14:24:00+08:00 ] ::1 /myworks/dhh/www/index.php?s=/api/clientindex/index
ERR: 无法加载控制器:Clientindex

[ 2016-01-13T14:24:21+08:00 ] ::1 /myworks/dhh/www/index.php?s=/api/clientindex/index
ERR: 无法加载控制器:Clientindex

[ 2016-01-13T14:24:22+08:00 ] ::1 /myworks/dhh/www/index.php?s=/api/clientindex/index
ERR: 无法加载控制器:Clientindex

[ 2016-01-13T14:24:22+08:00 ] ::1 /myworks/dhh/www/index.php?s=/api/clientindex/index
ERR: 无法加载控制器:Clientindex

[ 2016-01-13T14:24:23+08:00 ] ::1 /myworks/dhh/www/index.php?s=/api/clientindex/index
ERR: 无法加载控制器:Clientindex

[ 2016-01-13T14:24:23+08:00 ] ::1 /myworks/dhh/www/index.php?s=/api/clientindex/index
ERR: 无法加载控制器:Clientindex

[ 2016-01-13T14:24:23+08:00 ] ::1 /myworks/dhh/www/index.php?s=/api/clientindex/index
ERR: 无法加载控制器:Clientindex

[ 2016-01-13T14:24:32+08:00 ] ::1 /myworks/dhh/www/index.php?s=/api/clientindex/index
ERR: 无法加载控制器:Clientindex

[ 2016-01-13T14:25:27+08:00 ] ::1 /myworks/dhh/www/index.php?s=/api/clientindex/index.html
ERR: 无法加载控制器:Clientindex

[ 2016-01-13T14:25:44+08:00 ] ::1 /myworks/dhh/www/index.php?s=/api/clientindex/index.html
ERR: 无法加载控制器:Clientindex

[ 2016-01-13T14:25:45+08:00 ] ::1 /myworks/dhh/www/index.php?s=/api/clientindex/index.html
ERR: 无法加载控制器:Clientindex

[ 2016-01-13T14:25:46+08:00 ] ::1 /myworks/dhh/www/index.php?s=/api/clientindex/index.html
ERR: 无法加载控制器:Clientindex

[ 2016-01-13T14:25:46+08:00 ] ::1 /myworks/dhh/www/index.php?s=/api/clientindex/index.html
ERR: 无法加载控制器:Clientindex

[ 2016-01-13T14:25:47+08:00 ] ::1 /myworks/dhh/www/index.php?s=/api/clientindex/index.html
ERR: 无法加载控制器:Clientindex

[ 2016-01-13T14:25:47+08:00 ] ::1 /myworks/dhh/www/index.php?s=/api/clientindex/index.html
ERR: 无法加载控制器:Clientindex

[ 2016-01-13T14:25:47+08:00 ] ::1 /myworks/dhh/www/index.php?s=/api/clientindex/index.html
ERR: 无法加载控制器:Clientindex

[ 2016-01-13T14:25:47+08:00 ] ::1 /myworks/dhh/www/index.php?s=/api/clientindex/index.html
ERR: 无法加载控制器:Clientindex

[ 2016-01-13T14:26:23+08:00 ] ::1 /myworks/dhh/www/index.php?s=/api/clientindex/index
ERR: 无法加载控制器:Clientindex

[ 2016-01-13T14:29:22+08:00 ] ::1 /myworks/dhh/www/index.php?s=/api/public/login.html
ERR: 无法加载控制器:Public

[ 2016-01-13T14:30:00+08:00 ] ::1 /myworks/dhh/www/index.php?s=/api/clientindex/index.html
ERR: 无法加载控制器:Clientindex

[ 2016-01-13T14:42:34+08:00 ] ::1 /myworks/dhh/www/index.php?s=/api/clientindex/index.html
ERR: 无法加载控制器:Clientindex

[ 2016-01-13T14:42:46+08:00 ] ::1 /myworks/dhh/www/index.php?s=/api/clientindex/index.html
ERR: 无法加载控制器:Clientindex

[ 2016-01-13T14:42:48+08:00 ] ::1 /myworks/dhh/www/index.php?s=/api/index/index.html
ERR: 无法加载控制器:Index

[ 2016-01-13T14:48:55+08:00 ] ::1 /myworks/dhh/www/index.php?s=/api/C_Index/index.html
ERR: 无法加载控制器:CIndex

[ 2016-01-13T14:49:45+08:00 ] ::1 /myworks/dhh/www/index.php?s=/api/clientindex/index.html
ERR: 无法加载控制器:Clientindex

[ 2016-01-13T14:49:50+08:00 ] ::1 /myworks/dhh/www/index.php?s=/api/clientIndex/index.html
ERR: 无法加载控制器:ClientIndex

[ 2016-01-13T16:26:52+08:00 ] ::1 /myworks/dhh/www/index.php?s=/api/indexclient/index.html
ERR: 表达式错误:region_type

