[ 2016-02-02T10:38:06+08:00 ] ::1 /myworks/dhh/www/index.php?s=/api/orderclient/finishOrder
ERR: Think\Model:relation方法不存在！

[ 2016-02-02T11:01:47+08:00 ] ::1 /myworks/dhh/www/index.php?s=/api/indexclient/wireShow
ERR: Think\Model:relation方法不存在！

[ 2016-02-02T11:03:02+08:00 ] ::1 /myworks/dhh/www/index.php?s=/api/indexclient/wireShow
ERR: Think\Model:relation方法不存在！

[ 2016-02-02T11:05:52+08:00 ] ::1 /myworks/dhh/www/index.php?s=/api/indexclient/wireShow
ERR: Think\Model:relation方法不存在！

[ 2016-02-02T11:06:04+08:00 ] ::1 /myworks/dhh/www/index.php?s=/api/Orderlogistics/uncerOrder
ERR: Think\Model:relation方法不存在！

[ 2016-02-02T11:07:51+08:00 ] ::1 /myworks/dhh/www/index.php?s=/api/Orderlogistics/uncerOrder
ERR: Think\Model:relation方法不存在！

[ 2016-02-02T11:08:48+08:00 ] ::1 /myworks/dhh/www/index.php?s=/api/Orderlogistics/uncerOrder
ERR: Think\Model:relation方法不存在！

[ 2016-02-02T11:09:29+08:00 ] ::1 /myworks/dhh/www/index.php?s=/api/Orderlogistics/uncerOrder
ERR: Think\Model:relation方法不存在！

[ 2016-02-02T11:10:51+08:00 ] ::1 /myworks/dhh/www/index.php?s=/api/Orderlogistics/uncerOrder
ERR: Think\Model:relation方法不存在！

[ 2016-02-02T11:13:11+08:00 ] ::1 /myworks/dhh/www/index.php?s=/api/Orderlogistics/uncerOrder
ERR: Think\Model:relation方法不存在！

[ 2016-02-02T11:15:05+08:00 ] ::1 /myworks/dhh/www/index.php?s=/api/Orderlogistics/uncerOrder
ERR: Think\Model:relation方法不存在！

[ 2016-02-02T11:16:14+08:00 ] ::1 /myworks/dhh/www/index.php?s=/api/Orderlogistics/uncerOrder
ERR: Think\Model:relation方法不存在！

[ 2016-02-02T11:16:22+08:00 ] ::1 /myworks/dhh/www/index.php?s=/api/Orderlogistics/uncerOrder
ERR: Think\Model:relation方法不存在！

[ 2016-02-02T11:16:45+08:00 ] ::1 /myworks/dhh/www/index.php?s=/api/Orderlogistics/uncerOrder
ERR: Think\Model:relation方法不存在！

[ 2016-02-02T11:17:50+08:00 ] ::1 /myworks/dhh/www/index.php?s=/api/Orderlogistics/uncerOrder
ERR: Think\Model:relation方法不存在！

[ 2016-02-02T11:19:41+08:00 ] ::1 /myworks/dhh/www/index.php?s=/api/Orderlogistics/uncerOrder
ERR: Think\Model:relation方法不存在！

[ 2016-02-02T11:21:24+08:00 ] ::1 /myworks/dhh/www/index.php?s=/api/Orderlogistics/uncerOrder
ERR: Think\Model:relation方法不存在！

[ 2016-02-02T11:25:28+08:00 ] ::1 /myworks/dhh/www/index.php?s=/api/Orderlogistics/uncerOrder
ERR: Think\Model:relation方法不存在！

[ 2016-02-02T11:26:02+08:00 ] ::1 /myworks/dhh/www/index.php?s=/api/Orderlogistics/uncerOrder
ERR: Think\Model:relation方法不存在！

[ 2016-02-02T11:29:06+08:00 ] ::1 /myworks/dhh/www/index.php?s=/api/Orderlogistics/uncerOrder
ERR: Think\Model:relation方法不存在！

[ 2016-02-02T11:29:12+08:00 ] ::1 /myworks/dhh/www/index.php?s=/api/Orderlogistics/uncerOrder
ERR: Think\Model:relation方法不存在！

[ 2016-02-02T11:29:16+08:00 ] ::1 /myworks/dhh/www/index.php?s=/api/Orderlogistics/uncerOrder
ERR: Think\Model:relation方法不存在！

[ 2016-02-02T11:29:21+08:00 ] ::1 /myworks/dhh/www/index.php?s=/api/Orderlogistics/uncerOrder
ERR: Think\Model:relation方法不存在！

[ 2016-02-02T11:29:26+08:00 ] ::1 /myworks/dhh/www/index.php?s=/api/Orderlogistics/uncerOrder
ERR: Think\Model:relation方法不存在！

[ 2016-02-02T11:29:33+08:00 ] ::1 /myworks/dhh/www/index.php?s=/api/Orderlogistics/uncerOrder
ERR: Think\Model:relation方法不存在！

[ 2016-02-02T11:29:37+08:00 ] ::1 /myworks/dhh/www/index.php?s=/api/Orderlogistics/uncerOrder
ERR: Think\Model:relation方法不存在！

[ 2016-02-02T11:29:44+08:00 ] ::1 /myworks/dhh/www/index.php?s=/api/Orderlogistics/uncerOrder
ERR: Think\Model:relation方法不存在！

[ 2016-02-02T11:29:48+08:00 ] ::1 /myworks/dhh/www/index.php?s=/api/Orderlogistics/uncerOrder
ERR: Think\Model:relation方法不存在！

[ 2016-02-02T11:29:54+08:00 ] ::1 /myworks/dhh/www/index.php?s=/api/Orderlogistics/uncerOrder
ERR: Think\Model:relation方法不存在！

[ 2016-02-02T11:30:00+08:00 ] ::1 /myworks/dhh/www/index.php?s=/api/Orderlogistics/uncerOrder
ERR: Think\Model:relation方法不存在！

[ 2016-02-02T11:30:05+08:00 ] ::1 /myworks/dhh/www/index.php?s=/api/Orderlogistics/uncerOrder
ERR: Think\Model:relation方法不存在！

[ 2016-02-02T11:30:10+08:00 ] ::1 /myworks/dhh/www/index.php?s=/api/Orderlogistics/uncerOrder
ERR: Think\Model:relation方法不存在！

[ 2016-02-02T11:30:18+08:00 ] ::1 /myworks/dhh/www/index.php?s=/api/Orderlogistics/uncerOrder
ERR: Think\Model:relation方法不存在！

[ 2016-02-02T11:30:23+08:00 ] ::1 /myworks/dhh/www/index.php?s=/api/Orderlogistics/uncerOrder
ERR: Think\Model:relation方法不存在！

[ 2016-02-02T11:30:28+08:00 ] ::1 /myworks/dhh/www/index.php?s=/api/Orderlogistics/uncerOrder
ERR: Think\Model:relation方法不存在！

[ 2016-02-02T11:30:32+08:00 ] ::1 /myworks/dhh/www/index.php?s=/api/Orderlogistics/uncerOrder
ERR: Think\Model:relation方法不存在！

[ 2016-02-02T11:30:35+08:00 ] ::1 /myworks/dhh/www/index.php?s=/api/Orderlogistics/uncerOrder
ERR: Think\Model:relation方法不存在！

[ 2016-02-02T11:30:43+08:00 ] ::1 /myworks/dhh/www/index.php?s=/api/Orderlogistics/uncerOrder
ERR: Think\Model:relation方法不存在！

[ 2016-02-02T11:30:47+08:00 ] ::1 /myworks/dhh/www/index.php?s=/api/Orderlogistics/uncerOrder
ERR: Think\Model:relation方法不存在！

[ 2016-02-02T11:30:50+08:00 ] ::1 /myworks/dhh/www/index.php?s=/api/Orderlogistics/uncerOrder
ERR: Think\Model:relation方法不存在！

[ 2016-02-02T14:37:13+08:00 ] ::1 /myworks/dhh/www/index.php?s=/api/orderclient/acceptOrder
ERR: Think\Model:relation方法不存在！

[ 2016-02-02T14:39:36+08:00 ] ::1 /myworks/dhh/www/index.php?s=/api/orderclient/acceptOrder
ERR: Think\Model:relation方法不存在！

[ 2016-02-02T15:34:20+08:00 ] ::1 /myworks/dhh/www/index.php?s=/api/Web/trackGoods
ERR: 无法加载控制器:Web

[ 2016-02-02T15:34:40+08:00 ] ::1 /myworks/dhh/www/index.php?s=/api/Web/trackGoods
ERR: 无法加载控制器:Web

[ 2016-02-02T15:44:59+08:00 ] ::1 /myworks/dhh/www/index.php?s=/api/Webclient/trackGoods
ERR: 无法加载控制器:Webclient

[ 2016-02-02T17:25:46+08:00 ] ::1 /myworks/dhh/www/index.php/home/order/trackLogi/id/8
ERR: 模板不存在:./Application/Home/View/Order/dhh_goods_track_logi.html.html

[ 2016-02-02T17:26:22+08:00 ] ::1 /myworks/dhh/www/index.php/home/order/trackLogi/id/8
ERR: 模板不存在:./Application/Home/View/Order/dhh_goods_tracj_logi.html

[ 2016-02-02T17:26:38+08:00 ] ::1 /myworks/dhh/www/index.php/home/order/trackLogi/id/8
ERR: 模板不存在:./Application/Home/View/Order/dhh_goods_tracj_logi.html

[ 2016-02-02T17:26:51+08:00 ] ::1 /myworks/dhh/www/
ERR: 无法加载控制器:Index

[ 2016-02-02T17:27:30+08:00 ] ::1 /myworks/dhh/www/index.php?s=/home/order/trackLogi/id/8.html
ERR: 模板不存在:./Application/Home/View/Order/dhh_goods_tracj_logi.html

[ 2016-02-02T17:27:33+08:00 ] ::1 /myworks/dhh/www/index.php?s=/home/order/trackLogi/id/8.html
ERR: 模板不存在:./Application/Home/View/Order/dhh_goods_tracj_logi.html

