[ 2016-02-18T09:39:39+08:00 ] ::1 /myworks/dhh/www/
ERR: 无法加载控制器:Index

[ 2016-02-18T10:25:48+08:00 ] ::1 /myworks/dhh/www/index.php?s=/api/orderclient/finishOrder
ERR: Think\Model:relation方法不存在！

[ 2016-02-18T10:25:51+08:00 ] ::1 /myworks/dhh/www/index.php?s=/api/orderclient/affirmOrder
ERR: Think\Model:relation方法不存在！

[ 2016-02-18T10:33:48+08:00 ] ::1 /myworks/dhh/www/index.php?s=/api/orderclient/affirmOrder
ERR: Think\Model:relation方法不存在！

[ 2016-02-18T10:34:14+08:00 ] ::1 /myworks/dhh/www/index.php?s=/api/orderclient/affirmOrder
ERR: Think\Model:relation方法不存在！

[ 2016-02-18T10:35:43+08:00 ] ::1 /myworks/dhh/www/index.php?s=/api/orderclient/affirmOrder
ERR: Think\Model:relation方法不存在！

[ 2016-02-18T10:37:06+08:00 ] ::1 /myworks/dhh/www/index.php?s=/api/orderclient/affirmOrder
ERR: Think\Model:relation方法不存在！

[ 2016-02-18T10:38:24+08:00 ] ::1 /myworks/dhh/www/index.php?s=/api/orderclient/affirmOrder
ERR: Think\Model:relation方法不存在！

[ 2016-02-18T10:38:40+08:00 ] ::1 /myworks/dhh/www/index.php?s=/api/orderclient/affirmOrder
ERR: Think\Model:relation方法不存在！

[ 2016-02-18T15:05:31+08:00 ] ::1 /myworks/dhh/www/home
ERR: 无法加载控制器:Index

